INFO 2019-09-15 01:18:07 – {"DATE_LOGS":"15/09/2019 01:18:07","INFO_LOGS":"***** SERVER START *****"}
INFO 2019-09-15 01:18:40 – {"DATE_LOGS":"15/09/2019 01:18:40","INFO_LOGS":"***** SERVER START *****"}
INFO 2019-09-15 01:20:40 – {"DATE_LOGS":"15/09/2019 01:20:37","INFO_LOGS":"DELETE FROM account_db.dbo.tbl_account WHERE accountid=@accountid"}
INFO 2019-09-15 02:04:02 – {"DATE_LOGS":"15/09/2019 02:03:58","INFO_LOGS":"LoginWithToken: 4c8909fb8dd64b16661f819d2c8760f1,IP ::1"}
INFO 2019-09-15 02:13:18 – {"DATE_LOGS":"15/09/2019 02:13:18","INFO_LOGS":"***** SERVER START *****"}
INFO 2019-09-15 02:13:28 – {"DATE_LOGS":"15/09/2019 02:13:26","INFO_LOGS":"LoginWithToken: 4c8909fb8dd64b16661f819d2c8760f1,IP ::1"}
INFO 2019-09-15 02:42:16 – {"DATE_LOGS":"15/09/2019 02:42:16","INFO_LOGS":"***** SERVER START *****"}
INFO 2019-09-15 02:42:36 – {"DATE_LOGS":"15/09/2019 02:42:27","INFO_LOGS":"LoginWithToken: 4c8909fb8dd64b16661f819d2c8760f1,IP ::1"}
INFO 2019-09-15 03:05:47 – {"DATE_LOGS":"15/09/2019 03:05:47","INFO_LOGS":"***** SERVER START *****"}
INFO 2019-09-15 03:05:57 – {"DATE_LOGS":"15/09/2019 03:05:54","INFO_LOGS":"LoginWithToken: 4c8909fb8dd64b16661f819d2c8760f1,IP ::1"}
INFO 2019-09-15 10:53:56 – {"DATE_LOGS":"15/09/2019 10:53:56","INFO_LOGS":"***** SERVER START *****"}
INFO 2019-09-15 10:54:06 – {"DATE_LOGS":"15/09/2019 10:54:04","INFO_LOGS":"LoginWithToken: 4c8909fb8dd64b16661f819d2c8760f1,IP ::1"}
INFO 2019-09-15 11:22:47 – {"DATE_LOGS":"15/09/2019 11:22:45","INFO_LOGS":"LoginWithToken: e5874fc2f78c619884d1745160d7bd72,IP ::1"}
INFO 2019-09-15 11:41:57 – {"DATE_LOGS":"15/09/2019 11:41:57","INFO_LOGS":"***** SERVER START *****"}
INFO 2019-09-15 11:51:31 – {"DATE_LOGS":"15/09/2019 11:51:31","INFO_LOGS":"***** SERVER START *****"}
INFO 2019-09-15 11:52:37 – {"DATE_LOGS":"15/09/2019 11:52:37","INFO_LOGS":"***** SERVER START *****"}
INFO 2019-09-15 11:53:07 – {"DATE_LOGS":"15/09/2019 11:53:06","INFO_LOGS":"***** SERVER START *****"}
INFO 2019-09-15 11:53:17 – {"DATE_LOGS":"15/09/2019 11:53:07","INFO_LOGS":"LoginWithToken: 9d334af9e88e6c54c52c10427f277a8a,IP 127.0.0.1"}
INFO 2019-09-15 11:53:55 – {"DATE_LOGS":"15/09/2019 11:53:55","INFO_LOGS":"***** SERVER START *****"}
INFO 2019-09-15 12:28:02 – {"DATE_LOGS":"15/09/2019 12:28:01","INFO_LOGS":"***** SERVER START *****"}
INFO 2019-09-15 12:29:46 – {"DATE_LOGS":"15/09/2019 12:29:46","INFO_LOGS":"***** SERVER START *****"}
INFO 2019-09-15 12:36:01 – {"DATE_LOGS":"15/09/2019 12:36:00","INFO_LOGS":"***** SERVER START *****"}
INFO 2019-09-15 12:36:44 – {"DATE_LOGS":"15/09/2019 12:36:43","INFO_LOGS":"Send SMS Message: http://rest.esms.vn/MainService.svc/json/SendMultipleMessage_V4_get?Phone=0962474560&Content=Ma OTP xac thuc reset mat khau la 7aeda827-b, hieu luc 3 phut&ApiKey=3F11E064600D5C3E073FA1B033831B&SecretKey=C8F2CCDA4C9B32CAC4E3EFDD1C08B8&SmsType=2&brandname=Svoucher"}
INFO 2019-09-15 12:39:52 – {"DATE_LOGS":"15/09/2019 12:39:52","INFO_LOGS":"***** SERVER START *****"}
INFO 2019-09-15 12:41:57 – {"DATE_LOGS":"15/09/2019 12:41:34","INFO_LOGS":"Send SMS Message: http://rest.esms.vn/MainService.svc/json/SendMultipleMessage_V4_get?Phone=0962474560&Content=Ma OTP xac thuc reset mat khau la 54fcea4b-7, hieu luc 3 phut&ApiKey=3F11E064600D5C3E073FA1B033831B&SecretKey=C8F2CCDA4C9B32CAC4E3EFDD1C08B8&SmsType=2&brandname=Svoucher"}
INFO 2019-09-15 12:42:28 – {"DATE_LOGS":"15/09/2019 12:41:57","INFO_LOGS":"Send SMS Message: http://rest.esms.vn/MainService.svc/json/SendMultipleMessage_V4_get?Phone=0962474560&Content=Ma OTP xac thuc reset mat khau la 54fcea4b-7, hieu luc 3 phut&ApiKey=3F11E064600D5C3E073FA1B033831B&SecretKey=C8F2CCDA4C9B32CAC4E3EFDD1C08B8&SmsType=2&brandname=Svoucher"}
INFO 2019-09-15 12:48:01 – {"DATE_LOGS":"15/09/2019 12:48:01","INFO_LOGS":"***** SERVER START *****"}
INFO 2019-09-15 12:48:51 – {"DATE_LOGS":"15/09/2019 12:48:49","INFO_LOGS":"Send SMS Message: http://rest.esms.vn/MainService.svc/json/SendMultipleMessage_V4_get?Phone=0962474560&Content=Ma OTP xac thuc reset mat khau la 14514a25-e, hieu luc 3 phut&ApiKey=3F11E064600D5C3E073FA1B033831B&SecretKey=C8F2CCDA4C9B32CAC4E3EFDD1C08B8&SmsType=2&brandname=Svoucher"}
INFO 2019-09-15 12:49:00 – {"DATE_LOGS":"15/09/2019 12:49:00","INFO_LOGS":"***** SERVER START *****"}
INFO 2019-09-15 12:49:21 – {"DATE_LOGS":"15/09/2019 12:49:19","INFO_LOGS":"Send SMS Message: http://rest.esms.vn/MainService.svc/json/SendMultipleMessage_V4_get?Phone=0962474560&Content=Ma OTP xac thuc reset mat khau la ba4ddc09-7, hieu luc 3 phut&ApiKey=3F11E064600D5C3E073FA1B033831B&SecretKey=C8F2CCDA4C9B32CAC4E3EFDD1C08B8&SmsType=2&brandname=Svoucher"}
INFO 2019-09-15 12:51:29 – {"DATE_LOGS":"15/09/2019 12:51:28","INFO_LOGS":"***** SERVER START *****"}
INFO 2019-09-15 12:52:21 – {"DATE_LOGS":"15/09/2019 12:52:15","INFO_LOGS":"Send SMS Message: http://rest.esms.vn/MainService.svc/json/SendMultipleMessage_V4_get?Phone=0962474560&Content=Ma OTP xac thuc reset mat khau la 7f3f2311-4, hieu luc 3 phut&ApiKey=3F11E064600D5C3E073FA1B033831B&SecretKey=C8F2CCDA4C9B32CAC4E3EFDD1C08B8&SmsType=2&brandname=Svoucher"}
INFO 2019-09-15 12:54:53 – {"DATE_LOGS":"15/09/2019 12:54:53","INFO_LOGS":"***** SERVER START *****"}
INFO 2019-09-15 12:56:30 – {"DATE_LOGS":"15/09/2019 12:56:30","INFO_LOGS":"***** SERVER START *****"}
INFO 2019-09-15 12:57:10 – {"DATE_LOGS":"15/09/2019 12:57:02","INFO_LOGS":"Send SMS Message: http://rest.esms.vn/MainService.svc/json/SendMultipleMessage_V4_get?Phone=0962474560&Content=Ma OTP xac thuc reset mat khau la 73489A37, hieu luc 3 phut&ApiKey=3F11E064600D5C3E073FA1B033831B&SecretKey=C8F2CCDA4C9B32CAC4E3EFDD1C08B8&SmsType=2&brandname=Svoucher"}
INFO 2019-09-15 12:57:29 – {"DATE_LOGS":"15/09/2019 12:57:29","INFO_LOGS":"***** SERVER START *****"}
INFO 2019-09-15 12:57:49 – {"DATE_LOGS":"15/09/2019 12:57:39","INFO_LOGS":"Send SMS Message: http://rest.esms.vn/MainService.svc/json/SendMultipleMessage_V4_get?Phone=0962474560&Content=Ma OTP xac thuc reset mat khau la B3335571, hieu luc 3 phut&ApiKey=3F11E064600D5C3E073FA1B033831B&SecretKey=C8F2CCDA4C9B32CAC4E3EFDD1C08B8&SmsType=2&brandname=Svoucher"}
INFO 2019-09-15 12:58:05 – {"DATE_LOGS":"15/09/2019 12:58:05","INFO_LOGS":"***** SERVER START *****"}
INFO 2019-09-15 12:58:47 – {"DATE_LOGS":"15/09/2019 12:58:40","INFO_LOGS":"Send SMS Message: http://rest.esms.vn/MainService.svc/json/SendMultipleMessage_V4_get?Phone=0962474560&Content=Ma OTP xac thuc reset mat khau la 34BC3EF0, hieu luc 3 phut&ApiKey=3F11E064600D5C3E073FA1B033831B&SecretKey=C8F2CCDA4C9B32CAC4E3EFDD1C08B8&SmsType=2&brandname=Svoucher"}
INFO 2019-09-15 01:02:15 – {"DATE_LOGS":"15/09/2019 01:02:15","INFO_LOGS":"***** SERVER START *****"}
INFO 2019-09-15 01:02:49 – {"DATE_LOGS":"15/09/2019 01:02:40","INFO_LOGS":"Send SMS Message: http://rest.esms.vn/MainService.svc/json/SendMultipleMessage_V4_get?Phone=0962474560&Content=Ma OTP xac thuc reset mat khau la E8263F01, hieu luc 3 phut&ApiKey=3F11E064600D5C3E073FA1B033831B&SecretKey=C8F2CCDA4C9B32CAC4E3EFDD1C08B8&SmsType=2&brandname=Svoucher"}
INFO 2019-09-15 01:08:46 – {"DATE_LOGS":"15/09/2019 01:08:46","INFO_LOGS":"***** SERVER START *****"}
INFO 2019-09-15 01:09:16 – {"DATE_LOGS":"15/09/2019 01:09:08","INFO_LOGS":"Send SMS Message: http://rest.esms.vn/MainService.svc/json/SendMultipleMessage_V4_get?Phone=0962474560&Content=Ma OTP xac thuc reset mat khau la 43C18B51, hieu luc 3 phut&ApiKey=3F11E064600D5C3E073FA1B033831B&SecretKey=C8F2CCDA4C9B32CAC4E3EFDD1C08B8&SmsType=2&brandname=Svoucher"}
INFO 2019-09-15 01:10:31 – {"DATE_LOGS":"15/09/2019 01:10:31","INFO_LOGS":"***** SERVER START *****"}
INFO 2019-09-15 01:12:01 – {"DATE_LOGS":"15/09/2019 01:11:51","INFO_LOGS":"Send SMS Message: http://rest.esms.vn/MainService.svc/json/SendMultipleMessage_V4_get?Phone=0962474560&Content=BA57DF64 la mat khau moi cua Ban.&ApiKey=3F11E064600D5C3E073FA1B033831B&SecretKey=C8F2CCDA4C9B32CAC4E3EFDD1C08B8&SmsType=2&brandname=Svoucher"}
INFO 2019-09-15 01:24:55 – {"DATE_LOGS":"15/09/2019 01:24:55","INFO_LOGS":"***** SERVER START *****"}
INFO 2019-09-15 01:25:34 – {"DATE_LOGS":"15/09/2019 01:25:34","INFO_LOGS":"***** SERVER START *****"}
INFO 2019-09-15 01:30:29 – {"DATE_LOGS":"15/09/2019 01:30:29","INFO_LOGS":"***** SERVER START *****"}
INFO 2019-09-15 01:31:05 – {"DATE_LOGS":"15/09/2019 01:30:57","INFO_LOGS":"Send SMS Message: http://rest.esms.vn/MainService.svc/json/SendMultipleMessage_V4_get?Phone=0962474560&Content=Ma OTP xac thuc reset mat khau la 42473771, hieu luc 3 phut&ApiKey=3F11E064600D5C3E073FA1B033831B&SecretKey=C8F2CCDA4C9B32CAC4E3EFDD1C08B8&SmsType=2&brandname=Svoucher"}
INFO 2019-09-15 01:31:05 – {"DATE_LOGS":"15/09/2019 01:30:57","INFO_LOGS":"SendPost: http://rest.esms.vn/MainService.svc/json/SendMultipleMessage_V4_get?Phone=0962474560&Content=Ma OTP xac thuc reset mat khau la 42473771, hieu luc 3 phut&ApiKey=3F11E064600D5C3E073FA1B033831B&SecretKey=C8F2CCDA4C9B32CAC4E3EFDD1C08B8&SmsType=2&brandname=Svoucher\r\nJSON DATA: \r\nResponse Data: <?xml version=\"1.0\" encoding=\"utf-8\"?>\r\n<!DOCTYPE html PUBLIC \"-//W3C//DTD XHTML 1.0 Transitional//EN\" \"http://www.w3.org/TR/xhtml1/DTD/xhtml1-transitional.dtd\">\r\n<html xmlns=\"http://www.w3.org/1999/xhtml\">\r\n  <head>\r\n    <title>Service</title>\r\n    <style>BODY { color: #000000; background-color: white; font-family: Verdana; margin-left: 0px; margin-top: 0px; } #content { margin-left: 30px; font-size: .70em; padding-bottom: 2em; } A:link { color: #336699; font-weight: bold; text-decoration: underline; } A:visited { color: #6699cc; font-weight: bold; text-decoration: underline; } A:active { color: #336699; font-weight: bold; text-decoration: underline; } .heading1 { background-color: #003366; border-bottom: #336699 6px solid; color: #ffffff; font-family: Tahoma; font-size: 26px; font-weight: normal;margin: 0em 0em 10px -20px; padding-bottom: 8px; padding-left: 30px;padding-top: 16px;} pre { font-size:small; background-color: #e5e5cc; padding: 5px; font-family: Courier New; margin-top: 0px; border: 1px #f0f0e0 solid; white-space: pre-wrap; white-space: -pre-wrap; word-wrap: break-word; } table { border-collapse: collapse; border-spacing: 0px; font-family: Verdana;} table th { border-right: 2px white solid; border-bottom: 2px white solid; font-weight: bold; background-color: #cecf9c;} table td { border-right: 2px white solid; border-bottom: 2px white solid; background-color: #e5e5cc;}</style>\r\n  </head>\r\n  <body>\r\n    <div id=\"content\">\r\n      <p class=\"heading1\">Service</p>\r\n      <p xmlns=\"\">Method not allowed. Please see the <a rel=\"help-page\" href=\"http://rest.esms.vn/MainService.svc/json/help\">service help page</a> for constructing valid requests to the service.</p>\r\n    </div>\r\n  </body>\r\n</html>"}
INFO 2019-09-15 01:31:15 – {"DATE_LOGS":"15/09/2019 01:31:05","INFO_LOGS":"Message result: <?xml version=\"1.0\" encoding=\"utf-8\"?>\r\n<!DOCTYPE html PUBLIC \"-//W3C//DTD XHTML 1.0 Transitional//EN\" \"http://www.w3.org/TR/xhtml1/DTD/xhtml1-transitional.dtd\">\r\n<html xmlns=\"http://www.w3.org/1999/xhtml\">\r\n  <head>\r\n    <title>Service</title>\r\n    <style>BODY { color: #000000; background-color: white; font-family: Verdana; margin-left: 0px; margin-top: 0px; } #content { margin-left: 30px; font-size: .70em; padding-bottom: 2em; } A:link { color: #336699; font-weight: bold; text-decoration: underline; } A:visited { color: #6699cc; font-weight: bold; text-decoration: underline; } A:active { color: #336699; font-weight: bold; text-decoration: underline; } .heading1 { background-color: #003366; border-bottom: #336699 6px solid; color: #ffffff; font-family: Tahoma; font-size: 26px; font-weight: normal;margin: 0em 0em 10px -20px; padding-bottom: 8px; padding-left: 30px;padding-top: 16px;} pre { font-size:small; background-color: #e5e5cc; padding: 5px; font-family: Courier New; margin-top: 0px; border: 1px #f0f0e0 solid; white-space: pre-wrap; white-space: -pre-wrap; word-wrap: break-word; } table { border-collapse: collapse; border-spacing: 0px; font-family: Verdana;} table th { border-right: 2px white solid; border-bottom: 2px white solid; font-weight: bold; background-color: #cecf9c;} table td { border-right: 2px white solid; border-bottom: 2px white solid; background-color: #e5e5cc;}</style>\r\n  </head>\r\n  <body>\r\n    <div id=\"content\">\r\n      <p class=\"heading1\">Service</p>\r\n      <p xmlns=\"\">Method not allowed. Please see the <a rel=\"help-page\" href=\"http://rest.esms.vn/MainService.svc/json/help\">service help page</a> for constructing valid requests to the service.</p>\r\n    </div>\r\n  </body>\r\n</html>"}
INFO 2019-09-15 01:35:18 – {"DATE_LOGS":"15/09/2019 01:35:18","INFO_LOGS":"***** SERVER START *****"}
INFO 2019-09-15 01:38:42 – {"DATE_LOGS":"15/09/2019 01:38:14","INFO_LOGS":"Send SMS Message: http://rest.esms.vn/MainService.svc/json/SendMultipleMessage_V4_get?Phone=0962474560&Content=Ma OTP xac thuc reset mat khau la D4EAFE78, hieu luc 3 phut&ApiKey=3F11E064600D5C3E073FA1B033831B&SecretKey=C8F2CCDA4C9B32CAC4E3EFDD1C08B8&SmsType=2&brandname=Svoucher"}
INFO 2019-09-15 01:44:25 – {"DATE_LOGS":"15/09/2019 01:44:25","INFO_LOGS":"***** SERVER START *****"}
INFO 2019-09-15 01:46:15 – {"DATE_LOGS":"15/09/2019 01:45:40","INFO_LOGS":"Send SMS Message: http://rest.esms.vn/MainService.svc/json/SendMultipleMessage_V4_get?Phone=0962474560&Content=Ma OTP xac thuc reset mat khau la 9F180C6A, hieu luc 3 phut&ApiKey=3F11E064600D5C3E073FA1B033831B&SecretKey=C8F2CCDA4C9B32CAC4E3EFDD1C08B8&SmsType=2&brandname=Svoucher"}
INFO 2019-09-15 01:50:01 – {"DATE_LOGS":"15/09/2019 01:50:01","INFO_LOGS":"***** SERVER START *****"}
INFO 2019-09-15 01:50:11 – {"DATE_LOGS":"15/09/2019 01:50:05","INFO_LOGS":"Send SMS Message: http://rest.esms.vn/MainService.svc/json/SendMultipleMessage_V4_get?Phone=0962474560&Content=testsms&ApiKey=3F11E064600D5C3E073FA1B033831B&SecretKey=C8F2CCDA4C9B32CAC4E3EFDD1C08B8&SmsType=2&brandname=Svoucher"}
INFO 2019-09-15 01:50:21 – {"DATE_LOGS":"15/09/2019 01:50:19","INFO_LOGS":"***** SERVER START *****"}
INFO 2019-09-15 01:50:48 – {"DATE_LOGS":"15/09/2019 01:50:30","INFO_LOGS":"***** SERVER START *****"}
INFO 2019-09-15 01:51:18 – {"DATE_LOGS":"15/09/2019 01:51:10","INFO_LOGS":"***** SERVER START *****"}
INFO 2019-09-15 01:51:32 – {"DATE_LOGS":"15/09/2019 01:51:27","INFO_LOGS":"***** SERVER START *****"}
INFO 2019-09-15 01:51:42 – {"DATE_LOGS":"15/09/2019 01:51:32","INFO_LOGS":"Send SMS Message: http://rest.esms.vn/MainService.svc/json/SendMultipleMessage_V4_get?Phone=0962474560&Content=testsms&ApiKey=3F11E064600D5C3E073FA1B033831B&SecretKey=C8F2CCDA4C9B32CAC4E3EFDD1C08B8&SmsType=2&brandname=Svoucher"}
INFO 2019-09-15 01:52:51 – {"DATE_LOGS":"15/09/2019 01:52:15","INFO_LOGS":"***** SERVER START *****"}
INFO 2019-09-15 01:53:01 – {"DATE_LOGS":"15/09/2019 01:52:20","INFO_LOGS":"Send SMS Message: http://rest.esms.vn/MainService.svc/json/SendMultipleMessage_V4_get?Phone=0962474560&Content=testsms&ApiKey=3F11E064600D5C3E073FA1B033831B&SecretKey=C8F2CCDA4C9B32CAC4E3EFDD1C08B8&SmsType=2&brandname=Svoucher"}
INFO 2019-09-15 02:01:47 – {"DATE_LOGS":"15/09/2019 02:01:47","INFO_LOGS":"***** SERVER START *****"}
INFO 2019-09-15 02:02:09 – {"DATE_LOGS":"15/09/2019 02:02:03","INFO_LOGS":"Send SMS Message: http://rest.esms.vn/MainService.svc/json/SendMultipleMessage_V4_get?Phone=0962474560&Content=testsms&ApiKey=3F11E064600D5C3E073FA1B033831B&SecretKey=C8F2CCDA4C9B32CAC4E3EFDD1C08B8&SmsType=2&brandname=Svoucher"}
INFO 2019-09-15 02:02:09 – {"DATE_LOGS":"15/09/2019 02:02:05","INFO_LOGS":"Message result: {\"CodeResult\":\"100\",\"CountRegenerate\":0,\"SMSID\":\"8d334550-ca91-48f9-ba29-7ec074ce9240133\"}"}
INFO 2019-09-15 02:04:09 – {"DATE_LOGS":"15/09/2019 02:04:09","INFO_LOGS":"***** SERVER START *****"}
INFO 2019-09-15 02:05:46 – {"DATE_LOGS":"15/09/2019 02:05:46","INFO_LOGS":"***** SERVER START *****"}
INFO 2019-09-15 02:06:40 – {"DATE_LOGS":"15/09/2019 02:06:28","INFO_LOGS":"Send SMS Message: http://rest.esms.vn/MainService.svc/json/SendMultipleMessage_V4_get?Phone=0962474560&Content=Ma OTP xac thuc reset mat khau la B12AA7D5, hieu luc 3 phut&ApiKey=3F11E064600D5C3E073FA1B033831B&SecretKey=C8F2CCDA4C9B32CAC4E3EFDD1C08B8&SmsType=2&brandname=Svoucher"}
INFO 2019-09-15 02:06:40 – {"DATE_LOGS":"15/09/2019 02:06:28","INFO_LOGS":"Message result: {\"CodeResult\":\"100\",\"CountRegenerate\":0,\"SMSID\":\"8b4ef693-10d2-42d3-831f-8ac4459ef2416\"}"}
INFO 2019-09-15 02:07:11 – {"DATE_LOGS":"15/09/2019 02:07:10","INFO_LOGS":"Send SMS Message: http://rest.esms.vn/MainService.svc/json/SendMultipleMessage_V4_get?Phone=0962474560&Content=CADBCCA2 la mat khau moi cua Ban.&ApiKey=3F11E064600D5C3E073FA1B033831B&SecretKey=C8F2CCDA4C9B32CAC4E3EFDD1C08B8&SmsType=2&brandname=Svoucher"}
INFO 2019-09-15 02:07:11 – {"DATE_LOGS":"15/09/2019 02:07:10","INFO_LOGS":"Message result: {\"CodeResult\":\"100\",\"CountRegenerate\":0,\"SMSID\":\"1bda004e-9a2a-4591-a0a9-b4d3f4e204e6181\"}"}
INFO 2019-09-15 07:46:49 – {"DATE_LOGS":"15/09/2019 07:46:49","INFO_LOGS":"***** SERVER START *****"}
INFO 2019-09-15 08:18:13 – {"DATE_LOGS":"15/09/2019 08:18:13","INFO_LOGS":"***** SERVER START *****"}
INFO 2019-09-15 08:30:52 – {"DATE_LOGS":"15/09/2019 08:30:52","INFO_LOGS":"***** SERVER START *****"}
