INFO 2019-06-13 01:02:47 – {"DATE_LOGS":"13/06/2019 01:02:47","INFO_LOGS":"***** SERVER START *****"}
INFO 2019-06-13 01:02:52 – {"DATE_LOGS":"13/06/2019 01:02:52","INFO_LOGS":"***** SERVER START *****"}
INFO 2019-06-13 01:03:02 – {"DATE_LOGS":"13/06/2019 01:02:52","INFO_LOGS":"https://www.datphuprinting.vn/ping.aspx?sign=f8aa9247fb9989b7f82791a36b882ecb&p=255&t=ca9ffad2-7ee6-40a8-89e3-5335ec5ffe61\r\nResponse: "}
INFO 2019-06-13 01:03:02 – {"DATE_LOGS":"13/06/2019 01:02:55","INFO_LOGS":"LoginWithToken: 18cd055333d454c778661b9c807b20f4,IP ::1"}
INFO 2019-06-13 01:03:12 – {"DATE_LOGS":"13/06/2019 01:03:03","INFO_LOGS":"SendPost: http://sandbox.datphuprinting.vn//api/v1/Customer/GetGiaCongDongDan\r\nJSON DATA: {\"publickey\":\"9481780562C9F49FBAAB389855D86BE9\",\"serviceID\":0,\"data\":\"O38L9OogZEeOmqAPPC/1lCT1tpf9GSzcGMeAuzXycYI=\",\"clientIP\":\"::1\",\"sign\":\"e1b1873dcd9343800447b74a00c3dc1b\"}\r\nResponse Data: {\"status\":0,\"msg\":\"SUCCESS\",\"data\":[{\"Id\":1,\"Name\":\"Ðóng dinh don\",\"Status\":1},{\"Id\":2,\"Name\":\"Ðóng dinh dôi\",\"Status\":1},{\"Id\":3,\"Name\":\"Dán\",\"Status\":1},{\"Id\":4,\"Name\":\"Mi?n dóng/dán\",\"Status\":1},{\"Id\":5,\"Name\":\"Ðóng dinh dôi trên du?i\",\"Status\":1}]}"}
INFO 2019-06-13 01:03:12 – {"DATE_LOGS":"13/06/2019 01:03:03","INFO_LOGS":"SendPost: http://sandbox.datphuprinting.vn//api/v1/Order/GetOrderDetailDrafts\r\nJSON DATA: {\"publickey\":\"9481780562C9F49FBAAB389855D86BE9\",\"serviceID\":0,\"data\":\"bFqe0ByrFeQL6waKV/kQxQ==\",\"clientIP\":\"::1\",\"sign\":\"972463de24cbf1d0efb05400367d1b75\"}\r\nResponse Data: {\"status\":-9998,\"msg\":\"-9998\",\"data\":[]}"}
INFO 2019-06-13 01:03:12 – {"DATE_LOGS":"13/06/2019 01:03:03","INFO_LOGS":"SendPost: http://sandbox.datphuprinting.vn//api/v1/Order/GetOrdersByUser\r\nJSON DATA: {\"publickey\":\"9481780562C9F49FBAAB389855D86BE9\",\"serviceID\":0,\"data\":\"bFqe0ByrFeQL6waKV/kQxQ==\",\"clientIP\":\"::1\",\"sign\":\"972463de24cbf1d0efb05400367d1b75\"}\r\nResponse Data: {\"status\":0,\"msg\":\"0\",\"data\":[{\"Order_ID\":63,\"OrderCode\":\"1906TD0004\",\"CompanyName\":\"SUNG WAVINA\",\"Email\":\"\",\"Phone\":\"\",\"Contact\":\"\",\"NgayMoDon\":\"2019-06-07\",\"Ky_Hieu_Don\":\"\",\"Gia_Ban_Bo\":0,\"Status\":1,\"Total\":11635267,\"UserName\":\"Dev Ði?n\"},{\"Order_ID\":61,\"OrderCode\":\"1906TD0002\",\"CompanyName\":\"ASIASOFT\",\"Email\":\"\",\"Phone\":\"\",\"Contact\":\"\",\"NgayMoDon\":\"2019-06-07\",\"Ky_Hieu_Don\":\"\",\"Gia_Ban_Bo\":0,\"Status\":1,\"Total\":2051795,\"UserName\":\"Dev Ði?n\"},{\"Order_ID\":60,\"OrderCode\":\"1906TD0001\",\"CompanyName\":\"TUY?N HI?P L?I\",\"Email\":\"\",\"Phone\":\"\",\"Contact\":\"Ms HOA\",\"NgayMoDon\":\"2019-06-07\",\"Ky_Hieu_Don\":\"\",\"Gia_Ban_Bo\":0,\"Status\":1,\"Total\":13721625,\"UserName\":\"Dev Ði?n\"}]}"}
INFO 2019-06-13 01:03:33 – {"DATE_LOGS":"13/06/2019 01:03:03","INFO_LOGS":"SendPost: http://sandbox.datphuprinting.vn//api/v1/Customer/GetNhaCungCap\r\nJSON DATA: {\"publickey\":\"9481780562C9F49FBAAB389855D86BE9\",\"serviceID\":0,\"data\":\"O38L9OogZEeOmqAPPC/1lCT1tpf9GSzcGMeAuzXycYI=\",\"clientIP\":\"::1\",\"sign\":\"e1b1873dcd9343800447b74a00c3dc1b\"}\r\nResponse Data: {\"status\":0,\"msg\":\"SUCCESS\",\"data\":[{\"NhaCungCap_ID\":1,\"Name\":\"Cát Phú\",\"Address\":\"\",\"Phone\":\"\",\"Status\":1}]}"}
INFO 2019-06-13 01:03:33 – {"DATE_LOGS":"13/06/2019 01:03:03","INFO_LOGS":"SendPost: http://sandbox.datphuprinting.vn//api/v1/Customer/GetChatLieu\r\nJSON DATA: {\"publickey\":\"9481780562C9F49FBAAB389855D86BE9\",\"serviceID\":0,\"data\":\"rqmjSq0U94Xm2vJTtVy4f3cye/sR+TDbQXceu+xCYbk=\",\"clientIP\":\"::1\",\"sign\":\"9bf98ca9d63bde0be90c8861614dcf23\"}\r\nResponse Data: {\"status\":0,\"msg\":\"SUCCESS\",\"data\":[{\"ChatLieu_ID\":1,\"Ten_Chat_Lieu\":\"ZGZ 0C\",\"Gia\":7724},{\"ChatLieu_ID\":2,\"Ten_Chat_Lieu\":\"ZXZ 0C\",\"Gia\":6568},{\"ChatLieu_ID\":3,\"Ten_Chat_Lieu\":\"Z+Z 0E\",\"Gia\":6275},{\"ChatLieu_ID\":4,\"Ten_Chat_Lieu\":\"Z+Z 0C\",\"Gia\":6268},{\"ChatLieu_ID\":5,\"Ten_Chat_Lieu\":\"Z+++Z\",\"Gia\":9678},{\"ChatLieu_ID\":6,\"Ten_Chat_Lieu\":\"Z++ 0B\",\"Gia\":5560},{\"ChatLieu_ID\":7,\"Ten_Chat_Lieu\":\"W+Z 0B\",\"Gia\":7390},{\"ChatLieu_ID\":8,\"Ten_Chat_Lieu\":\"W+++Z\",\"Gia\":11395},{\"ChatLieu_ID\":9,\"Ten_Chat_Lieu\":\"W+++U\",\"Gia\":11695},{\"ChatLieu_ID\":10,\"Ten_Chat_Lieu\":\"VMU 0C\",\"Gia\":7810},{\"ChatLieu_ID\":11,\"Ten_Chat_Lieu\":\"VMU 0C\",\"Gia\":7560},{\"ChatLieu_ID\":12,\"Ten_Chat_Lieu\":\"VMU 0B\",\"Gia\":7648},{\"ChatLieu_ID\":13,\"Ten_Chat_Lieu\":\"VM+MV\",\"Gia\":11580},{\"ChatLieu_ID\":14,\"Ten_Chat_Lieu\":\"V+Z+V\",\"Gia\":11180},{\"ChatLieu_ID\":15,\"Ten_Chat_Lieu\":\"V+U+V\",\"Gia\":11450},{\"ChatLieu_ID\":16,\"Ten_Chat_Lieu\":\"V++MV\",\"Gia\":11230},{\"ChatLieu_ID\":17,\"Ten_Chat_Lieu\":\"V++MU\",\"Gia\":10930},{\"ChatLieu_ID\":18,\"Ten_Chat_Lieu\":\"UXU 0C\",\"Gia\":7230},{\"ChatLieu_ID\":19,\"Ten_Chat_Lieu\":\"UMU 0C\",\"Gia\":7230},{\"ChatLieu_ID\":21,\"Ten_Chat_Lieu\":\"UMU 0B\",\"Gia\":7080},{\"ChatLieu_ID\":22,\"Ten_Chat_Lieu\":\"UMMMZ\",\"Gia\":11120},{\"ChatLieu_ID\":23,\"Ten_Chat_Lieu\":\"UMMMU\",\"Gia\":11420},{\"ChatLieu_ID\":24,\"Ten_Chat_Lieu\":\"UGZ 0C\",\"Gia\":8140},{\"ChatLieu_ID\":25,\"Ten_Chat_Lieu\":\"UGU 0C\",\"Gia\":8440},{\"ChatLieu_ID\":26,\"Ten_Chat_Lieu\":\"U+U 0E\",\"Gia\":6890},{\"ChatLieu_ID\":27,\"Ten_Chat_Lieu\":\"UMZ 0C\",\"Gia\":6930},{\"ChatLieu_ID\":28,\"Ten_Chat_Lieu\":\"U+U 0C\",\"Gia\":6690},{\"ChatLieu_ID\":29,\"Ten_Chat_Lieu\":\"U++MZ\",\"Gia\":10338},{\"ChatLieu_ID\":30,\"Ten_Chat_Lieu\":\"U++MU\",\"Gia\":10750},{\"ChatLieu_ID\":31,\"Ten_Chat_Lieu\":\"U+++Z\",\"Gia\":9961},{\"ChatLieu_ID\":32,\"Ten_Chat_Lieu\":\"U+++U\",\"Gia\":10400},{\"ChatLieu_ID\":33,\"Ten_Chat_Lieu\":\"U++++\",\"Gia\":9640},{\"ChatLieu_ID\":34,\"Ten_Chat_Lieu\":\"QGQ 0C\",\"Gia\":11845},{\"ChatLieu_ID\":35,\"Ten_Chat_Lieu\":\"Q+V+P\",\"Gia\":14240},{\"ChatLieu_ID\":36,\"Ten_Chat_Lieu\":\"FMZ 0B\",\"Gia\":6847},{\"ChatLieu_ID\":37,\"Ten_Chat_Lieu\":\"C+Z 0B\",\"Gia\":6860},{\"ChatLieu_ID\":38,\"Ten_Chat_Lieu\":\"C+++Z\",\"Gia\":10435},{\"ChatLieu_ID\":39,\"Ten_Chat_Lieu\":\"C++ 0E\",\"Gia\":6360},{\"ChatLieu_ID\":40,\"Ten_Chat_Lieu\":\"AGQ 0C\",\"Gia\":13316},{\"ChatLieu_ID\":41,\"Ten_Chat_Lieu\":\"AGA 0C\",\"Gia\":13671},{\"ChatLieu_ID\":42,\"Ten_Chat_Lieu\":\"A+U+P\",\"Gia\":14685},{\"ChatLieu_ID\":43,\"Ten_Chat_Lieu\":\"A+U+6\",\"Gia\":14653},{\"ChatLieu_ID\":44,\"Ten_Chat_Lieu\":\"7MUMU\",\"Gia\":13150},{\"ChatLieu_ID\":45,\"Ten_Chat_Lieu\":\"7++MZ\",\"Gia\":11670},{\"ChatLieu_ID\":46,\"Ten_Chat_Lieu\":\"7++MU\",\"Gia\":12192},{\"ChatLieu_ID\":47,\"Ten_Chat_Lieu\":\"7++M7\",\"Gia\":14525},{\"ChatLieu_ID\":48,\"Ten_Chat_Lieu\":\"6MZ 0C\",\"Gia\":7930},{\"ChatLieu_ID\":49,\"Ten_Chat_Lieu\":\"6MU 0C\",\"Gia\":8233}]}"}
INFO 2019-06-13 01:03:33 – {"DATE_LOGS":"13/06/2019 01:03:04","INFO_LOGS":"SendPost: http://sandbox.datphuprinting.vn//api/v1/Customer/GetKieuThung\r\nJSON DATA: {\"publickey\":\"9481780562C9F49FBAAB389855D86BE9\",\"serviceID\":0,\"data\":\"O38L9OogZEeOmqAPPC/1lCT1tpf9GSzcGMeAuzXycYI=\",\"clientIP\":\"::1\",\"sign\":\"e1b1873dcd9343800447b74a00c3dc1b\"}\r\nResponse Data: {\"status\":0,\"msg\":\"SUCCESS\",\"data\":[{\"LoaiThungID\":1,\"Name\":\"\",\"MaThung\":\"PAD\"},{\"LoaiThungID\":2,\"Name\":\"\",\"MaThung\":\"E\"},{\"LoaiThungID\":3,\"Name\":\"\",\"MaThung\":\"A1-1T\"},{\"LoaiThungID\":4,\"Name\":\"\",\"MaThung\":\"A1-2T\"},{\"LoaiThungID\":5,\"Name\":\"\",\"MaThung\":\"A1-1TSN\"},{\"LoaiThungID\":6,\"Name\":\"\",\"MaThung\":\"A1-2TSN\"},{\"LoaiThungID\":7,\"Name\":\"\",\"MaThung\":\"A0-1T\"},{\"LoaiThungID\":8,\"Name\":\"\",\"MaThung\":\"A0-2T\"},{\"LoaiThungID\":9,\"Name\":\"\",\"MaThung\":\"A1-1TNT\"},{\"LoaiThungID\":10,\"Name\":\"\",\"MaThung\":\"A1-1TND\"},{\"LoaiThungID\":11,\"Name\":\"\",\"MaThung\":\"A1-2TNT\"},{\"LoaiThungID\":12,\"Name\":\"\",\"MaThung\":\"A1-2TND\"},{\"LoaiThungID\":13,\"Name\":\"\",\"MaThung\":\"A5-1T\"},{\"LoaiThungID\":14,\"Name\":\"\",\"MaThung\":\"A5-2T\"},{\"LoaiThungID\":15,\"Name\":\"\",\"MaThung\":\"A3-1T\"},{\"LoaiThungID\":16,\"Name\":\"\",\"MaThung\":\"A3-2T\"},{\"LoaiThungID\":17,\"Name\":\"\",\"MaThung\":\"C1-B\"},{\"LoaiThungID\":18,\"Name\":\"\",\"MaThung\":\"C1-T\"},{\"LoaiThungID\":19,\"Name\":\"\",\"MaThung\":\"E1-1T\"},{\"LoaiThungID\":20,\"Name\":\"\",\"MaThung\":\"E2-1T\"},{\"LoaiThungID\":21,\"Name\":\"\",\"MaThung\":\"E2-1TSN\"},{\"LoaiThungID\":22,\"Name\":\"\",\"MaThung\":\"A1-4T\"},{\"LoaiThungID\":23,\"Name\":\"\",\"MaThung\":\"A1-4TSN\"}]}"}
INFO 2019-06-13 01:03:33 – {"DATE_LOGS":"13/06/2019 01:03:04","INFO_LOGS":"SendPost: http://sandbox.datphuprinting.vn//api/v1/Customer/GetLoaiHinhSX\r\nJSON DATA: {\"publickey\":\"9481780562C9F49FBAAB389855D86BE9\",\"serviceID\":0,\"data\":\"O38L9OogZEeOmqAPPC/1lCT1tpf9GSzcGMeAuzXycYI=\",\"clientIP\":\"::1\",\"sign\":\"e1b1873dcd9343800447b74a00c3dc1b\"}\r\nResponse Data: {\"status\":0,\"msg\":\"SUCCESS\",\"data\":[{\"LoaiHinhSX_ID\":1,\"Name\":\"Ði?n T?\",\"Status\":1},{\"LoaiHinhSX_ID\":2,\"Name\":\"May M?c\",\"Status\":1}]}"}
INFO 2019-06-13 01:03:33 – {"DATE_LOGS":"13/06/2019 01:03:05","INFO_LOGS":"SendPost: http://sandbox.datphuprinting.vn//api/v1/Customer/GetLoaiSong\r\nJSON DATA: {\"publickey\":\"9481780562C9F49FBAAB389855D86BE9\",\"serviceID\":0,\"data\":\"O38L9OogZEeOmqAPPC/1lCT1tpf9GSzcGMeAuzXycYI=\",\"clientIP\":\"::1\",\"sign\":\"e1b1873dcd9343800447b74a00c3dc1b\"}\r\nResponse Data: {\"status\":0,\"msg\":\"SUCCESS\",\"data\":[{\"LoaiSongID\":1,\"Name\":\"5 L?p(BC)\"},{\"LoaiSongID\":2,\"Name\":\"3 L?p(C)\"},{\"LoaiSongID\":3,\"Name\":\"3 L?p(B)\"},{\"LoaiSongID\":4,\"Name\":\"7 L?p(EBC)\"},{\"LoaiSongID\":5,\"Name\":\"3 L?p(E)\"}]}"}
INFO 2019-06-13 01:03:33 – {"DATE_LOGS":"13/06/2019 01:03:05","INFO_LOGS":"SendPost: http://sandbox.datphuprinting.vn//api/v1/Customer/GetLoaiDonHang\r\nJSON DATA: {\"publickey\":\"9481780562C9F49FBAAB389855D86BE9\",\"serviceID\":0,\"data\":\"O38L9OogZEeOmqAPPC/1lCT1tpf9GSzcGMeAuzXycYI=\",\"clientIP\":\"::1\",\"sign\":\"e1b1873dcd9343800447b74a00c3dc1b\"}\r\nResponse Data: {\"status\":0,\"msg\":\"SUCCESS\",\"data\":[{\"LoaiDon_ID\":1,\"Name\":\"S?n Xu?t\"},{\"LoaiDon_ID\":2,\"Name\":\"Thuong M?i\"},{\"LoaiDon_ID\":3,\"Name\":\"S?n Xu?t & Thuong M?i\"},{\"LoaiDon_ID\":4,\"Name\":\"Hàng M?u\"},{\"LoaiDon_ID\":5,\"Name\":\"Hàng T?ng\"}]}"}
INFO 2019-06-13 01:03:53 – {"DATE_LOGS":"13/06/2019 01:03:52","INFO_LOGS":"https://www.datphuprinting.vn/ping.aspx?sign=f8aa9247fb9989b7f82791a36b882ecb&p=255&t=1fcf7f9c-50ac-44da-a311-e75b66f6afe5\r\nResponse: "}
INFO 2019-06-13 01:04:53 – {"DATE_LOGS":"13/06/2019 01:04:52","INFO_LOGS":"https://www.datphuprinting.vn/ping.aspx?sign=f8aa9247fb9989b7f82791a36b882ecb&p=255&t=0f44149d-0f79-49a8-b82c-17bf677d14ee\r\nResponse: "}
INFO 2019-06-13 01:05:53 – {"DATE_LOGS":"13/06/2019 01:05:52","INFO_LOGS":"https://www.datphuprinting.vn/ping.aspx?sign=f8aa9247fb9989b7f82791a36b882ecb&p=255&t=ff8c1bca-37cc-425c-b579-9a21cea64542\r\nResponse: "}
INFO 2019-06-13 01:06:53 – {"DATE_LOGS":"13/06/2019 01:06:52","INFO_LOGS":"https://www.datphuprinting.vn/ping.aspx?sign=f8aa9247fb9989b7f82791a36b882ecb&p=255&t=a745df3d-fa33-4e06-a0f0-b74e76f9eab7\r\nResponse: "}
INFO 2019-06-13 01:07:53 – {"DATE_LOGS":"13/06/2019 01:07:52","INFO_LOGS":"https://www.datphuprinting.vn/ping.aspx?sign=f8aa9247fb9989b7f82791a36b882ecb&p=255&t=58933b96-aae5-4778-bbb2-fa7f2f088d6d\r\nResponse: "}
INFO 2019-06-13 01:08:53 – {"DATE_LOGS":"13/06/2019 01:08:52","INFO_LOGS":"https://www.datphuprinting.vn/ping.aspx?sign=f8aa9247fb9989b7f82791a36b882ecb&p=255&t=bd9bfd1d-a991-4d0c-9b89-9c69ece53fcf\r\nResponse: "}
INFO 2019-06-13 01:09:53 – {"DATE_LOGS":"13/06/2019 01:09:52","INFO_LOGS":"https://www.datphuprinting.vn/ping.aspx?sign=f8aa9247fb9989b7f82791a36b882ecb&p=255&t=25975427-5071-4cf5-a2c4-595ec6121b4c\r\nResponse: "}
INFO 2019-06-13 01:10:53 – {"DATE_LOGS":"13/06/2019 01:10:52","INFO_LOGS":"https://www.datphuprinting.vn/ping.aspx?sign=f8aa9247fb9989b7f82791a36b882ecb&p=255&t=1c356037-ee0f-4cc7-92a5-50b905e57b39\r\nResponse: "}
INFO 2019-06-13 01:11:53 – {"DATE_LOGS":"13/06/2019 01:11:52","INFO_LOGS":"https://www.datphuprinting.vn/ping.aspx?sign=f8aa9247fb9989b7f82791a36b882ecb&p=255&t=5031a897-444d-480f-b7e6-aaa5d98e0f06\r\nResponse: "}
INFO 2019-06-13 01:12:53 – {"DATE_LOGS":"13/06/2019 01:12:52","INFO_LOGS":"https://www.datphuprinting.vn/ping.aspx?sign=f8aa9247fb9989b7f82791a36b882ecb&p=255&t=08933c56-aaab-45dd-adc7-98b2b9dfa718\r\nResponse: "}
INFO 2019-06-13 01:13:53 – {"DATE_LOGS":"13/06/2019 01:13:52","INFO_LOGS":"https://www.datphuprinting.vn/ping.aspx?sign=f8aa9247fb9989b7f82791a36b882ecb&p=255&t=b16047bd-469f-4d05-9e3e-e296babfc1cc\r\nResponse: "}
INFO 2019-06-13 01:14:53 – {"DATE_LOGS":"13/06/2019 01:14:52","INFO_LOGS":"https://www.datphuprinting.vn/ping.aspx?sign=f8aa9247fb9989b7f82791a36b882ecb&p=255&t=8c7215ca-02f5-4c22-b98f-d709757cf536\r\nResponse: "}
INFO 2019-06-13 01:15:53 – {"DATE_LOGS":"13/06/2019 01:15:52","INFO_LOGS":"https://www.datphuprinting.vn/ping.aspx?sign=f8aa9247fb9989b7f82791a36b882ecb&p=255&t=bc79463d-237e-4ebe-968b-222f5c09ab8f\r\nResponse: "}
INFO 2019-06-13 01:16:53 – {"DATE_LOGS":"13/06/2019 01:16:52","INFO_LOGS":"https://www.datphuprinting.vn/ping.aspx?sign=f8aa9247fb9989b7f82791a36b882ecb&p=255&t=7bf0fb4a-8896-41fe-a9bc-c25814a88716\r\nResponse: "}
INFO 2019-06-13 01:17:53 – {"DATE_LOGS":"13/06/2019 01:17:53","INFO_LOGS":"https://www.datphuprinting.vn/ping.aspx?sign=f8aa9247fb9989b7f82791a36b882ecb&p=255&t=7778e534-fda7-45eb-a0c5-4145d1b5c45d\r\nResponse: "}
INFO 2019-06-13 01:18:53 – {"DATE_LOGS":"13/06/2019 01:18:53","INFO_LOGS":"https://www.datphuprinting.vn/ping.aspx?sign=f8aa9247fb9989b7f82791a36b882ecb&p=255&t=ee34b528-32bd-4cc9-a46b-594db4ca32ec\r\nResponse: "}
INFO 2019-06-13 01:19:53 – {"DATE_LOGS":"13/06/2019 01:19:53","INFO_LOGS":"https://www.datphuprinting.vn/ping.aspx?sign=f8aa9247fb9989b7f82791a36b882ecb&p=255&t=0af51282-af40-4eaf-89ef-97c250d268f2\r\nResponse: "}
INFO 2019-06-13 01:20:53 – {"DATE_LOGS":"13/06/2019 01:20:53","INFO_LOGS":"https://www.datphuprinting.vn/ping.aspx?sign=f8aa9247fb9989b7f82791a36b882ecb&p=255&t=0ceba12e-5028-4ff9-abac-5358c354d7a8\r\nResponse: "}
INFO 2019-06-13 01:21:53 – {"DATE_LOGS":"13/06/2019 01:21:53","INFO_LOGS":"https://www.datphuprinting.vn/ping.aspx?sign=f8aa9247fb9989b7f82791a36b882ecb&p=255&t=3ff93419-ef08-4f94-af63-d06b633ac6e1\r\nResponse: "}
INFO 2019-06-13 01:22:53 – {"DATE_LOGS":"13/06/2019 01:22:53","INFO_LOGS":"https://www.datphuprinting.vn/ping.aspx?sign=f8aa9247fb9989b7f82791a36b882ecb&p=255&t=f83223a8-b2f4-496a-8560-4ec1f3ca5b1f\r\nResponse: "}
INFO 2019-06-13 01:23:53 – {"DATE_LOGS":"13/06/2019 01:23:53","INFO_LOGS":"https://www.datphuprinting.vn/ping.aspx?sign=f8aa9247fb9989b7f82791a36b882ecb&p=255&t=de5feb02-d633-48c3-be7b-60935f676e05\r\nResponse: "}
INFO 2019-06-13 01:24:53 – {"DATE_LOGS":"13/06/2019 01:24:53","INFO_LOGS":"https://www.datphuprinting.vn/ping.aspx?sign=f8aa9247fb9989b7f82791a36b882ecb&p=255&t=b31240ee-ba72-4962-a804-120ee05816cd\r\nResponse: "}
INFO 2019-06-13 01:25:53 – {"DATE_LOGS":"13/06/2019 01:25:53","INFO_LOGS":"https://www.datphuprinting.vn/ping.aspx?sign=f8aa9247fb9989b7f82791a36b882ecb&p=255&t=c2673af2-142c-4f0e-bebd-b9d8daed21aa\r\nResponse: "}
INFO 2019-06-13 01:26:53 – {"DATE_LOGS":"13/06/2019 01:26:53","INFO_LOGS":"https://www.datphuprinting.vn/ping.aspx?sign=f8aa9247fb9989b7f82791a36b882ecb&p=255&t=8e0f49d6-35ae-47bb-9741-083c0124b67b\r\nResponse: "}
INFO 2019-06-13 01:27:53 – {"DATE_LOGS":"13/06/2019 01:27:53","INFO_LOGS":"https://www.datphuprinting.vn/ping.aspx?sign=f8aa9247fb9989b7f82791a36b882ecb&p=255&t=2aadf465-f379-444a-94ed-cf681f1d6727\r\nResponse: "}
INFO 2019-06-13 01:28:53 – {"DATE_LOGS":"13/06/2019 01:28:53","INFO_LOGS":"https://www.datphuprinting.vn/ping.aspx?sign=f8aa9247fb9989b7f82791a36b882ecb&p=255&t=95cef065-6349-4fa9-802f-84632484d5fd\r\nResponse: "}
INFO 2019-06-13 01:29:53 – {"DATE_LOGS":"13/06/2019 01:29:53","INFO_LOGS":"https://www.datphuprinting.vn/ping.aspx?sign=f8aa9247fb9989b7f82791a36b882ecb&p=255&t=ea0c8502-7c8f-4f3e-af14-7065f8033bc7\r\nResponse: "}
INFO 2019-06-13 01:30:53 – {"DATE_LOGS":"13/06/2019 01:30:53","INFO_LOGS":"https://www.datphuprinting.vn/ping.aspx?sign=f8aa9247fb9989b7f82791a36b882ecb&p=255&t=c36e0d04-ef63-4a24-a6bc-b739945f8a55\r\nResponse: "}
INFO 2019-06-13 01:31:53 – {"DATE_LOGS":"13/06/2019 01:31:53","INFO_LOGS":"https://www.datphuprinting.vn/ping.aspx?sign=f8aa9247fb9989b7f82791a36b882ecb&p=255&t=a0068ff0-6112-466a-8f12-827aacf4dcba\r\nResponse: "}
INFO 2019-06-13 01:32:53 – {"DATE_LOGS":"13/06/2019 01:32:53","INFO_LOGS":"https://www.datphuprinting.vn/ping.aspx?sign=f8aa9247fb9989b7f82791a36b882ecb&p=255&t=69fd41bc-201b-40af-b29e-ea5b17b2d042\r\nResponse: "}
INFO 2019-06-13 01:33:53 – {"DATE_LOGS":"13/06/2019 01:33:53","INFO_LOGS":"https://www.datphuprinting.vn/ping.aspx?sign=f8aa9247fb9989b7f82791a36b882ecb&p=255&t=5a6c013e-10db-428f-b3d5-4a898713dc63\r\nResponse: "}
INFO 2019-06-13 01:34:53 – {"DATE_LOGS":"13/06/2019 01:34:53","INFO_LOGS":"https://www.datphuprinting.vn/ping.aspx?sign=f8aa9247fb9989b7f82791a36b882ecb&p=255&t=eb1a0e43-0899-4730-b132-66630f5f18cf\r\nResponse: "}
INFO 2019-06-13 01:35:53 – {"DATE_LOGS":"13/06/2019 01:35:53","INFO_LOGS":"https://www.datphuprinting.vn/ping.aspx?sign=f8aa9247fb9989b7f82791a36b882ecb&p=255&t=0fdb3251-a01d-4d59-9106-264c7d55ae92\r\nResponse: "}
INFO 2019-06-13 01:36:53 – {"DATE_LOGS":"13/06/2019 01:36:53","INFO_LOGS":"https://www.datphuprinting.vn/ping.aspx?sign=f8aa9247fb9989b7f82791a36b882ecb&p=255&t=fc8252fe-8ab6-4ddc-87d9-2adc850c4adb\r\nResponse: "}
INFO 2019-06-13 01:37:53 – {"DATE_LOGS":"13/06/2019 01:37:53","INFO_LOGS":"https://www.datphuprinting.vn/ping.aspx?sign=f8aa9247fb9989b7f82791a36b882ecb&p=255&t=22d3054b-4fb5-4664-896b-34c06cfaef32\r\nResponse: "}
INFO 2019-06-13 01:38:53 – {"DATE_LOGS":"13/06/2019 01:38:53","INFO_LOGS":"https://www.datphuprinting.vn/ping.aspx?sign=f8aa9247fb9989b7f82791a36b882ecb&p=255&t=95d69a11-e32d-463a-9c62-dfbfe53c60c9\r\nResponse: "}
INFO 2019-06-13 01:39:53 – {"DATE_LOGS":"13/06/2019 01:39:53","INFO_LOGS":"https://www.datphuprinting.vn/ping.aspx?sign=f8aa9247fb9989b7f82791a36b882ecb&p=255&t=4c7c1a35-1e62-4016-a8f2-3ffed8205a07\r\nResponse: "}
INFO 2019-06-13 01:40:53 – {"DATE_LOGS":"13/06/2019 01:40:53","INFO_LOGS":"https://www.datphuprinting.vn/ping.aspx?sign=f8aa9247fb9989b7f82791a36b882ecb&p=255&t=4cfeb67d-cdef-46f1-8c8e-bbdb3b725e8f\r\nResponse: "}
INFO 2019-06-13 01:41:53 – {"DATE_LOGS":"13/06/2019 01:41:53","INFO_LOGS":"https://www.datphuprinting.vn/ping.aspx?sign=f8aa9247fb9989b7f82791a36b882ecb&p=255&t=8ddae58f-bea9-4851-bbbd-5848a941bb92\r\nResponse: "}
INFO 2019-06-13 01:42:53 – {"DATE_LOGS":"13/06/2019 01:42:53","INFO_LOGS":"https://www.datphuprinting.vn/ping.aspx?sign=f8aa9247fb9989b7f82791a36b882ecb&p=255&t=b99f8cb4-e3a7-4b75-9ee8-9411fd968e0d\r\nResponse: "}
INFO 2019-06-13 01:43:53 – {"DATE_LOGS":"13/06/2019 01:43:53","INFO_LOGS":"https://www.datphuprinting.vn/ping.aspx?sign=f8aa9247fb9989b7f82791a36b882ecb&p=255&t=37fa601f-62ce-4411-8ed5-f11a6fabaf91\r\nResponse: "}
INFO 2019-06-13 01:44:53 – {"DATE_LOGS":"13/06/2019 01:44:53","INFO_LOGS":"https://www.datphuprinting.vn/ping.aspx?sign=f8aa9247fb9989b7f82791a36b882ecb&p=255&t=36389af3-2989-4385-9e5b-7d5d54e286c9\r\nResponse: "}
INFO 2019-06-13 01:45:53 – {"DATE_LOGS":"13/06/2019 01:45:53","INFO_LOGS":"https://www.datphuprinting.vn/ping.aspx?sign=f8aa9247fb9989b7f82791a36b882ecb&p=255&t=ea5b1dc1-9798-4e7f-be10-9bc0da9405f1\r\nResponse: "}
INFO 2019-06-13 01:46:53 – {"DATE_LOGS":"13/06/2019 01:46:53","INFO_LOGS":"https://www.datphuprinting.vn/ping.aspx?sign=f8aa9247fb9989b7f82791a36b882ecb&p=255&t=9fe120cc-964d-4a7c-ad2c-6d027e285fec\r\nResponse: "}
INFO 2019-06-13 01:47:53 – {"DATE_LOGS":"13/06/2019 01:47:53","INFO_LOGS":"https://www.datphuprinting.vn/ping.aspx?sign=f8aa9247fb9989b7f82791a36b882ecb&p=255&t=967ba324-0a20-4ead-b8d4-6d453e63daaf\r\nResponse: "}
INFO 2019-06-13 01:48:53 – {"DATE_LOGS":"13/06/2019 01:48:53","INFO_LOGS":"https://www.datphuprinting.vn/ping.aspx?sign=f8aa9247fb9989b7f82791a36b882ecb&p=255&t=1491ca18-a701-4cd8-96c6-e21658c54d9c\r\nResponse: "}
INFO 2019-06-13 01:49:53 – {"DATE_LOGS":"13/06/2019 01:49:53","INFO_LOGS":"https://www.datphuprinting.vn/ping.aspx?sign=f8aa9247fb9989b7f82791a36b882ecb&p=255&t=bdcccf9f-68aa-49a2-b355-ae69a763465f\r\nResponse: "}
INFO 2019-06-13 01:50:53 – {"DATE_LOGS":"13/06/2019 01:50:53","INFO_LOGS":"https://www.datphuprinting.vn/ping.aspx?sign=f8aa9247fb9989b7f82791a36b882ecb&p=255&t=8133e141-2a8b-4c73-9e70-982c65a66c55\r\nResponse: "}
INFO 2019-06-13 01:51:53 – {"DATE_LOGS":"13/06/2019 01:51:53","INFO_LOGS":"https://www.datphuprinting.vn/ping.aspx?sign=f8aa9247fb9989b7f82791a36b882ecb&p=255&t=aaeb07ef-f20a-4a33-8c15-a9cf2183a809\r\nResponse: "}
INFO 2019-06-13 01:52:53 – {"DATE_LOGS":"13/06/2019 01:52:53","INFO_LOGS":"https://www.datphuprinting.vn/ping.aspx?sign=f8aa9247fb9989b7f82791a36b882ecb&p=255&t=ae9c6ef0-ae5f-4423-9bcf-a3a480de273b\r\nResponse: "}
INFO 2019-06-13 01:53:53 – {"DATE_LOGS":"13/06/2019 01:53:53","INFO_LOGS":"https://www.datphuprinting.vn/ping.aspx?sign=f8aa9247fb9989b7f82791a36b882ecb&p=255&t=490f43f5-5205-427f-856d-70e3e4308e5f\r\nResponse: "}
INFO 2019-06-13 01:55:03 – {"DATE_LOGS":"13/06/2019 01:54:53","INFO_LOGS":"https://www.datphuprinting.vn/ping.aspx?sign=f8aa9247fb9989b7f82791a36b882ecb&p=255&t=8a00fd53-1827-4ff1-98a7-fdf14fa2a539\r\nResponse: "}
INFO 2019-06-13 01:56:03 – {"DATE_LOGS":"13/06/2019 01:55:53","INFO_LOGS":"https://www.datphuprinting.vn/ping.aspx?sign=f8aa9247fb9989b7f82791a36b882ecb&p=255&t=e2870b00-5a08-4f31-87f5-2778c65fd73a\r\nResponse: "}
INFO 2019-06-13 01:57:03 – {"DATE_LOGS":"13/06/2019 01:56:53","INFO_LOGS":"https://www.datphuprinting.vn/ping.aspx?sign=f8aa9247fb9989b7f82791a36b882ecb&p=255&t=e46a8474-9e1e-45c5-bea2-61b74d8918de\r\nResponse: "}
INFO 2019-06-13 01:58:03 – {"DATE_LOGS":"13/06/2019 01:57:53","INFO_LOGS":"https://www.datphuprinting.vn/ping.aspx?sign=f8aa9247fb9989b7f82791a36b882ecb&p=255&t=89ec1b0f-907c-444a-ad94-2e8da0ea68c1\r\nResponse: "}
INFO 2019-06-13 01:59:03 – {"DATE_LOGS":"13/06/2019 01:58:53","INFO_LOGS":"https://www.datphuprinting.vn/ping.aspx?sign=f8aa9247fb9989b7f82791a36b882ecb&p=255&t=6d798f4e-65f5-4e80-ada4-a8a59c34eb51\r\nResponse: "}
INFO 2019-06-13 02:00:03 – {"DATE_LOGS":"13/06/2019 01:59:53","INFO_LOGS":"https://www.datphuprinting.vn/ping.aspx?sign=f8aa9247fb9989b7f82791a36b882ecb&p=255&t=947a8a65-ae17-4afe-b55f-80017b18408b\r\nResponse: "}
INFO 2019-06-13 02:01:03 – {"DATE_LOGS":"13/06/2019 02:00:53","INFO_LOGS":"https://www.datphuprinting.vn/ping.aspx?sign=f8aa9247fb9989b7f82791a36b882ecb&p=255&t=edeb2844-1422-45c2-b29c-93ad5eeb42d5\r\nResponse: "}
INFO 2019-06-13 02:02:03 – {"DATE_LOGS":"13/06/2019 02:01:53","INFO_LOGS":"https://www.datphuprinting.vn/ping.aspx?sign=f8aa9247fb9989b7f82791a36b882ecb&p=255&t=79440a09-419b-4aa2-a497-e8a95640e538\r\nResponse: "}
INFO 2019-06-13 02:03:03 – {"DATE_LOGS":"13/06/2019 02:02:53","INFO_LOGS":"https://www.datphuprinting.vn/ping.aspx?sign=f8aa9247fb9989b7f82791a36b882ecb&p=255&t=e78b9fe8-6ac4-4381-9b7b-782b32d328fa\r\nResponse: "}
INFO 2019-06-13 02:04:03 – {"DATE_LOGS":"13/06/2019 02:03:53","INFO_LOGS":"https://www.datphuprinting.vn/ping.aspx?sign=f8aa9247fb9989b7f82791a36b882ecb&p=255&t=aaddb3fd-4cf0-47cb-b0af-5e28c7991ebd\r\nResponse: "}
INFO 2019-06-13 02:05:03 – {"DATE_LOGS":"13/06/2019 02:04:53","INFO_LOGS":"https://www.datphuprinting.vn/ping.aspx?sign=f8aa9247fb9989b7f82791a36b882ecb&p=255&t=551ea942-6f72-43ea-bc16-1452b7204ad6\r\nResponse: "}
INFO 2019-06-13 02:06:03 – {"DATE_LOGS":"13/06/2019 02:05:53","INFO_LOGS":"https://www.datphuprinting.vn/ping.aspx?sign=f8aa9247fb9989b7f82791a36b882ecb&p=255&t=8bbe759b-7191-42c9-a0aa-09d611e4ad12\r\nResponse: "}
INFO 2019-06-13 02:07:03 – {"DATE_LOGS":"13/06/2019 02:06:53","INFO_LOGS":"https://www.datphuprinting.vn/ping.aspx?sign=f8aa9247fb9989b7f82791a36b882ecb&p=255&t=4b55d905-09b6-4509-8fbf-8b453882edd5\r\nResponse: "}
INFO 2019-06-13 02:08:03 – {"DATE_LOGS":"13/06/2019 02:07:53","INFO_LOGS":"https://www.datphuprinting.vn/ping.aspx?sign=f8aa9247fb9989b7f82791a36b882ecb&p=255&t=1a7c299c-908f-41ce-a05c-0c0dc443838a\r\nResponse: "}
INFO 2019-06-13 02:09:03 – {"DATE_LOGS":"13/06/2019 02:08:53","INFO_LOGS":"https://www.datphuprinting.vn/ping.aspx?sign=f8aa9247fb9989b7f82791a36b882ecb&p=255&t=ad5a5702-1083-41af-ae77-401bbbdc6b59\r\nResponse: "}
INFO 2019-06-13 02:10:03 – {"DATE_LOGS":"13/06/2019 02:09:53","INFO_LOGS":"https://www.datphuprinting.vn/ping.aspx?sign=f8aa9247fb9989b7f82791a36b882ecb&p=255&t=8f16f074-884f-46a0-bcbc-57e00cfd45e6\r\nResponse: "}
INFO 2019-06-13 02:11:03 – {"DATE_LOGS":"13/06/2019 02:10:53","INFO_LOGS":"https://www.datphuprinting.vn/ping.aspx?sign=f8aa9247fb9989b7f82791a36b882ecb&p=255&t=38499c73-80ab-47d7-a9a9-6734d756f4fb\r\nResponse: "}
INFO 2019-06-13 02:12:03 – {"DATE_LOGS":"13/06/2019 02:11:53","INFO_LOGS":"https://www.datphuprinting.vn/ping.aspx?sign=f8aa9247fb9989b7f82791a36b882ecb&p=255&t=4d63a568-c2f6-41d8-bb5c-b18beacf3d27\r\nResponse: "}
INFO 2019-06-13 02:13:03 – {"DATE_LOGS":"13/06/2019 02:12:53","INFO_LOGS":"https://www.datphuprinting.vn/ping.aspx?sign=f8aa9247fb9989b7f82791a36b882ecb&p=255&t=9ab2f87e-b41d-4dd1-93a1-be2b2aa3cb65\r\nResponse: "}
INFO 2019-06-13 02:14:03 – {"DATE_LOGS":"13/06/2019 02:13:53","INFO_LOGS":"https://www.datphuprinting.vn/ping.aspx?sign=f8aa9247fb9989b7f82791a36b882ecb&p=255&t=00c2f856-0619-4632-a434-bf6280cabe44\r\nResponse: "}
INFO 2019-06-13 02:15:03 – {"DATE_LOGS":"13/06/2019 02:14:53","INFO_LOGS":"https://www.datphuprinting.vn/ping.aspx?sign=f8aa9247fb9989b7f82791a36b882ecb&p=255&t=4c2ac010-50a4-4732-bcc4-2ea5c6594b5a\r\nResponse: "}
INFO 2019-06-13 02:45:47 – {"DATE_LOGS":"13/06/2019 02:45:38","INFO_LOGS":"https://www.datphuprinting.vn/ping.aspx?sign=f8aa9247fb9989b7f82791a36b882ecb&p=255&t=38538deb-6593-4d4a-b9fc-05f17f515b8f\r\nResponse: "}
INFO 2019-06-13 02:46:47 – {"DATE_LOGS":"13/06/2019 02:46:38","INFO_LOGS":"https://www.datphuprinting.vn/ping.aspx?sign=f8aa9247fb9989b7f82791a36b882ecb&p=255&t=181e88d4-8768-4f34-8de6-8321931dd731\r\nResponse: "}
INFO 2019-06-13 02:47:47 – {"DATE_LOGS":"13/06/2019 02:47:38","INFO_LOGS":"https://www.datphuprinting.vn/ping.aspx?sign=f8aa9247fb9989b7f82791a36b882ecb&p=255&t=8de7f448-ae76-4f66-9abe-4d52aacf248a\r\nResponse: "}
INFO 2019-06-13 02:47:47 – {"DATE_LOGS":"13/06/2019 02:47:39","INFO_LOGS":"LoginWithToken: a4524d43a9a87699236d9ba0f5f5ad60,IP ::1"}
INFO 2019-06-13 02:48:47 – {"DATE_LOGS":"13/06/2019 02:48:38","INFO_LOGS":"https://www.datphuprinting.vn/ping.aspx?sign=f8aa9247fb9989b7f82791a36b882ecb&p=255&t=4eb17a2e-8f2a-4603-9141-f682fa5275d4\r\nResponse: "}
INFO 2019-06-13 02:49:47 – {"DATE_LOGS":"13/06/2019 02:49:38","INFO_LOGS":"https://www.datphuprinting.vn/ping.aspx?sign=f8aa9247fb9989b7f82791a36b882ecb&p=255&t=639f0685-cf6d-4f75-b2e3-bffc47e0a572\r\nResponse: "}
INFO 2019-06-13 02:50:47 – {"DATE_LOGS":"13/06/2019 02:50:38","INFO_LOGS":"https://www.datphuprinting.vn/ping.aspx?sign=f8aa9247fb9989b7f82791a36b882ecb&p=255&t=71b73874-88eb-44af-b1fc-3a60319b931b\r\nResponse: "}
INFO 2019-06-13 02:51:47 – {"DATE_LOGS":"13/06/2019 02:51:38","INFO_LOGS":"https://www.datphuprinting.vn/ping.aspx?sign=f8aa9247fb9989b7f82791a36b882ecb&p=255&t=e4be5341-7fbc-4298-8d77-c58f920d87ea\r\nResponse: "}
INFO 2019-06-13 02:52:47 – {"DATE_LOGS":"13/06/2019 02:52:38","INFO_LOGS":"https://www.datphuprinting.vn/ping.aspx?sign=f8aa9247fb9989b7f82791a36b882ecb&p=255&t=2c91ec40-f925-4e6b-ab25-94b25715c69d\r\nResponse: "}
INFO 2019-06-13 02:53:47 – {"DATE_LOGS":"13/06/2019 02:53:38","INFO_LOGS":"https://www.datphuprinting.vn/ping.aspx?sign=f8aa9247fb9989b7f82791a36b882ecb&p=255&t=fbf086fb-f97b-4f0a-815c-3122aa049d66\r\nResponse: "}
INFO 2019-06-13 02:54:47 – {"DATE_LOGS":"13/06/2019 02:54:38","INFO_LOGS":"https://www.datphuprinting.vn/ping.aspx?sign=f8aa9247fb9989b7f82791a36b882ecb&p=255&t=3a942dcb-e809-4640-8e5f-660327dfb94a\r\nResponse: "}
INFO 2019-06-13 02:55:47 – {"DATE_LOGS":"13/06/2019 02:55:38","INFO_LOGS":"https://www.datphuprinting.vn/ping.aspx?sign=f8aa9247fb9989b7f82791a36b882ecb&p=255&t=9c8ec511-3e8a-4963-bdcd-ac60e05104a5\r\nResponse: "}
INFO 2019-06-13 02:56:47 – {"DATE_LOGS":"13/06/2019 02:56:38","INFO_LOGS":"https://www.datphuprinting.vn/ping.aspx?sign=f8aa9247fb9989b7f82791a36b882ecb&p=255&t=d7318a97-1394-4cc8-907c-186ab79bdaa9\r\nResponse: "}
INFO 2019-06-13 02:57:47 – {"DATE_LOGS":"13/06/2019 02:57:38","INFO_LOGS":"https://www.datphuprinting.vn/ping.aspx?sign=f8aa9247fb9989b7f82791a36b882ecb&p=255&t=2d1992fe-0055-484b-bcbf-afa7e7fdce22\r\nResponse: "}
INFO 2019-06-13 02:58:47 – {"DATE_LOGS":"13/06/2019 02:58:38","INFO_LOGS":"https://www.datphuprinting.vn/ping.aspx?sign=f8aa9247fb9989b7f82791a36b882ecb&p=255&t=f79ef42c-8912-4330-8d39-9ffe120aaa66\r\nResponse: "}
INFO 2019-06-13 02:59:47 – {"DATE_LOGS":"13/06/2019 02:59:38","INFO_LOGS":"https://www.datphuprinting.vn/ping.aspx?sign=f8aa9247fb9989b7f82791a36b882ecb&p=255&t=e004c3ca-e0fc-4af2-a3f7-6c57332cbdd9\r\nResponse: "}
INFO 2019-06-13 03:00:47 – {"DATE_LOGS":"13/06/2019 03:00:38","INFO_LOGS":"https://www.datphuprinting.vn/ping.aspx?sign=f8aa9247fb9989b7f82791a36b882ecb&p=255&t=668f2582-e8b4-4b7d-a28b-18c9d33a412c\r\nResponse: "}
INFO 2019-06-13 03:01:47 – {"DATE_LOGS":"13/06/2019 03:01:38","INFO_LOGS":"https://www.datphuprinting.vn/ping.aspx?sign=f8aa9247fb9989b7f82791a36b882ecb&p=255&t=bafcb2dd-b100-4302-9d64-f2305ff70aa5\r\nResponse: "}
INFO 2019-06-13 03:02:47 – {"DATE_LOGS":"13/06/2019 03:02:38","INFO_LOGS":"https://www.datphuprinting.vn/ping.aspx?sign=f8aa9247fb9989b7f82791a36b882ecb&p=255&t=e07a461b-73b4-49db-943b-8c2adc735b02\r\nResponse: "}
INFO 2019-06-13 03:03:47 – {"DATE_LOGS":"13/06/2019 03:03:38","INFO_LOGS":"https://www.datphuprinting.vn/ping.aspx?sign=f8aa9247fb9989b7f82791a36b882ecb&p=255&t=cea286ab-4703-4b53-ba82-47a534faa1db\r\nResponse: "}
INFO 2019-06-13 03:04:47 – {"DATE_LOGS":"13/06/2019 03:04:38","INFO_LOGS":"https://www.datphuprinting.vn/ping.aspx?sign=f8aa9247fb9989b7f82791a36b882ecb&p=255&t=2bcc96f0-c4c4-4abb-844b-5c5ec5e16b56\r\nResponse: "}
INFO 2019-06-13 03:05:47 – {"DATE_LOGS":"13/06/2019 03:05:38","INFO_LOGS":"https://www.datphuprinting.vn/ping.aspx?sign=f8aa9247fb9989b7f82791a36b882ecb&p=255&t=ed13fb4d-480c-4291-bcda-1bbb2fb9d5b0\r\nResponse: "}
INFO 2019-06-13 03:06:47 – {"DATE_LOGS":"13/06/2019 03:06:38","INFO_LOGS":"https://www.datphuprinting.vn/ping.aspx?sign=f8aa9247fb9989b7f82791a36b882ecb&p=255&t=33ff27a8-614e-45da-a6b8-bc63ecf580cf\r\nResponse: "}
INFO 2019-06-13 03:07:47 – {"DATE_LOGS":"13/06/2019 03:07:38","INFO_LOGS":"https://www.datphuprinting.vn/ping.aspx?sign=f8aa9247fb9989b7f82791a36b882ecb&p=255&t=9b1b09b9-fcab-4ea8-b6c2-54d9d01dd503\r\nResponse: "}
INFO 2019-06-13 03:08:47 – {"DATE_LOGS":"13/06/2019 03:08:38","INFO_LOGS":"https://www.datphuprinting.vn/ping.aspx?sign=f8aa9247fb9989b7f82791a36b882ecb&p=255&t=d7cbd22c-42ba-4df6-a84d-0fdb081fb137\r\nResponse: "}
INFO 2019-06-13 03:09:47 – {"DATE_LOGS":"13/06/2019 03:09:38","INFO_LOGS":"https://www.datphuprinting.vn/ping.aspx?sign=f8aa9247fb9989b7f82791a36b882ecb&p=255&t=3938b109-3505-488c-9888-222e51296deb\r\nResponse: "}
INFO 2019-06-13 03:10:47 – {"DATE_LOGS":"13/06/2019 03:10:38","INFO_LOGS":"https://www.datphuprinting.vn/ping.aspx?sign=f8aa9247fb9989b7f82791a36b882ecb&p=255&t=87c159e5-10a8-403a-b037-64f1c1a51f57\r\nResponse: "}
INFO 2019-06-13 03:11:47 – {"DATE_LOGS":"13/06/2019 03:11:38","INFO_LOGS":"https://www.datphuprinting.vn/ping.aspx?sign=f8aa9247fb9989b7f82791a36b882ecb&p=255&t=53559bda-9dac-43a9-99cb-9cb02248889b\r\nResponse: "}
INFO 2019-06-13 03:12:47 – {"DATE_LOGS":"13/06/2019 03:12:38","INFO_LOGS":"https://www.datphuprinting.vn/ping.aspx?sign=f8aa9247fb9989b7f82791a36b882ecb&p=255&t=de4b627c-f6bf-435b-857f-704fb2c098b2\r\nResponse: "}
INFO 2019-06-13 03:13:47 – {"DATE_LOGS":"13/06/2019 03:13:38","INFO_LOGS":"https://www.datphuprinting.vn/ping.aspx?sign=f8aa9247fb9989b7f82791a36b882ecb&p=255&t=f4ff05a0-67e2-4a68-a2e5-90cfe903707d\r\nResponse: "}
INFO 2019-06-13 03:14:47 – {"DATE_LOGS":"13/06/2019 03:14:38","INFO_LOGS":"https://www.datphuprinting.vn/ping.aspx?sign=f8aa9247fb9989b7f82791a36b882ecb&p=255&t=c048944c-9b72-4a6f-8d9e-6daa445c01ba\r\nResponse: "}
INFO 2019-06-13 03:15:48 – {"DATE_LOGS":"13/06/2019 03:15:38","INFO_LOGS":"https://www.datphuprinting.vn/ping.aspx?sign=f8aa9247fb9989b7f82791a36b882ecb&p=255&t=8cd03198-1af8-4168-8c01-30a83102ae6d\r\nResponse: "}
INFO 2019-06-13 03:16:48 – {"DATE_LOGS":"13/06/2019 03:16:39","INFO_LOGS":"https://www.datphuprinting.vn/ping.aspx?sign=f8aa9247fb9989b7f82791a36b882ecb&p=255&t=d7522fcf-2609-40cd-bb42-4780a240ee1e\r\nResponse: "}
INFO 2019-06-13 03:17:48 – {"DATE_LOGS":"13/06/2019 03:17:39","INFO_LOGS":"https://www.datphuprinting.vn/ping.aspx?sign=f8aa9247fb9989b7f82791a36b882ecb&p=255&t=ecd119d4-7c9a-47d3-ab44-4f62ea758034\r\nResponse: "}
INFO 2019-06-13 03:18:48 – {"DATE_LOGS":"13/06/2019 03:18:39","INFO_LOGS":"https://www.datphuprinting.vn/ping.aspx?sign=f8aa9247fb9989b7f82791a36b882ecb&p=255&t=4a0d8d1e-529b-423f-bf3a-f0fe87be4e36\r\nResponse: "}
INFO 2019-06-13 03:19:48 – {"DATE_LOGS":"13/06/2019 03:19:39","INFO_LOGS":"https://www.datphuprinting.vn/ping.aspx?sign=f8aa9247fb9989b7f82791a36b882ecb&p=255&t=9530ab4d-9d42-4eee-b6a4-8e1dd9037c73\r\nResponse: "}
INFO 2019-06-13 03:20:48 – {"DATE_LOGS":"13/06/2019 03:20:39","INFO_LOGS":"https://www.datphuprinting.vn/ping.aspx?sign=f8aa9247fb9989b7f82791a36b882ecb&p=255&t=2d328518-6b45-494a-ac70-552f86b01b73\r\nResponse: "}
INFO 2019-06-13 03:21:48 – {"DATE_LOGS":"13/06/2019 03:21:39","INFO_LOGS":"https://www.datphuprinting.vn/ping.aspx?sign=f8aa9247fb9989b7f82791a36b882ecb&p=255&t=d2876a35-2ffa-4452-ad0f-a77632f6a022\r\nResponse: "}
INFO 2019-06-13 03:22:48 – {"DATE_LOGS":"13/06/2019 03:22:39","INFO_LOGS":"https://www.datphuprinting.vn/ping.aspx?sign=f8aa9247fb9989b7f82791a36b882ecb&p=255&t=fe550f89-fdff-4492-a33d-0a2def9a558a\r\nResponse: "}
INFO 2019-06-13 03:23:48 – {"DATE_LOGS":"13/06/2019 03:23:39","INFO_LOGS":"https://www.datphuprinting.vn/ping.aspx?sign=f8aa9247fb9989b7f82791a36b882ecb&p=255&t=1ab00624-3879-4271-b7e3-e2c3609d536b\r\nResponse: "}
INFO 2019-06-13 03:24:48 – {"DATE_LOGS":"13/06/2019 03:24:39","INFO_LOGS":"https://www.datphuprinting.vn/ping.aspx?sign=f8aa9247fb9989b7f82791a36b882ecb&p=255&t=251b0999-e89c-421b-bece-3623651f737b\r\nResponse: "}
INFO 2019-06-13 03:25:48 – {"DATE_LOGS":"13/06/2019 03:25:39","INFO_LOGS":"https://www.datphuprinting.vn/ping.aspx?sign=f8aa9247fb9989b7f82791a36b882ecb&p=255&t=2577aad5-cc95-4a81-898b-2a7d18898a3a\r\nResponse: "}
INFO 2019-06-13 03:26:48 – {"DATE_LOGS":"13/06/2019 03:26:39","INFO_LOGS":"https://www.datphuprinting.vn/ping.aspx?sign=f8aa9247fb9989b7f82791a36b882ecb&p=255&t=15a2667e-c05d-41de-bdb9-2b6434972110\r\nResponse: "}
INFO 2019-06-13 03:27:48 – {"DATE_LOGS":"13/06/2019 03:27:39","INFO_LOGS":"https://www.datphuprinting.vn/ping.aspx?sign=f8aa9247fb9989b7f82791a36b882ecb&p=255&t=9eb4993f-9fcc-490d-afa1-bbcb5cedb4f1\r\nResponse: "}
INFO 2019-06-13 03:28:48 – {"DATE_LOGS":"13/06/2019 03:28:39","INFO_LOGS":"https://www.datphuprinting.vn/ping.aspx?sign=f8aa9247fb9989b7f82791a36b882ecb&p=255&t=d222b204-d741-4b84-a4b1-cab0393a7e4b\r\nResponse: "}
INFO 2019-06-13 03:29:48 – {"DATE_LOGS":"13/06/2019 03:29:39","INFO_LOGS":"https://www.datphuprinting.vn/ping.aspx?sign=f8aa9247fb9989b7f82791a36b882ecb&p=255&t=896d0714-0abf-4360-ab08-8f8a03c268c0\r\nResponse: "}
INFO 2019-06-13 03:30:48 – {"DATE_LOGS":"13/06/2019 03:30:39","INFO_LOGS":"https://www.datphuprinting.vn/ping.aspx?sign=f8aa9247fb9989b7f82791a36b882ecb&p=255&t=52f68eda-f7e7-4228-a03e-8954d5f97a70\r\nResponse: "}
INFO 2019-06-13 03:31:48 – {"DATE_LOGS":"13/06/2019 03:31:39","INFO_LOGS":"https://www.datphuprinting.vn/ping.aspx?sign=f8aa9247fb9989b7f82791a36b882ecb&p=255&t=85a32bd9-225d-419c-bec8-166bb63dd683\r\nResponse: "}
INFO 2019-06-13 03:32:48 – {"DATE_LOGS":"13/06/2019 03:32:39","INFO_LOGS":"https://www.datphuprinting.vn/ping.aspx?sign=f8aa9247fb9989b7f82791a36b882ecb&p=255&t=d1530db5-7829-4d21-8add-5a565a62ab9c\r\nResponse: "}
INFO 2019-06-13 03:33:48 – {"DATE_LOGS":"13/06/2019 03:33:39","INFO_LOGS":"https://www.datphuprinting.vn/ping.aspx?sign=f8aa9247fb9989b7f82791a36b882ecb&p=255&t=7055b9c2-023c-4e3e-81a2-029412b053b1\r\nResponse: "}
INFO 2019-06-13 03:34:48 – {"DATE_LOGS":"13/06/2019 03:34:39","INFO_LOGS":"https://www.datphuprinting.vn/ping.aspx?sign=f8aa9247fb9989b7f82791a36b882ecb&p=255&t=e2ab1cc8-ae6e-4969-a192-4565c2cdb19b\r\nResponse: "}
INFO 2019-06-13 03:35:48 – {"DATE_LOGS":"13/06/2019 03:35:39","INFO_LOGS":"https://www.datphuprinting.vn/ping.aspx?sign=f8aa9247fb9989b7f82791a36b882ecb&p=255&t=5b8eba82-0214-4938-8aec-6453f7cf8b09\r\nResponse: "}
INFO 2019-06-13 03:36:48 – {"DATE_LOGS":"13/06/2019 03:36:39","INFO_LOGS":"https://www.datphuprinting.vn/ping.aspx?sign=f8aa9247fb9989b7f82791a36b882ecb&p=255&t=983cf4e1-42b1-4aec-8bfd-c53f2cbe4974\r\nResponse: "}
INFO 2019-06-13 03:37:48 – {"DATE_LOGS":"13/06/2019 03:37:39","INFO_LOGS":"https://www.datphuprinting.vn/ping.aspx?sign=f8aa9247fb9989b7f82791a36b882ecb&p=255&t=0b1a35ba-02d6-4548-b731-f088459ebf0a\r\nResponse: "}
INFO 2019-06-13 03:38:48 – {"DATE_LOGS":"13/06/2019 03:38:39","INFO_LOGS":"https://www.datphuprinting.vn/ping.aspx?sign=f8aa9247fb9989b7f82791a36b882ecb&p=255&t=ccdee850-c702-44c3-8a5b-9a4a40ac5940\r\nResponse: "}
INFO 2019-06-13 03:39:48 – {"DATE_LOGS":"13/06/2019 03:39:39","INFO_LOGS":"https://www.datphuprinting.vn/ping.aspx?sign=f8aa9247fb9989b7f82791a36b882ecb&p=255&t=99527db8-912e-40d2-999c-8262d15488bb\r\nResponse: "}
INFO 2019-06-13 03:40:48 – {"DATE_LOGS":"13/06/2019 03:40:39","INFO_LOGS":"https://www.datphuprinting.vn/ping.aspx?sign=f8aa9247fb9989b7f82791a36b882ecb&p=255&t=43870b24-2901-4ce2-8d3a-879b7afb7aee\r\nResponse: "}
INFO 2019-06-13 03:41:48 – {"DATE_LOGS":"13/06/2019 03:41:39","INFO_LOGS":"https://www.datphuprinting.vn/ping.aspx?sign=f8aa9247fb9989b7f82791a36b882ecb&p=255&t=89a27ead-cffc-42b6-9d5b-10511d9f547b\r\nResponse: "}
INFO 2019-06-13 03:42:48 – {"DATE_LOGS":"13/06/2019 03:42:39","INFO_LOGS":"https://www.datphuprinting.vn/ping.aspx?sign=f8aa9247fb9989b7f82791a36b882ecb&p=255&t=4d8728b8-e087-42f2-a422-bc585e62e895\r\nResponse: "}
INFO 2019-06-13 03:43:48 – {"DATE_LOGS":"13/06/2019 03:43:39","INFO_LOGS":"https://www.datphuprinting.vn/ping.aspx?sign=f8aa9247fb9989b7f82791a36b882ecb&p=255&t=4ac3e2e1-a3fe-456f-8948-8e751dd28948\r\nResponse: "}
INFO 2019-06-13 03:44:48 – {"DATE_LOGS":"13/06/2019 03:44:39","INFO_LOGS":"https://www.datphuprinting.vn/ping.aspx?sign=f8aa9247fb9989b7f82791a36b882ecb&p=255&t=f08354d0-006b-45d8-af53-f07f9d815f5b\r\nResponse: "}
INFO 2019-06-13 03:45:48 – {"DATE_LOGS":"13/06/2019 03:45:40","INFO_LOGS":"https://www.datphuprinting.vn/ping.aspx?sign=f8aa9247fb9989b7f82791a36b882ecb&p=255&t=20b3188a-bc03-4227-b473-7a564dd7e057\r\nResponse: "}
INFO 2019-06-13 03:46:48 – {"DATE_LOGS":"13/06/2019 03:46:40","INFO_LOGS":"https://www.datphuprinting.vn/ping.aspx?sign=f8aa9247fb9989b7f82791a36b882ecb&p=255&t=9e7eebc8-3327-44cb-b926-37fbd7bb7ae2\r\nResponse: "}
INFO 2019-06-13 03:47:48 – {"DATE_LOGS":"13/06/2019 03:47:40","INFO_LOGS":"https://www.datphuprinting.vn/ping.aspx?sign=f8aa9247fb9989b7f82791a36b882ecb&p=255&t=e33537e1-a52e-429f-afd2-342f0ccad934\r\nResponse: "}
INFO 2019-06-13 03:48:48 – {"DATE_LOGS":"13/06/2019 03:48:40","INFO_LOGS":"https://www.datphuprinting.vn/ping.aspx?sign=f8aa9247fb9989b7f82791a36b882ecb&p=255&t=3eb1e217-eeb2-4855-95c8-d6e301d3ae9a\r\nResponse: "}
INFO 2019-06-13 03:49:48 – {"DATE_LOGS":"13/06/2019 03:49:40","INFO_LOGS":"https://www.datphuprinting.vn/ping.aspx?sign=f8aa9247fb9989b7f82791a36b882ecb&p=255&t=3925bf8e-f215-4f17-85da-ab79fe5b3400\r\nResponse: "}
INFO 2019-06-13 03:50:48 – {"DATE_LOGS":"13/06/2019 03:50:40","INFO_LOGS":"https://www.datphuprinting.vn/ping.aspx?sign=f8aa9247fb9989b7f82791a36b882ecb&p=255&t=6f665b12-2bab-4547-a101-719eb733447a\r\nResponse: "}
INFO 2019-06-13 03:51:48 – {"DATE_LOGS":"13/06/2019 03:51:40","INFO_LOGS":"https://www.datphuprinting.vn/ping.aspx?sign=f8aa9247fb9989b7f82791a36b882ecb&p=255&t=6970402e-7cc9-4642-be3d-752dfc1829a1\r\nResponse: "}
INFO 2019-06-13 03:52:48 – {"DATE_LOGS":"13/06/2019 03:52:40","INFO_LOGS":"https://www.datphuprinting.vn/ping.aspx?sign=f8aa9247fb9989b7f82791a36b882ecb&p=255&t=d53203e2-a81c-4c6a-94c2-c058c18fa56b\r\nResponse: "}
INFO 2019-06-13 03:53:48 – {"DATE_LOGS":"13/06/2019 03:53:40","INFO_LOGS":"https://www.datphuprinting.vn/ping.aspx?sign=f8aa9247fb9989b7f82791a36b882ecb&p=255&t=e10c7536-32ea-4323-b7a1-f41c3dea6111\r\nResponse: "}
INFO 2019-06-13 03:54:48 – {"DATE_LOGS":"13/06/2019 03:54:40","INFO_LOGS":"https://www.datphuprinting.vn/ping.aspx?sign=f8aa9247fb9989b7f82791a36b882ecb&p=255&t=30c2568d-0e17-45dc-b352-dcc82777c783\r\nResponse: "}
INFO 2019-06-13 03:55:48 – {"DATE_LOGS":"13/06/2019 03:55:40","INFO_LOGS":"https://www.datphuprinting.vn/ping.aspx?sign=f8aa9247fb9989b7f82791a36b882ecb&p=255&t=9b566188-cc87-4d9b-9f74-bfa630f42c51\r\nResponse: "}
INFO 2019-06-13 04:12:37 – {"DATE_LOGS":"13/06/2019 04:12:37","INFO_LOGS":"***** SERVER START *****"}
INFO 2019-06-13 04:12:47 – {"DATE_LOGS":"13/06/2019 04:12:38","INFO_LOGS":"https://www.datphuprinting.vn/ping.aspx?sign=f8aa9247fb9989b7f82791a36b882ecb&p=255&t=c1d47088-1b55-4178-9ec2-8c5f08725e11\r\nResponse: "}
INFO 2019-06-13 04:12:47 – {"DATE_LOGS":"13/06/2019 04:12:39","INFO_LOGS":"LoginWithToken: a4524d43a9a87699236d9ba0f5f5ad60,IP ::1"}
INFO 2019-06-13 04:13:47 – {"DATE_LOGS":"13/06/2019 04:13:38","INFO_LOGS":"https://www.datphuprinting.vn/ping.aspx?sign=f8aa9247fb9989b7f82791a36b882ecb&p=255&t=5914cf42-2321-40ea-a79d-601e7dd28f18\r\nResponse: "}
INFO 2019-06-13 04:14:47 – {"DATE_LOGS":"13/06/2019 04:14:38","INFO_LOGS":"https://www.datphuprinting.vn/ping.aspx?sign=f8aa9247fb9989b7f82791a36b882ecb&p=255&t=ec52701c-3ea1-4849-9710-0c2ff2c35832\r\nResponse: "}
INFO 2019-06-13 04:15:47 – {"DATE_LOGS":"13/06/2019 04:15:38","INFO_LOGS":"https://www.datphuprinting.vn/ping.aspx?sign=f8aa9247fb9989b7f82791a36b882ecb&p=255&t=7447fe53-8359-4049-9fe4-2def08f0243d\r\nResponse: "}
INFO 2019-06-13 04:16:47 – {"DATE_LOGS":"13/06/2019 04:16:38","INFO_LOGS":"https://www.datphuprinting.vn/ping.aspx?sign=f8aa9247fb9989b7f82791a36b882ecb&p=255&t=ee3ad3de-c248-4209-914a-f02a791ca90f\r\nResponse: "}
INFO 2019-06-13 04:17:47 – {"DATE_LOGS":"13/06/2019 04:17:38","INFO_LOGS":"https://www.datphuprinting.vn/ping.aspx?sign=f8aa9247fb9989b7f82791a36b882ecb&p=255&t=e0eccee7-4537-444b-9c5e-4c3977bb96a4\r\nResponse: "}
INFO 2019-06-13 04:18:47 – {"DATE_LOGS":"13/06/2019 04:18:38","INFO_LOGS":"https://www.datphuprinting.vn/ping.aspx?sign=f8aa9247fb9989b7f82791a36b882ecb&p=255&t=3d277ff8-fd8c-4b19-8bdf-ce0f362da00c\r\nResponse: "}
INFO 2019-06-13 04:19:47 – {"DATE_LOGS":"13/06/2019 04:19:38","INFO_LOGS":"https://www.datphuprinting.vn/ping.aspx?sign=f8aa9247fb9989b7f82791a36b882ecb&p=255&t=f858e9c5-f943-4fe9-8bc0-5bec89a82310\r\nResponse: "}
INFO 2019-06-13 04:20:47 – {"DATE_LOGS":"13/06/2019 04:20:38","INFO_LOGS":"https://www.datphuprinting.vn/ping.aspx?sign=f8aa9247fb9989b7f82791a36b882ecb&p=255&t=098da29e-a168-485b-9795-d895f20faab8\r\nResponse: "}
INFO 2019-06-13 04:21:47 – {"DATE_LOGS":"13/06/2019 04:21:38","INFO_LOGS":"https://www.datphuprinting.vn/ping.aspx?sign=f8aa9247fb9989b7f82791a36b882ecb&p=255&t=9e6cc431-6b28-40ef-a945-0ae877e6116f\r\nResponse: "}
INFO 2019-06-13 04:22:47 – {"DATE_LOGS":"13/06/2019 04:22:38","INFO_LOGS":"https://www.datphuprinting.vn/ping.aspx?sign=f8aa9247fb9989b7f82791a36b882ecb&p=255&t=8288fcb5-96b0-49fc-9cb4-47be3e4efff1\r\nResponse: "}
INFO 2019-06-13 04:23:47 – {"DATE_LOGS":"13/06/2019 04:23:38","INFO_LOGS":"https://www.datphuprinting.vn/ping.aspx?sign=f8aa9247fb9989b7f82791a36b882ecb&p=255&t=2d38b36d-c608-44a3-bce6-2031903c9588\r\nResponse: "}
INFO 2019-06-13 04:24:17 – {"DATE_LOGS":"13/06/2019 04:24:14","INFO_LOGS":"LoginWithToken: a4524d43a9a87699236d9ba0f5f5ad60,IP ::1"}
INFO 2019-06-13 04:24:47 – {"DATE_LOGS":"13/06/2019 04:24:38","INFO_LOGS":"https://www.datphuprinting.vn/ping.aspx?sign=f8aa9247fb9989b7f82791a36b882ecb&p=255&t=c3d0ac05-10e4-4ecb-82a7-b60e9df619e2\r\nResponse: "}
INFO 2019-06-13 04:25:47 – {"DATE_LOGS":"13/06/2019 04:25:38","INFO_LOGS":"https://www.datphuprinting.vn/ping.aspx?sign=f8aa9247fb9989b7f82791a36b882ecb&p=255&t=c809c977-2e17-43e4-91cc-ede00d0d983e\r\nResponse: "}
INFO 2019-06-13 04:26:47 – {"DATE_LOGS":"13/06/2019 04:26:38","INFO_LOGS":"https://www.datphuprinting.vn/ping.aspx?sign=f8aa9247fb9989b7f82791a36b882ecb&p=255&t=cbfb256a-c720-49a3-be1f-3bd37bb0f8bd\r\nResponse: "}
INFO 2019-06-13 04:27:47 – {"DATE_LOGS":"13/06/2019 04:27:38","INFO_LOGS":"https://www.datphuprinting.vn/ping.aspx?sign=f8aa9247fb9989b7f82791a36b882ecb&p=255&t=f814cbbe-db06-4f9f-ba88-0be056a967ea\r\nResponse: "}
INFO 2019-06-13 04:28:14 – {"DATE_LOGS":"13/06/2019 04:28:13","INFO_LOGS":"***** SERVER START *****"}
INFO 2019-06-13 04:28:24 – {"DATE_LOGS":"13/06/2019 04:28:14","INFO_LOGS":"https://www.datphuprinting.vn/ping.aspx?sign=f8aa9247fb9989b7f82791a36b882ecb&p=255&t=b5597772-c9d8-4545-92d4-ef43910d8b49\r\nResponse: "}
INFO 2019-06-13 04:28:24 – {"DATE_LOGS":"13/06/2019 04:28:16","INFO_LOGS":"LoginWithToken: a4524d43a9a87699236d9ba0f5f5ad60,IP ::1"}
INFO 2019-06-13 04:29:14 – {"DATE_LOGS":"13/06/2019 04:29:14","INFO_LOGS":"https://www.datphuprinting.vn/ping.aspx?sign=f8aa9247fb9989b7f82791a36b882ecb&p=255&t=ef838211-89e6-443e-a0e0-d5c84c51b039\r\nResponse: "}
INFO 2019-06-13 04:30:14 – {"DATE_LOGS":"13/06/2019 04:30:14","INFO_LOGS":"https://www.datphuprinting.vn/ping.aspx?sign=f8aa9247fb9989b7f82791a36b882ecb&p=255&t=a2907fee-8090-4260-9c12-f6e3892814f3\r\nResponse: "}
INFO 2019-06-13 04:31:14 – {"DATE_LOGS":"13/06/2019 04:31:14","INFO_LOGS":"https://www.datphuprinting.vn/ping.aspx?sign=f8aa9247fb9989b7f82791a36b882ecb&p=255&t=00296fa8-2ae5-4d7c-9261-60c9ee39baf3\r\nResponse: "}
INFO 2019-06-13 04:32:14 – {"DATE_LOGS":"13/06/2019 04:32:14","INFO_LOGS":"https://www.datphuprinting.vn/ping.aspx?sign=f8aa9247fb9989b7f82791a36b882ecb&p=255&t=9dc76f1f-62c4-486c-8a7c-ff3c54333597\r\nResponse: "}
INFO 2019-06-13 04:33:14 – {"DATE_LOGS":"13/06/2019 04:33:14","INFO_LOGS":"https://www.datphuprinting.vn/ping.aspx?sign=f8aa9247fb9989b7f82791a36b882ecb&p=255&t=72e1acbd-3206-42bc-9800-7687c9e38ba4\r\nResponse: "}
INFO 2019-06-13 04:34:14 – {"DATE_LOGS":"13/06/2019 04:34:14","INFO_LOGS":"https://www.datphuprinting.vn/ping.aspx?sign=f8aa9247fb9989b7f82791a36b882ecb&p=255&t=e1411b4f-f493-4597-8456-ccdce438f67e\r\nResponse: "}
INFO 2019-06-13 04:35:14 – {"DATE_LOGS":"13/06/2019 04:35:14","INFO_LOGS":"https://www.datphuprinting.vn/ping.aspx?sign=f8aa9247fb9989b7f82791a36b882ecb&p=255&t=9910cab2-dd37-4d42-bbd8-91ba2269aaa3\r\nResponse: "}
INFO 2019-06-13 04:36:14 – {"DATE_LOGS":"13/06/2019 04:36:14","INFO_LOGS":"https://www.datphuprinting.vn/ping.aspx?sign=f8aa9247fb9989b7f82791a36b882ecb&p=255&t=f83cf27c-0d2e-4f3b-9ecd-aa9b5b3ea99a\r\nResponse: "}
INFO 2019-06-13 04:37:05 – {"DATE_LOGS":"13/06/2019 04:37:05","INFO_LOGS":"***** SERVER START *****"}
INFO 2019-06-13 04:37:15 – {"DATE_LOGS":"13/06/2019 04:37:05","INFO_LOGS":"https://www.datphuprinting.vn/ping.aspx?sign=f8aa9247fb9989b7f82791a36b882ecb&p=255&t=803d8a97-6954-4f4c-ae00-c373b45549fc\r\nResponse: "}
INFO 2019-06-13 04:37:15 – {"DATE_LOGS":"13/06/2019 04:37:07","INFO_LOGS":"LoginWithToken: a4524d43a9a87699236d9ba0f5f5ad60,IP ::1"}
INFO 2019-06-13 04:37:15 – {"DATE_LOGS":"13/06/2019 04:37:14","INFO_LOGS":"LoginWithToken: a4524d43a9a87699236d9ba0f5f5ad60,IP ::1"}
INFO 2019-06-13 04:38:05 – {"DATE_LOGS":"13/06/2019 04:38:05","INFO_LOGS":"https://www.datphuprinting.vn/ping.aspx?sign=f8aa9247fb9989b7f82791a36b882ecb&p=255&t=2a277dcf-eb49-48e4-b577-e93c7dd019f0\r\nResponse: "}
INFO 2019-06-13 04:39:05 – {"DATE_LOGS":"13/06/2019 04:39:05","INFO_LOGS":"https://www.datphuprinting.vn/ping.aspx?sign=f8aa9247fb9989b7f82791a36b882ecb&p=255&t=a02bd5d9-8e17-45d5-935d-8e520170d08e\r\nResponse: "}
INFO 2019-06-13 04:40:25 – {"DATE_LOGS":"13/06/2019 04:40:24","INFO_LOGS":"***** SERVER START *****"}
INFO 2019-06-13 04:40:35 – {"DATE_LOGS":"13/06/2019 04:40:25","INFO_LOGS":"https://www.datphuprinting.vn/ping.aspx?sign=f8aa9247fb9989b7f82791a36b882ecb&p=255&t=18efde8f-6bd2-4232-a73f-c1fde216d345\r\nResponse: "}
INFO 2019-06-13 04:40:35 – {"DATE_LOGS":"13/06/2019 04:40:34","INFO_LOGS":"LoginWithToken: a4524d43a9a87699236d9ba0f5f5ad60,IP ::1"}
INFO 2019-06-13 04:40:43 – {"DATE_LOGS":"13/06/2019 04:40:42","INFO_LOGS":"***** SERVER START *****"}
INFO 2019-06-13 04:40:53 – {"DATE_LOGS":"13/06/2019 04:40:43","INFO_LOGS":"https://www.datphuprinting.vn/ping.aspx?sign=f8aa9247fb9989b7f82791a36b882ecb&p=255&t=c61b2cdf-5585-4139-a024-cfb978a9959f\r\nResponse: "}
INFO 2019-06-13 04:40:53 – {"DATE_LOGS":"13/06/2019 04:40:47","INFO_LOGS":"LoginWithToken: a4524d43a9a87699236d9ba0f5f5ad60,IP ::1"}
INFO 2019-06-13 04:43:06 – {"DATE_LOGS":"13/06/2019 04:42:57","INFO_LOGS":"https://www.datphuprinting.vn/ping.aspx?sign=f8aa9247fb9989b7f82791a36b882ecb&p=255&t=06186173-641c-4a1e-a3a7-64e5ec25db75\r\nResponse: "}
INFO 2019-06-13 04:43:48 – {"DATE_LOGS":"13/06/2019 04:43:45","INFO_LOGS":"LoginWithToken: a4524d43a9a87699236d9ba0f5f5ad60,IP ::1"}
INFO 2019-06-13 04:47:08 – {"DATE_LOGS":"13/06/2019 04:47:06","INFO_LOGS":"***** SERVER START *****"}
INFO 2019-06-13 04:47:18 – {"DATE_LOGS":"13/06/2019 04:47:08","INFO_LOGS":"https://www.datphuprinting.vn/ping.aspx?sign=f8aa9247fb9989b7f82791a36b882ecb&p=255&t=c0c09810-3984-4973-bba2-ff924d1777c1\r\nResponse: "}
INFO 2019-06-13 04:47:45 – {"DATE_LOGS":"13/06/2019 04:47:31","INFO_LOGS":"LoginWithToken: a4524d43a9a87699236d9ba0f5f5ad60,IP ::1"}
INFO 2019-06-13 04:48:27 – {"DATE_LOGS":"13/06/2019 04:48:13","INFO_LOGS":"https://www.datphuprinting.vn/ping.aspx?sign=f8aa9247fb9989b7f82791a36b882ecb&p=255&t=325dc0bf-4baa-471a-b7f8-1f89512ad7ae\r\nResponse: "}
INFO 2019-06-13 04:48:50 – {"DATE_LOGS":"13/06/2019 04:48:49","INFO_LOGS":"***** SERVER START *****"}
INFO 2019-06-13 04:49:00 – {"DATE_LOGS":"13/06/2019 04:48:49","INFO_LOGS":"https://www.datphuprinting.vn/ping.aspx?sign=f8aa9247fb9989b7f82791a36b882ecb&p=255&t=5ad0ec4e-b58f-42d2-80d2-ecb3da9bcb3f\r\nResponse: "}
INFO 2019-06-13 04:49:36 – {"DATE_LOGS":"13/06/2019 04:49:28","INFO_LOGS":"LoginWithToken: a4524d43a9a87699236d9ba0f5f5ad60,IP ::1"}
INFO 2019-06-13 04:49:57 – {"DATE_LOGS":"13/06/2019 04:49:50","INFO_LOGS":"https://www.datphuprinting.vn/ping.aspx?sign=f8aa9247fb9989b7f82791a36b882ecb&p=255&t=89c9ecc3-0c8c-4162-a5e9-0d7281d8fb91\r\nResponse: "}
INFO 2019-06-13 04:52:30 – {"DATE_LOGS":"13/06/2019 04:52:20","INFO_LOGS":"https://www.datphuprinting.vn/ping.aspx?sign=f8aa9247fb9989b7f82791a36b882ecb&p=255&t=7b3957a4-b94e-487f-b686-c177319a4b45\r\nResponse: "}
INFO 2019-06-13 04:53:32 – {"DATE_LOGS":"13/06/2019 04:53:22","INFO_LOGS":"https://www.datphuprinting.vn/ping.aspx?sign=f8aa9247fb9989b7f82791a36b882ecb&p=255&t=9686c4a6-c4c4-4582-8506-db2e9598d14e\r\nResponse: "}
INFO 2019-06-13 04:53:54 – {"DATE_LOGS":"13/06/2019 04:53:44","INFO_LOGS":"LoginWithToken: a4524d43a9a87699236d9ba0f5f5ad60,IP ::1"}
INFO 2019-06-13 04:58:27 – {"DATE_LOGS":"13/06/2019 04:58:27","INFO_LOGS":"***** SERVER START *****"}
INFO 2019-06-13 04:58:39 – {"DATE_LOGS":"13/06/2019 04:58:27","INFO_LOGS":"https://www.datphuprinting.vn/ping.aspx?sign=f8aa9247fb9989b7f82791a36b882ecb&p=255&t=3d354b79-afb4-4b8c-93ba-a6a4eaea028e\r\nResponse: "}
INFO 2019-06-13 04:58:49 – {"DATE_LOGS":"13/06/2019 04:58:39","INFO_LOGS":"LoginWithToken: a4524d43a9a87699236d9ba0f5f5ad60,IP ::1"}
INFO 2019-06-13 04:59:44 – {"DATE_LOGS":"13/06/2019 04:59:44","INFO_LOGS":"***** SERVER START *****"}
INFO 2019-06-13 04:59:57 – {"DATE_LOGS":"13/06/2019 04:59:45","INFO_LOGS":"https://www.datphuprinting.vn/ping.aspx?sign=f8aa9247fb9989b7f82791a36b882ecb&p=255&t=8c9f0275-f25a-4922-b6ee-4b36abde5320\r\nResponse: "}
INFO 2019-06-13 05:00:23 – {"DATE_LOGS":"13/06/2019 05:00:01","INFO_LOGS":"LoginWithToken: a4524d43a9a87699236d9ba0f5f5ad60,IP ::1"}
INFO 2019-06-13 05:00:53 – {"DATE_LOGS":"13/06/2019 05:00:45","INFO_LOGS":"https://www.datphuprinting.vn/ping.aspx?sign=f8aa9247fb9989b7f82791a36b882ecb&p=255&t=85dc472e-2b72-4c39-a6a8-51182dc51d80\r\nResponse: "}
INFO 2019-06-13 05:07:45 – {"DATE_LOGS":"13/06/2019 05:07:45","INFO_LOGS":"***** SERVER START *****"}
INFO 2019-06-13 05:07:55 – {"DATE_LOGS":"13/06/2019 05:07:45","INFO_LOGS":"https://www.datphuprinting.vn/ping.aspx?sign=f8aa9247fb9989b7f82791a36b882ecb&p=255&t=8f406371-a465-4d68-b60a-308e93e12b92\r\nResponse: "}
INFO 2019-06-13 05:07:55 – {"DATE_LOGS":"13/06/2019 05:07:49","INFO_LOGS":"LoginWithToken: a4524d43a9a87699236d9ba0f5f5ad60,IP ::1"}
INFO 2019-06-13 05:08:56 – {"DATE_LOGS":"13/06/2019 05:08:45","INFO_LOGS":"https://www.datphuprinting.vn/ping.aspx?sign=f8aa9247fb9989b7f82791a36b882ecb&p=255&t=d40e92d7-270f-42b5-a493-8556600e98d4\r\nResponse: "}
INFO 2019-06-13 08:20:35 – {"DATE_LOGS":"13/06/2019 08:20:35","INFO_LOGS":"***** SERVER START *****"}
INFO 2019-06-13 08:20:45 – {"DATE_LOGS":"13/06/2019 08:20:35","INFO_LOGS":"LoginWithToken: a4524d43a9a87699236d9ba0f5f5ad60,IP ::1"}
INFO 2019-06-13 09:15:15 – {"DATE_LOGS":"13/06/2019 09:15:15","INFO_LOGS":"***** SERVER START *****"}
INFO 2019-06-13 09:15:25 – {"DATE_LOGS":"13/06/2019 09:15:18","INFO_LOGS":"LoginWithToken: a4524d43a9a87699236d9ba0f5f5ad60,IP ::1"}
