INFO 2019-03-31 03:43:25 – {"DATE_LOGS":"31/03/2019 03:43:24","INFO_LOGS":"***** SERVER START *****"}
INFO 2019-03-31 03:44:25 – {"DATE_LOGS":"31/03/2019 03:43:25","INFO_LOGS":"https://www.datphuprinting.vn/ping.aspx?sign=f8aa9247fb9989b7f82791a36b882ecb&p=255&t=56ad5a47-b38b-4d6b-b23f-1a8d3da3588c\r\nResponse: "}
INFO 2019-03-31 03:44:25 – {"DATE_LOGS":"31/03/2019 03:43:31","INFO_LOGS":"LoginWithToken: 0812339ddaded54eb809e6e3a69f84bd,IP ::1"}
INFO 2019-03-31 03:44:25 – {"DATE_LOGS":"31/03/2019 03:43:31","INFO_LOGS":"Result: 1\r\n[{\"AccountId\":8,\"Email\":\"truongdien99@gmail.com\",\"UserName\":\"truongdien99@gmail.com\",\"Avatar\":\"\",\"Token\":\"0812339ddaded54eb809e6e3a69f84bd\",\"TokenOld\":\"\",\"PublisherId\":1}]"}
INFO 2019-03-31 03:45:26 – {"DATE_LOGS":"31/03/2019 03:44:25","INFO_LOGS":"https://www.datphuprinting.vn/ping.aspx?sign=f8aa9247fb9989b7f82791a36b882ecb&p=255&t=ec54fae8-3e96-4f04-b6dc-52862e8cb096\r\nResponse: "}
INFO 2019-03-31 03:46:27 – {"DATE_LOGS":"31/03/2019 03:45:26","INFO_LOGS":"https://www.datphuprinting.vn/ping.aspx?sign=f8aa9247fb9989b7f82791a36b882ecb&p=255&t=24f901c2-5d42-4c88-b93f-26f2d723c25f\r\nResponse: "}
INFO 2019-03-31 03:52:30 – {"DATE_LOGS":"31/03/2019 03:52:30","INFO_LOGS":"***** SERVER START *****"}
INFO 2019-03-31 03:53:30 – {"DATE_LOGS":"31/03/2019 03:52:30","INFO_LOGS":"https://www.datphuprinting.vn/ping.aspx?sign=f8aa9247fb9989b7f82791a36b882ecb&p=255&t=92a9ade0-5959-490f-944e-bce187127b48\r\nResponse: "}
INFO 2019-03-31 03:53:30 – {"DATE_LOGS":"31/03/2019 03:53:30","INFO_LOGS":"https://www.datphuprinting.vn/ping.aspx?sign=f8aa9247fb9989b7f82791a36b882ecb&p=255&t=71182601-008f-45a8-a46c-af7e0e83b067\r\nResponse: "}
INFO 2019-03-31 03:54:30 – {"DATE_LOGS":"31/03/2019 03:54:30","INFO_LOGS":"https://www.datphuprinting.vn/ping.aspx?sign=f8aa9247fb9989b7f82791a36b882ecb&p=255&t=c6b454fb-5ff4-403a-a650-21cf4c9b4e4a\r\nResponse: "}
INFO 2019-03-31 03:55:30 – {"DATE_LOGS":"31/03/2019 03:55:30","INFO_LOGS":"https://www.datphuprinting.vn/ping.aspx?sign=f8aa9247fb9989b7f82791a36b882ecb&p=255&t=4e7df36b-58be-4395-bf4b-9c9099bf53b0\r\nResponse: "}
INFO 2019-03-31 03:56:30 – {"DATE_LOGS":"31/03/2019 03:56:30","INFO_LOGS":"https://www.datphuprinting.vn/ping.aspx?sign=f8aa9247fb9989b7f82791a36b882ecb&p=255&t=bb68fd8c-91a0-476a-9a10-526585c65439\r\nResponse: "}
INFO 2019-03-31 03:57:30 – {"DATE_LOGS":"31/03/2019 03:57:30","INFO_LOGS":"https://www.datphuprinting.vn/ping.aspx?sign=f8aa9247fb9989b7f82791a36b882ecb&p=255&t=86ea1836-fba1-40a7-8395-4e4ab2194c9b\r\nResponse: "}
INFO 2019-03-31 03:58:30 – {"DATE_LOGS":"31/03/2019 03:58:30","INFO_LOGS":"https://www.datphuprinting.vn/ping.aspx?sign=f8aa9247fb9989b7f82791a36b882ecb&p=255&t=ac766a92-6e9c-44b8-89d6-bbc78a950733\r\nResponse: "}
INFO 2019-03-31 03:59:30 – {"DATE_LOGS":"31/03/2019 03:59:30","INFO_LOGS":"https://www.datphuprinting.vn/ping.aspx?sign=f8aa9247fb9989b7f82791a36b882ecb&p=255&t=8c79dea4-dbd2-4bcd-82b3-0e62316e3b59\r\nResponse: "}
INFO 2019-03-31 04:00:30 – {"DATE_LOGS":"31/03/2019 04:00:30","INFO_LOGS":"https://www.datphuprinting.vn/ping.aspx?sign=f8aa9247fb9989b7f82791a36b882ecb&p=255&t=d615a027-1a54-4626-9a43-a82391e8c00e\r\nResponse: "}
INFO 2019-03-31 04:02:32 – {"DATE_LOGS":"31/03/2019 04:01:32","INFO_LOGS":"https://www.datphuprinting.vn/ping.aspx?sign=f8aa9247fb9989b7f82791a36b882ecb&p=255&t=e2bee8b5-dbb0-4137-8cba-d9402756b979\r\nResponse: "}
INFO 2019-03-31 04:02:32 – {"DATE_LOGS":"31/03/2019 04:01:49","INFO_LOGS":"LoginWithToken: 0812339ddaded54eb809e6e3a69f84bd,IP ::1"}
INFO 2019-03-31 04:02:32 – {"DATE_LOGS":"31/03/2019 04:01:49","INFO_LOGS":"Result: 1\r\n[{\"AccountId\":8,\"Email\":\"truongdien99@gmail.com\",\"UserName\":\"truongdien99@gmail.com\",\"Avatar\":\"\",\"Token\":\"0812339ddaded54eb809e6e3a69f84bd\",\"TokenOld\":\"\",\"PublisherId\":1}]"}
INFO 2019-03-31 04:05:13 – {"DATE_LOGS":"31/03/2019 04:05:13","INFO_LOGS":"***** SERVER START *****"}
INFO 2019-03-31 04:06:15 – {"DATE_LOGS":"31/03/2019 04:05:13","INFO_LOGS":"https://www.datphuprinting.vn/ping.aspx?sign=f8aa9247fb9989b7f82791a36b882ecb&p=255&t=8ba33dd1-f4c3-46eb-8533-563072968b75\r\nResponse: "}
INFO 2019-03-31 04:06:15 – {"DATE_LOGS":"31/03/2019 04:05:21","INFO_LOGS":"LoginWithToken: 0812339ddaded54eb809e6e3a69f84bd,IP ::1"}
INFO 2019-03-31 04:06:15 – {"DATE_LOGS":"31/03/2019 04:05:21","INFO_LOGS":"LoginWithToken: 0812339ddaded54eb809e6e3a69f84bd,IP ::1"}
INFO 2019-03-31 04:06:15 – {"DATE_LOGS":"31/03/2019 04:05:22","INFO_LOGS":"Result: 1\r\n[{\"AccountId\":8,\"Email\":\"truongdien99@gmail.com\",\"UserName\":\"truongdien99@gmail.com\",\"Avatar\":\"\",\"Token\":\"0812339ddaded54eb809e6e3a69f84bd\",\"TokenOld\":\"\",\"PublisherId\":1}]"}
INFO 2019-03-31 04:06:15 – {"DATE_LOGS":"31/03/2019 04:05:22","INFO_LOGS":"Result: 1\r\n[{\"AccountId\":8,\"Email\":\"truongdien99@gmail.com\",\"UserName\":\"truongdien99@gmail.com\",\"Avatar\":\"\",\"Token\":\"0812339ddaded54eb809e6e3a69f84bd\",\"TokenOld\":\"\",\"PublisherId\":1}]"}
INFO 2019-03-31 04:07:15 – {"DATE_LOGS":"31/03/2019 04:06:15","INFO_LOGS":"https://www.datphuprinting.vn/ping.aspx?sign=f8aa9247fb9989b7f82791a36b882ecb&p=255&t=824ceec0-9247-4a85-8c5b-4f9d5eba8ccb\r\nResponse: "}
INFO 2019-03-31 04:08:15 – {"DATE_LOGS":"31/03/2019 04:07:15","INFO_LOGS":"https://www.datphuprinting.vn/ping.aspx?sign=f8aa9247fb9989b7f82791a36b882ecb&p=255&t=17ecec31-c784-4510-896c-a1018d7a3d2c\r\nResponse: "}
INFO 2019-03-31 04:09:15 – {"DATE_LOGS":"31/03/2019 04:08:15","INFO_LOGS":"https://www.datphuprinting.vn/ping.aspx?sign=f8aa9247fb9989b7f82791a36b882ecb&p=255&t=637ef305-94c7-47d7-9901-1a669204bcd9\r\nResponse: "}
INFO 2019-03-31 04:10:15 – {"DATE_LOGS":"31/03/2019 04:09:15","INFO_LOGS":"https://www.datphuprinting.vn/ping.aspx?sign=f8aa9247fb9989b7f82791a36b882ecb&p=255&t=ca1df749-da67-4af4-991b-ccd1b371aa74\r\nResponse: "}
INFO 2019-03-31 04:11:15 – {"DATE_LOGS":"31/03/2019 04:10:15","INFO_LOGS":"https://www.datphuprinting.vn/ping.aspx?sign=f8aa9247fb9989b7f82791a36b882ecb&p=255&t=df288682-cb5c-481e-ad1b-3b647e247006\r\nResponse: "}
INFO 2019-03-31 04:12:15 – {"DATE_LOGS":"31/03/2019 04:11:15","INFO_LOGS":"https://www.datphuprinting.vn/ping.aspx?sign=f8aa9247fb9989b7f82791a36b882ecb&p=255&t=406d1c1d-4642-4726-a740-3d683842545a\r\nResponse: "}
INFO 2019-03-31 04:13:15 – {"DATE_LOGS":"31/03/2019 04:12:15","INFO_LOGS":"https://www.datphuprinting.vn/ping.aspx?sign=f8aa9247fb9989b7f82791a36b882ecb&p=255&t=6717a8ad-385f-4c83-86fb-c15acb67881a\r\nResponse: "}
INFO 2019-03-31 04:14:15 – {"DATE_LOGS":"31/03/2019 04:13:15","INFO_LOGS":"https://www.datphuprinting.vn/ping.aspx?sign=f8aa9247fb9989b7f82791a36b882ecb&p=255&t=9c7ce5e7-cce0-4f72-8374-e57ea9e03990\r\nResponse: "}
INFO 2019-03-31 04:15:15 – {"DATE_LOGS":"31/03/2019 04:14:15","INFO_LOGS":"https://www.datphuprinting.vn/ping.aspx?sign=f8aa9247fb9989b7f82791a36b882ecb&p=255&t=364d15a3-8594-49e3-acad-c3914a22c001\r\nResponse: "}
INFO 2019-03-31 04:16:15 – {"DATE_LOGS":"31/03/2019 04:15:15","INFO_LOGS":"https://www.datphuprinting.vn/ping.aspx?sign=f8aa9247fb9989b7f82791a36b882ecb&p=255&t=a294ed22-4bba-4cf3-9d07-23561d6ea744\r\nResponse: "}
INFO 2019-03-31 04:17:15 – {"DATE_LOGS":"31/03/2019 04:16:15","INFO_LOGS":"https://www.datphuprinting.vn/ping.aspx?sign=f8aa9247fb9989b7f82791a36b882ecb&p=255&t=c84de219-47c8-4421-ac3e-ff73c4bd506c\r\nResponse: "}
INFO 2019-03-31 04:18:15 – {"DATE_LOGS":"31/03/2019 04:17:15","INFO_LOGS":"https://www.datphuprinting.vn/ping.aspx?sign=f8aa9247fb9989b7f82791a36b882ecb&p=255&t=16841727-b333-4ef1-a527-bb41bae7088d\r\nResponse: "}
INFO 2019-03-31 04:19:15 – {"DATE_LOGS":"31/03/2019 04:18:15","INFO_LOGS":"https://www.datphuprinting.vn/ping.aspx?sign=f8aa9247fb9989b7f82791a36b882ecb&p=255&t=a543f475-f9f7-4d0e-aa4d-e79b326ba1c8\r\nResponse: "}
