INFO 2019-07-09 12:51:17 – {"DATE_LOGS":"09/07/2019 12:51:17","INFO_LOGS":"***** SERVER START *****"}
INFO 2019-07-09 12:51:27 – {"DATE_LOGS":"09/07/2019 12:51:19","INFO_LOGS":"LoginWithToken: 4cf07c895fd7bca6f2879e47d1623183,IP ::1"}
INFO 2019-07-09 12:51:47 – {"DATE_LOGS":"09/07/2019 12:51:45","INFO_LOGS":"SendPost: http://local.api_cms/api/v1/Agency/LockAgency\r\nJSON DATA: {\"publickey\":\"AD09E842DDF1B07BF4288C5A86C791B0\",\"serviceID\":0,\"data\":\"+dHD86yr32rVdhKafQav7wB45TBMRdOrkM/vJypE9toiPZCReXDOttSAM+ye/zlzNSr6bPI+KekLOfWx1ken5S86Vo4QaADLdHEjqKJXZ+v9T1RRvHpM3cfmhY+ibcfX\",\"clientIP\":\"::1\",\"sign\":\"5235aa7016eceba3aa14e95e12046aeb\"}\r\nResponse Data: {\"status\":-1,\"msg\":\"Tài kho?n không t?n t?i!\",\"data\":null}"}
INFO 2019-07-09 12:52:07 – {"DATE_LOGS":"09/07/2019 12:51:59","INFO_LOGS":"SendPost: http://local.api_cms/api/v1/Agency/LockAgency\r\nJSON DATA: {\"publickey\":\"AD09E842DDF1B07BF4288C5A86C791B0\",\"serviceID\":0,\"data\":\"+dHD86yr32rVdhKafQav7wB45TBMRdOrkM/vJypE9tqTI/P51DgzzunELEbsffz23H0bHU2RWU+QBv6BwHuChSwuS2lVlXXHmNKCSA6iSoQ=\",\"clientIP\":\"::1\",\"sign\":\"2eae2a18699f626991d4303ee0cb6453\"}\r\nResponse Data: {\"status\":-1,\"msg\":\"Tài kho?n không t?n t?i!\",\"data\":null}"}
INFO 2019-07-09 12:53:27 – {"DATE_LOGS":"09/07/2019 12:53:18","INFO_LOGS":"SendPost: http://local.api_cms/api/v1/Agency/LockAgency\r\nJSON DATA: {\"publickey\":\"AD09E842DDF1B07BF4288C5A86C791B0\",\"serviceID\":0,\"data\":\"+dHD86yr32rVdhKafQav71LbCUTLnYmPPu7M2Oa8WE6gjP2QJXQbCNuZya32nBdzydVBMFodHHR7aMTQXpTsYZbp0gB9Eg8ihSukUnl8LSxMV1ltGkSvTFTO7FWykc5m\",\"clientIP\":\"::1\",\"sign\":\"1fcdd55f49de1d60c3ac50b167ac8bca\"}\r\nResponse Data: {\"status\":-1,\"msg\":\"Tài kho?n không t?n t?i!\",\"data\":null}"}
INFO 2019-07-09 12:55:27 – {"DATE_LOGS":"09/07/2019 12:55:27","INFO_LOGS":"SendPost: http://local.api_cms/api/v1/Agency/LockAgency\r\nJSON DATA: {\"publickey\":\"AD09E842DDF1B07BF4288C5A86C791B0\",\"serviceID\":0,\"data\":\"+dHD86yr32rVdhKafQav70/nMSeYnFXuCTDKhBAe2cEATlCtL83YsgYwjaZa8rRTZw11KY+WPqgnJyFkf9+S/fsrELGPebTMy/WGSDUqdTk=\",\"clientIP\":\"::1\",\"sign\":\"5c33ae995be21be33768462f5606c927\"}\r\nResponse Data: {\"status\":-9999,\"msg\":\"Procedure or function 'API_LockAgency' expects parameter '@Note', which was not supplied.\",\"data\":null}"}
INFO 2019-07-09 12:56:17 – {"DATE_LOGS":"09/07/2019 12:56:10","INFO_LOGS":"SendPost: http://local.api_cms/api/v1/Agency/LockAgency\r\nJSON DATA: {\"publickey\":\"AD09E842DDF1B07BF4288C5A86C791B0\",\"serviceID\":0,\"data\":\"+dHD86yr32rVdhKafQav70/nMSeYnFXuCTDKhBAe2cEATlCtL83YsgYwjaZa8rRTZw11KY+WPqgnJyFkf9+S/fsrELGPebTMy/WGSDUqdTk=\",\"clientIP\":\"::1\",\"sign\":\"5c33ae995be21be33768462f5606c927\"}\r\nResponse Data: {\"status\":-9999,\"msg\":\"Procedure or function 'API_LockAgency' expects parameter '@Note', which was not supplied.\",\"data\":null}"}
INFO 2019-07-09 12:58:57 – {"DATE_LOGS":"09/07/2019 12:58:55","INFO_LOGS":"SendPost: http://local.api_cms//api/v1/Agency/CreateAgency\r\nJSON DATA: {\"publickey\":\"AD09E842DDF1B07BF4288C5A86C791B0\",\"serviceID\":0,\"data\":\"o9aT7eCz+Zpqp7J1c6AG6Uz1fyr27t+vMbWwyhcWWfV954VgOyDUYSkPYz4PwyJQxqD+2Q68TM/8fOKf6zuJNLfLbTlgfrT8ESQrOi/0ypJdDAKrlYBxOM9/kgfuoyovDNlY2LAVBCjTTsvf7bBnzfu+DvDja5V0TDHFJyOEUFlhtm64N5ioCXrLZ1OJfEqE2XtD539OPm5UenoN3/vFP8t1cKrS0xrfqqp32tkS1n4B42rS6q0KG7bcYrNXjKgWr8rQwiResOQeo/NwkvqCu5AvbFbQzk+VGUdc8+G+ze7eD8uWuzZEjd9cmQE0mrNa\",\"clientIP\":\"::1\",\"sign\":\"84263eb80c7c7ba5d703f9fb1344e3a5\"}\r\nResponse Data: {\"status\":-11,\"msg\":\"Mã d?i lý dã t?n t?i!\",\"data\":null}"}
INFO 2019-07-09 01:00:28 – {"DATE_LOGS":"09/07/2019 01:00:25","INFO_LOGS":"SendPost: http://local.api_cms/api/v1/Agency/LockAgency\r\nJSON DATA: {\"publickey\":\"AD09E842DDF1B07BF4288C5A86C791B0\",\"serviceID\":0,\"data\":\"+dHD86yr32rVdhKafQav78KXOwqL7f+WvSyZ20dnh1qLWnYNCNuJhkD6XftfbxWYAEMpJWg6Y9UovJADurgVNtsqx2HayZ48llwdP1w60o4=\",\"clientIP\":\"::1\",\"sign\":\"74a480d08db8fc25d92e48c8614a8439\"}\r\nResponse Data: {\"status\":-1,\"msg\":\"Tài kho?n không t?n t?i!\",\"data\":null}"}
INFO 2019-07-09 01:09:24 – {"DATE_LOGS":"09/07/2019 01:09:24","INFO_LOGS":"***** SERVER START *****"}
INFO 2019-07-09 01:09:34 – {"DATE_LOGS":"09/07/2019 01:09:25","INFO_LOGS":"LoginWithToken: 4cf07c895fd7bca6f2879e47d1623183,IP ::1"}
INFO 2019-07-09 01:35:24 – {"DATE_LOGS":"09/07/2019 01:35:14","INFO_LOGS":"{\"agencyID\":\"5\",\"note\":\"ádasdasdaasd\",\"creatorID\":0,\"creatorName\":null}"}
INFO 2019-07-09 01:35:24 – {"DATE_LOGS":"09/07/2019 01:35:16","INFO_LOGS":"SendPost: http://local.api_cms/api/v1/Agency/LockAgency\r\nJSON DATA: {\"publickey\":\"AD09E842DDF1B07BF4288C5A86C791B0\",\"serviceID\":0,\"data\":\"+dHD86yr32rVdhKafQav7wB45TBMRdOrkM/vJypE9trcEwCxhonw4uBV9mWpapGpjpce91edNvK5AeUjVpdxtVbMOqHOn3oSkz5sH/+WHbI=\",\"clientIP\":\"::1\",\"sign\":\"714d5309e27ee432f19f1706ae9bcd36\"}\r\nResponse Data: {\"status\":-1,\"msg\":\"Tài kho?n không t?n t?i!\",\"data\":null}"}
INFO 2019-07-09 01:36:01 – {"DATE_LOGS":"09/07/2019 01:36:01","INFO_LOGS":"***** SERVER START *****"}
INFO 2019-07-09 01:36:11 – {"DATE_LOGS":"09/07/2019 01:36:03","INFO_LOGS":"LoginWithToken: 4cf07c895fd7bca6f2879e47d1623183,IP ::1"}
INFO 2019-07-09 01:36:11 – {"DATE_LOGS":"09/07/2019 01:36:03","INFO_LOGS":"LoginWithToken: 4cf07c895fd7bca6f2879e47d1623183,IP ::1"}
INFO 2019-07-09 01:40:02 – {"DATE_LOGS":"09/07/2019 01:38:35","INFO_LOGS":"SendPost: http://local.api_cms//api/v1/Agency/CreateAgency\r\nJSON DATA: {\"publickey\":\"AD09E842DDF1B07BF4288C5A86C791B0\",\"serviceID\":0,\"data\":\"o9aT7eCz+Zpqp7J1c6AG6Uz1fyr27t+vMbWwyhcWWfXedTU7AQFeJVXB0HTOlRhn/DtBqmhoPsFqz+WIuYwOTabPNyTuUUoNR6sKxwjxo0ZxTPApYZIU7aXDm7ZaMb7TOjOWtGrBEbhrbPfqbiQe6P5/IBogDCRo3wukZzQk69BWvboTDLdgeDleWs08rcYpMz+5szmgm7jDx3qH1A9PVclRq2lSvQ96erUtHX4oi+lVPhGD+SWeRjU4UWgCT3kgSTaB2wAxUYR7oQifY9QxvbWwtYhgdOgPSwgS0L5DshOPnD37P46AKZnHtLgPY/A1GUwRSOmmuEtk7HBf+vOfElhX1VhfWKqORFXIYRuv5gU=\",\"clientIP\":\"::1\",\"sign\":\"4ac8f3bb76e857baeb54f906aee89f9d\"}\r\nResponse Data: {\"status\":1,\"msg\":\"Ðang ký tài kho?n d?i lý thành công\",\"data\":null}"}
INFO 2019-07-09 01:40:22 – {"DATE_LOGS":"09/07/2019 01:39:07","INFO_LOGS":"{\"agencyID\":\"6\",\"note\":\"tài kho?n nghi v?n hack\",\"creatorID\":0,\"creatorName\":null}"}
INFO 2019-07-09 01:40:22 – {"DATE_LOGS":"09/07/2019 01:39:07","INFO_LOGS":"SendPost: http://local.api_cms/api/v1/Agency/LockAgency\r\nJSON DATA: {\"publickey\":\"AD09E842DDF1B07BF4288C5A86C791B0\",\"serviceID\":0,\"data\":\"pxQOP9nqP+XV/Hc2RNN2YBHjLbfJOaM0w0WwC+oULKxuj7VHU2nr9Vsw+G7JxOyup31pvrlS+LEeQw9fIJqSU4r2I08jiwmw7Q8gPE+urTDZmobORX3kD/KOufPIXmll\",\"clientIP\":\"::1\",\"sign\":\"d1f93ab50fc8f10ed6fc2f206fa8bdf2\"}\r\nResponse Data: {\"status\":-1,\"msg\":\"Tài kho?n không t?n t?i!\",\"data\":null}"}
INFO 2019-07-09 02:07:57 – {"DATE_LOGS":"09/07/2019 02:07:57","INFO_LOGS":"***** SERVER START *****"}
INFO 2019-07-09 02:08:07 – {"DATE_LOGS":"09/07/2019 02:07:58","INFO_LOGS":"LoginWithToken: 4cf07c895fd7bca6f2879e47d1623183,IP ::1"}
INFO 2019-07-09 11:07:29 – {"DATE_LOGS":"09/07/2019 11:07:29","INFO_LOGS":"***** SERVER START *****"}
INFO 2019-07-09 11:07:39 – {"DATE_LOGS":"09/07/2019 11:07:34","INFO_LOGS":"LoginWithToken: 4cf07c895fd7bca6f2879e47d1623183,IP ::1"}
INFO 2019-07-09 11:22:39 – {"DATE_LOGS":"09/07/2019 11:22:39","INFO_LOGS":"***** SERVER END *****"}
INFO 2019-07-09 11:22:50 – {"DATE_LOGS":"09/07/2019 11:22:50","INFO_LOGS":"***** SERVER START *****"}
INFO 2019-07-09 11:23:00 – {"DATE_LOGS":"09/07/2019 11:22:52","INFO_LOGS":"LoginWithToken: 4cf07c895fd7bca6f2879e47d1623183,IP ::1"}
INFO 2019-07-09 11:28:50 – {"DATE_LOGS":"09/07/2019 11:28:44","INFO_LOGS":"SendPost: http://local.api_cms//api/v1/Agency/CreateAgency\r\nJSON DATA: {\"publickey\":\"AD09E842DDF1B07BF4288C5A86C791B0\",\"serviceID\":0,\"data\":\"o9aT7eCz+Zpqp7J1c6AG6Uz1fyr27t+vMbWwyhcWWfXedTU7AQFeJVXB0HTOlRhn/DtBqmhoPsFqz+WIuYwOTabPNyTuUUoNR6sKxwjxo0ZxTPApYZIU7aXDm7ZaMb7TOjOWtGrBEbhrbPfqbiQe6P5/IBogDCRo3wukZzQk69BWvboTDLdgeDleWs08rcYpMz+5szmgm7jDx3qH1A9PVclRq2lSvQ96erUtHX4oi+lVPhGD+SWeRjU4UWgCT3kgSTaB2wAxUYR7oQifY9QxvbWwtYhgdOgPSwgS0L5DshOPnD37P46AKZnHtLgPY/A1GUwRSOmmuEtk7HBf+vOfElhX1VhfWKqORFXIYRuv5gU=\",\"clientIP\":\"::1\",\"sign\":\"4ac8f3bb76e857baeb54f906aee89f9d\"}\r\nResponse Data: {\"status\":1,\"msg\":\"Ðang ký tài kho?n d?i lý thành công\",\"data\":null}"}
INFO 2019-07-09 11:31:21 – {"DATE_LOGS":"09/07/2019 11:31:15","INFO_LOGS":"{\"param\":\"da\",\"topN\":20}"}
INFO 2019-07-09 11:31:21 – {"DATE_LOGS":"09/07/2019 11:31:15","INFO_LOGS":"SendPost: http://local.api_cms/api/v1/Agency/FindAgency\r\nJSON DATA: {\"publickey\":\"AD09E842DDF1B07BF4288C5A86C791B0\",\"serviceID\":0,\"data\":\"dZ63Y4n+XKGEmLyLEHnO+FQ6tyimPPp4f1tufpmw7qc=\",\"clientIP\":\"::1\",\"sign\":\"6ae65ad509be1a8a8bf0982c00495e1e\"}\r\nResponse Data: {\"status\":0,\"msg\":null,\"data\":[{\"AgencyID\":9,\"DisplayName\":\"Ð?i Lý 1\",\"AgencyCode\":\"daily1\",\"Phone\":\"0962474560\"}]}"}
INFO 2019-07-09 11:32:01 – {"DATE_LOGS":"09/07/2019 11:31:53","INFO_LOGS":"{\"param\":\"da\",\"topN\":20}"}
INFO 2019-07-09 11:32:01 – {"DATE_LOGS":"09/07/2019 11:31:53","INFO_LOGS":"SendPost: http://local.api_cms/api/v1/Agency/FindAgency\r\nJSON DATA: {\"publickey\":\"AD09E842DDF1B07BF4288C5A86C791B0\",\"serviceID\":0,\"data\":\"dZ63Y4n+XKGEmLyLEHnO+FQ6tyimPPp4f1tufpmw7qc=\",\"clientIP\":\"::1\",\"sign\":\"6ae65ad509be1a8a8bf0982c00495e1e\"}\r\nResponse Data: {\"status\":0,\"msg\":null,\"data\":[{\"AgencyID\":9,\"DisplayName\":\"Ð?i Lý 1\",\"AgencyCode\":\"daily1\",\"Phone\":\"0962474560\"}]}"}
INFO 2019-07-09 11:37:41 – {"DATE_LOGS":"09/07/2019 11:37:37","INFO_LOGS":"{\"param\":\"da\",\"topN\":20}"}
INFO 2019-07-09 11:37:41 – {"DATE_LOGS":"09/07/2019 11:37:37","INFO_LOGS":"SendPost: http://local.api_cms/api/v1/Agency/FindAgency\r\nJSON DATA: {\"publickey\":\"AD09E842DDF1B07BF4288C5A86C791B0\",\"serviceID\":0,\"data\":\"dZ63Y4n+XKGEmLyLEHnO+FQ6tyimPPp4f1tufpmw7qc=\",\"clientIP\":\"::1\",\"sign\":\"6ae65ad509be1a8a8bf0982c00495e1e\"}\r\nResponse Data: {\"status\":0,\"msg\":null,\"data\":[{\"AgencyID\":9,\"DisplayName\":\"Ð?i Lý 1\",\"AgencyCode\":\"daily1\",\"Phone\":\"0962474560\"}]}"}
INFO 2019-07-09 11:39:23 – {"DATE_LOGS":"09/07/2019 11:39:23","INFO_LOGS":"***** SERVER START *****"}
INFO 2019-07-09 11:39:33 – {"DATE_LOGS":"09/07/2019 11:39:25","INFO_LOGS":"LoginWithToken: 4cf07c895fd7bca6f2879e47d1623183,IP ::1"}
INFO 2019-07-09 11:39:43 – {"DATE_LOGS":"09/07/2019 11:39:34","INFO_LOGS":"{\"param\":\"da\",\"topN\":20}"}
INFO 2019-07-09 11:39:43 – {"DATE_LOGS":"09/07/2019 11:39:34","INFO_LOGS":"SendPost: http://local.api_cms/api/v1/Agency/FindAgency\r\nJSON DATA: {\"publickey\":\"AD09E842DDF1B07BF4288C5A86C791B0\",\"serviceID\":0,\"data\":\"dZ63Y4n+XKGEmLyLEHnO+FQ6tyimPPp4f1tufpmw7qc=\",\"clientIP\":\"::1\",\"sign\":\"6ae65ad509be1a8a8bf0982c00495e1e\"}\r\nResponse Data: {\"status\":0,\"msg\":null,\"data\":[{\"AgencyID\":9,\"DisplayName\":\"Ð?i Lý 1\",\"AgencyCode\":\"daily1\",\"Phone\":\"0962474560\"}]}"}
