INFO 2019-05-16 03:19:12 – {"DATE_LOGS":"16/05/2019 03:19:12","INFO_LOGS":"***** SERVER START *****"}
INFO 2019-05-16 03:20:12 – {"DATE_LOGS":"16/05/2019 03:19:12","INFO_LOGS":"https://www.datphuprinting.vn/ping.aspx?sign=f8aa9247fb9989b7f82791a36b882ecb&p=255&t=ec99565f-c527-483f-8649-29fb11f7fd67\r\nResponse: "}
INFO 2019-05-16 03:20:12 – {"DATE_LOGS":"16/05/2019 03:19:15","INFO_LOGS":"LoginWithToken: 0812339ddaded54eb809e6e3a69f84bd,IP ::1"}
INFO 2019-05-16 03:20:12 – {"DATE_LOGS":"16/05/2019 03:19:15","INFO_LOGS":"Result: 1\r\n[{\"AccountId\":8,\"Email\":\"truongdien99@gmail.com\",\"UserName\":\"truongdien99@gmail.com\",\"Avatar\":\"\",\"Token\":\"0812339ddaded54eb809e6e3a69f84bd\",\"TokenOld\":\"\",\"PublisherId\":1}]"}
INFO 2019-05-16 03:20:12 – {"DATE_LOGS":"16/05/2019 03:20:12","INFO_LOGS":"https://www.datphuprinting.vn/ping.aspx?sign=f8aa9247fb9989b7f82791a36b882ecb&p=255&t=c05fdb77-3c4d-45a6-8784-98de31f6b227\r\nResponse: "}
INFO 2019-05-16 03:21:12 – {"DATE_LOGS":"16/05/2019 03:21:12","INFO_LOGS":"https://www.datphuprinting.vn/ping.aspx?sign=f8aa9247fb9989b7f82791a36b882ecb&p=255&t=c8fd9c89-e546-4444-8a3c-016421b57cdc\r\nResponse: "}
INFO 2019-05-16 03:22:12 – {"DATE_LOGS":"16/05/2019 03:22:12","INFO_LOGS":"https://www.datphuprinting.vn/ping.aspx?sign=f8aa9247fb9989b7f82791a36b882ecb&p=255&t=0f409692-8bab-47bc-aa90-4201588d7742\r\nResponse: "}
INFO 2019-05-16 03:23:12 – {"DATE_LOGS":"16/05/2019 03:23:12","INFO_LOGS":"https://www.datphuprinting.vn/ping.aspx?sign=f8aa9247fb9989b7f82791a36b882ecb&p=255&t=a2268e29-2701-4ca5-8671-b55ba643be71\r\nResponse: "}
INFO 2019-05-16 03:25:12 – {"DATE_LOGS":"16/05/2019 03:24:12","INFO_LOGS":"https://www.datphuprinting.vn/ping.aspx?sign=f8aa9247fb9989b7f82791a36b882ecb&p=255&t=574e0046-4060-4719-8aa5-0e9b9043a3a6\r\nResponse: "}
INFO 2019-05-16 03:26:12 – {"DATE_LOGS":"16/05/2019 03:25:12","INFO_LOGS":"https://www.datphuprinting.vn/ping.aspx?sign=f8aa9247fb9989b7f82791a36b882ecb&p=255&t=6c02cb85-8621-4d58-b8f7-9efa65f3dfec\r\nResponse: "}
INFO 2019-05-16 03:27:12 – {"DATE_LOGS":"16/05/2019 03:26:12","INFO_LOGS":"https://www.datphuprinting.vn/ping.aspx?sign=f8aa9247fb9989b7f82791a36b882ecb&p=255&t=4fc8fe71-fc63-4134-9113-8dcd16838271\r\nResponse: "}
INFO 2019-05-16 03:28:12 – {"DATE_LOGS":"16/05/2019 03:27:12","INFO_LOGS":"https://www.datphuprinting.vn/ping.aspx?sign=f8aa9247fb9989b7f82791a36b882ecb&p=255&t=87e88d6e-ce76-4b36-8f7c-4aaab364d5a6\r\nResponse: "}
INFO 2019-05-16 03:29:12 – {"DATE_LOGS":"16/05/2019 03:28:12","INFO_LOGS":"https://www.datphuprinting.vn/ping.aspx?sign=f8aa9247fb9989b7f82791a36b882ecb&p=255&t=5c791570-11c6-42de-85e0-1e44434bbb35\r\nResponse: "}
INFO 2019-05-16 03:30:12 – {"DATE_LOGS":"16/05/2019 03:29:12","INFO_LOGS":"https://www.datphuprinting.vn/ping.aspx?sign=f8aa9247fb9989b7f82791a36b882ecb&p=255&t=9a11d697-508f-4019-ae38-9a6f6ac027bd\r\nResponse: "}
INFO 2019-05-16 03:31:12 – {"DATE_LOGS":"16/05/2019 03:30:12","INFO_LOGS":"https://www.datphuprinting.vn/ping.aspx?sign=f8aa9247fb9989b7f82791a36b882ecb&p=255&t=92b0c0f3-26d0-4e96-97d2-f48b0d39e019\r\nResponse: "}
INFO 2019-05-16 03:32:12 – {"DATE_LOGS":"16/05/2019 03:31:12","INFO_LOGS":"https://www.datphuprinting.vn/ping.aspx?sign=f8aa9247fb9989b7f82791a36b882ecb&p=255&t=3b19da58-9799-41ba-99f5-9b86d01c7c5e\r\nResponse: "}
INFO 2019-05-16 03:33:12 – {"DATE_LOGS":"16/05/2019 03:32:13","INFO_LOGS":"https://www.datphuprinting.vn/ping.aspx?sign=f8aa9247fb9989b7f82791a36b882ecb&p=255&t=bdd49cab-88e7-4a0a-9162-fcc917753b81\r\nResponse: "}
INFO 2019-05-16 03:34:12 – {"DATE_LOGS":"16/05/2019 03:33:13","INFO_LOGS":"https://www.datphuprinting.vn/ping.aspx?sign=f8aa9247fb9989b7f82791a36b882ecb&p=255&t=21c76b9c-930c-4102-b999-8c3e2a165a7d\r\nResponse: "}
INFO 2019-05-16 03:35:12 – {"DATE_LOGS":"16/05/2019 03:34:13","INFO_LOGS":"https://www.datphuprinting.vn/ping.aspx?sign=f8aa9247fb9989b7f82791a36b882ecb&p=255&t=7078621e-f1bd-49b2-ae0f-71a6d76b03de\r\nResponse: "}
INFO 2019-05-16 03:36:12 – {"DATE_LOGS":"16/05/2019 03:35:13","INFO_LOGS":"https://www.datphuprinting.vn/ping.aspx?sign=f8aa9247fb9989b7f82791a36b882ecb&p=255&t=a72bd552-9f16-4d9e-9fc4-9d8c1eec28f2\r\nResponse: "}
INFO 2019-05-16 03:37:12 – {"DATE_LOGS":"16/05/2019 03:36:13","INFO_LOGS":"https://www.datphuprinting.vn/ping.aspx?sign=f8aa9247fb9989b7f82791a36b882ecb&p=255&t=dd128576-b784-421e-9c21-2a7600acf9ac\r\nResponse: "}
INFO 2019-05-16 03:38:12 – {"DATE_LOGS":"16/05/2019 03:37:13","INFO_LOGS":"https://www.datphuprinting.vn/ping.aspx?sign=f8aa9247fb9989b7f82791a36b882ecb&p=255&t=abe3d4b9-a473-40a1-8204-ab3903a41fb5\r\nResponse: "}
INFO 2019-05-16 03:39:12 – {"DATE_LOGS":"16/05/2019 03:38:13","INFO_LOGS":"https://www.datphuprinting.vn/ping.aspx?sign=f8aa9247fb9989b7f82791a36b882ecb&p=255&t=a6157b83-8985-4e50-b480-ffc7b9d3fcb7\r\nResponse: "}
INFO 2019-05-16 03:40:12 – {"DATE_LOGS":"16/05/2019 03:39:13","INFO_LOGS":"https://www.datphuprinting.vn/ping.aspx?sign=f8aa9247fb9989b7f82791a36b882ecb&p=255&t=866547b6-39ce-4313-a4d7-692bdc0fc410\r\nResponse: "}
INFO 2019-05-16 03:41:12 – {"DATE_LOGS":"16/05/2019 03:40:13","INFO_LOGS":"https://www.datphuprinting.vn/ping.aspx?sign=f8aa9247fb9989b7f82791a36b882ecb&p=255&t=afd40e38-fda3-4d8e-aa16-b3dfd56f7b29\r\nResponse: "}
INFO 2019-05-16 03:42:12 – {"DATE_LOGS":"16/05/2019 03:41:13","INFO_LOGS":"https://www.datphuprinting.vn/ping.aspx?sign=f8aa9247fb9989b7f82791a36b882ecb&p=255&t=af263b21-87d8-4b31-a479-97e82d0e1da1\r\nResponse: "}
INFO 2019-05-16 03:43:12 – {"DATE_LOGS":"16/05/2019 03:42:13","INFO_LOGS":"https://www.datphuprinting.vn/ping.aspx?sign=f8aa9247fb9989b7f82791a36b882ecb&p=255&t=2ee78b6d-9d02-4d0a-bf63-37ff0b40034d\r\nResponse: "}
INFO 2019-05-16 03:44:12 – {"DATE_LOGS":"16/05/2019 03:43:13","INFO_LOGS":"https://www.datphuprinting.vn/ping.aspx?sign=f8aa9247fb9989b7f82791a36b882ecb&p=255&t=cc93c75a-b9fb-49a0-ba9b-74b82190c9bb\r\nResponse: "}
INFO 2019-05-16 03:45:12 – {"DATE_LOGS":"16/05/2019 03:44:13","INFO_LOGS":"https://www.datphuprinting.vn/ping.aspx?sign=f8aa9247fb9989b7f82791a36b882ecb&p=255&t=d959ec9c-96ee-4baf-a827-791d43c2150e\r\nResponse: "}
INFO 2019-05-16 03:46:12 – {"DATE_LOGS":"16/05/2019 03:45:13","INFO_LOGS":"https://www.datphuprinting.vn/ping.aspx?sign=f8aa9247fb9989b7f82791a36b882ecb&p=255&t=741b2544-885d-4121-aa4b-b4962e8decf7\r\nResponse: "}
INFO 2019-05-16 03:47:12 – {"DATE_LOGS":"16/05/2019 03:46:13","INFO_LOGS":"https://www.datphuprinting.vn/ping.aspx?sign=f8aa9247fb9989b7f82791a36b882ecb&p=255&t=34de7b78-64a9-444c-892e-22c12139624f\r\nResponse: "}
INFO 2019-05-16 03:48:12 – {"DATE_LOGS":"16/05/2019 03:47:13","INFO_LOGS":"https://www.datphuprinting.vn/ping.aspx?sign=f8aa9247fb9989b7f82791a36b882ecb&p=255&t=9fc3cb12-00ec-4fca-81c2-a56da7324695\r\nResponse: "}
INFO 2019-05-16 03:49:12 – {"DATE_LOGS":"16/05/2019 03:48:13","INFO_LOGS":"https://www.datphuprinting.vn/ping.aspx?sign=f8aa9247fb9989b7f82791a36b882ecb&p=255&t=dadd36c9-fb6c-416d-8ca8-b8cd50645f81\r\nResponse: "}
INFO 2019-05-16 03:50:12 – {"DATE_LOGS":"16/05/2019 03:49:13","INFO_LOGS":"https://www.datphuprinting.vn/ping.aspx?sign=f8aa9247fb9989b7f82791a36b882ecb&p=255&t=e36f9674-d0e3-4871-a4a7-953149376ea1\r\nResponse: "}
INFO 2019-05-16 03:51:12 – {"DATE_LOGS":"16/05/2019 03:50:13","INFO_LOGS":"https://www.datphuprinting.vn/ping.aspx?sign=f8aa9247fb9989b7f82791a36b882ecb&p=255&t=d58482cd-d77a-44cd-b267-a4b709b7e62d\r\nResponse: "}
INFO 2019-05-16 03:52:12 – {"DATE_LOGS":"16/05/2019 03:51:13","INFO_LOGS":"https://www.datphuprinting.vn/ping.aspx?sign=f8aa9247fb9989b7f82791a36b882ecb&p=255&t=da4365dd-86e7-4f83-8eab-1eb70cf10708\r\nResponse: "}
INFO 2019-05-16 03:53:12 – {"DATE_LOGS":"16/05/2019 03:52:13","INFO_LOGS":"https://www.datphuprinting.vn/ping.aspx?sign=f8aa9247fb9989b7f82791a36b882ecb&p=255&t=2cf45de4-0cd5-4d51-9512-5a11c5b44143\r\nResponse: "}
INFO 2019-05-16 03:54:12 – {"DATE_LOGS":"16/05/2019 03:53:13","INFO_LOGS":"https://www.datphuprinting.vn/ping.aspx?sign=f8aa9247fb9989b7f82791a36b882ecb&p=255&t=720a80a8-a5e4-4bb9-853a-0b9f0366f3e1\r\nResponse: "}
INFO 2019-05-16 03:55:12 – {"DATE_LOGS":"16/05/2019 03:54:13","INFO_LOGS":"https://www.datphuprinting.vn/ping.aspx?sign=f8aa9247fb9989b7f82791a36b882ecb&p=255&t=9f5055c1-99ce-4a11-9916-ad86ddf39ca3\r\nResponse: "}
INFO 2019-05-16 03:56:12 – {"DATE_LOGS":"16/05/2019 03:55:13","INFO_LOGS":"https://www.datphuprinting.vn/ping.aspx?sign=f8aa9247fb9989b7f82791a36b882ecb&p=255&t=e7c24a71-40d3-4c32-b679-69677f31a685\r\nResponse: "}
INFO 2019-05-16 03:57:12 – {"DATE_LOGS":"16/05/2019 03:56:13","INFO_LOGS":"https://www.datphuprinting.vn/ping.aspx?sign=f8aa9247fb9989b7f82791a36b882ecb&p=255&t=f0a1e1e6-a3f1-4350-b849-a8af655745d5\r\nResponse: "}
INFO 2019-05-16 03:58:12 – {"DATE_LOGS":"16/05/2019 03:57:13","INFO_LOGS":"https://www.datphuprinting.vn/ping.aspx?sign=f8aa9247fb9989b7f82791a36b882ecb&p=255&t=fbf58303-d202-46d7-aa9e-27992ccf0201\r\nResponse: "}
INFO 2019-05-16 03:59:12 – {"DATE_LOGS":"16/05/2019 03:58:13","INFO_LOGS":"https://www.datphuprinting.vn/ping.aspx?sign=f8aa9247fb9989b7f82791a36b882ecb&p=255&t=1a44c9cb-0463-427a-93c8-36888c15c4b3\r\nResponse: "}
INFO 2019-05-16 04:00:12 – {"DATE_LOGS":"16/05/2019 03:59:13","INFO_LOGS":"https://www.datphuprinting.vn/ping.aspx?sign=f8aa9247fb9989b7f82791a36b882ecb&p=255&t=04cd4079-e7d0-459a-98c6-e441b2eb37d0\r\nResponse: "}
INFO 2019-05-16 04:01:12 – {"DATE_LOGS":"16/05/2019 04:00:13","INFO_LOGS":"https://www.datphuprinting.vn/ping.aspx?sign=f8aa9247fb9989b7f82791a36b882ecb&p=255&t=a024e65e-8b33-4d79-9960-41848b3b4c50\r\nResponse: "}
INFO 2019-05-16 04:02:12 – {"DATE_LOGS":"16/05/2019 04:01:13","INFO_LOGS":"https://www.datphuprinting.vn/ping.aspx?sign=f8aa9247fb9989b7f82791a36b882ecb&p=255&t=c1a806b6-878a-4596-a1f5-23a7f6f81db1\r\nResponse: "}
INFO 2019-05-16 04:03:12 – {"DATE_LOGS":"16/05/2019 04:02:13","INFO_LOGS":"https://www.datphuprinting.vn/ping.aspx?sign=f8aa9247fb9989b7f82791a36b882ecb&p=255&t=edbcfd6b-dfdd-4b4d-8c65-59d00e6f10c8\r\nResponse: "}
INFO 2019-05-16 04:04:12 – {"DATE_LOGS":"16/05/2019 04:03:13","INFO_LOGS":"https://www.datphuprinting.vn/ping.aspx?sign=f8aa9247fb9989b7f82791a36b882ecb&p=255&t=5665d659-e89e-42d5-a936-421dd5a6c3dd\r\nResponse: "}
INFO 2019-05-16 04:05:12 – {"DATE_LOGS":"16/05/2019 04:04:13","INFO_LOGS":"https://www.datphuprinting.vn/ping.aspx?sign=f8aa9247fb9989b7f82791a36b882ecb&p=255&t=987dc695-5209-4c72-890b-be45b78b31ca\r\nResponse: "}
INFO 2019-05-16 04:06:12 – {"DATE_LOGS":"16/05/2019 04:05:13","INFO_LOGS":"https://www.datphuprinting.vn/ping.aspx?sign=f8aa9247fb9989b7f82791a36b882ecb&p=255&t=ec1cb5cb-0c1d-48b7-bc68-b0484009c9a0\r\nResponse: "}
INFO 2019-05-16 04:07:12 – {"DATE_LOGS":"16/05/2019 04:06:13","INFO_LOGS":"https://www.datphuprinting.vn/ping.aspx?sign=f8aa9247fb9989b7f82791a36b882ecb&p=255&t=3cedab79-b513-4d26-8c37-3ce5ca498ebb\r\nResponse: "}
INFO 2019-05-16 04:08:12 – {"DATE_LOGS":"16/05/2019 04:07:13","INFO_LOGS":"https://www.datphuprinting.vn/ping.aspx?sign=f8aa9247fb9989b7f82791a36b882ecb&p=255&t=b377794f-7dae-4057-9036-2482c1107cd7\r\nResponse: "}
INFO 2019-05-16 04:09:12 – {"DATE_LOGS":"16/05/2019 04:08:13","INFO_LOGS":"https://www.datphuprinting.vn/ping.aspx?sign=f8aa9247fb9989b7f82791a36b882ecb&p=255&t=5cf26254-dc4b-4c64-861e-2f17ebfbcdc0\r\nResponse: "}
INFO 2019-05-16 04:10:12 – {"DATE_LOGS":"16/05/2019 04:09:13","INFO_LOGS":"https://www.datphuprinting.vn/ping.aspx?sign=f8aa9247fb9989b7f82791a36b882ecb&p=255&t=0195d7c3-5450-40bf-a27d-0798dfe355da\r\nResponse: "}
INFO 2019-05-16 04:11:12 – {"DATE_LOGS":"16/05/2019 04:10:13","INFO_LOGS":"https://www.datphuprinting.vn/ping.aspx?sign=f8aa9247fb9989b7f82791a36b882ecb&p=255&t=a1f5868e-7c0a-4f0f-937e-047ffc3cddaf\r\nResponse: "}
INFO 2019-05-16 04:12:12 – {"DATE_LOGS":"16/05/2019 04:11:13","INFO_LOGS":"https://www.datphuprinting.vn/ping.aspx?sign=f8aa9247fb9989b7f82791a36b882ecb&p=255&t=a0d2e7d9-b38c-48ed-ae30-d0a3bd928d42\r\nResponse: "}
INFO 2019-05-16 04:13:12 – {"DATE_LOGS":"16/05/2019 04:12:13","INFO_LOGS":"https://www.datphuprinting.vn/ping.aspx?sign=f8aa9247fb9989b7f82791a36b882ecb&p=255&t=02d5a4f0-1572-4fcf-bcb8-62f45e47b254\r\nResponse: "}
INFO 2019-05-16 04:14:12 – {"DATE_LOGS":"16/05/2019 04:13:13","INFO_LOGS":"https://www.datphuprinting.vn/ping.aspx?sign=f8aa9247fb9989b7f82791a36b882ecb&p=255&t=8f1804cf-4171-4561-9539-510f79d88d66\r\nResponse: "}
INFO 2019-05-16 04:15:12 – {"DATE_LOGS":"16/05/2019 04:14:13","INFO_LOGS":"https://www.datphuprinting.vn/ping.aspx?sign=f8aa9247fb9989b7f82791a36b882ecb&p=255&t=29841a90-89bd-4c40-ac9e-5c5bb830581d\r\nResponse: "}
INFO 2019-05-16 04:16:12 – {"DATE_LOGS":"16/05/2019 04:15:13","INFO_LOGS":"https://www.datphuprinting.vn/ping.aspx?sign=f8aa9247fb9989b7f82791a36b882ecb&p=255&t=eecb2f86-42d1-47ef-857e-796398dbe35f\r\nResponse: "}
INFO 2019-05-16 04:17:12 – {"DATE_LOGS":"16/05/2019 04:16:13","INFO_LOGS":"https://www.datphuprinting.vn/ping.aspx?sign=f8aa9247fb9989b7f82791a36b882ecb&p=255&t=9755506e-23c7-4f6e-bcc4-868fcce21699\r\nResponse: "}
INFO 2019-05-16 04:18:12 – {"DATE_LOGS":"16/05/2019 04:17:13","INFO_LOGS":"https://www.datphuprinting.vn/ping.aspx?sign=f8aa9247fb9989b7f82791a36b882ecb&p=255&t=d84cf2f7-a29b-4280-9702-257b8c92fd9e\r\nResponse: "}
INFO 2019-05-16 04:19:12 – {"DATE_LOGS":"16/05/2019 04:18:13","INFO_LOGS":"https://www.datphuprinting.vn/ping.aspx?sign=f8aa9247fb9989b7f82791a36b882ecb&p=255&t=d1e5f0ac-9819-4f2a-a351-820dcbf3d865\r\nResponse: "}
INFO 2019-05-16 04:20:12 – {"DATE_LOGS":"16/05/2019 04:19:13","INFO_LOGS":"https://www.datphuprinting.vn/ping.aspx?sign=f8aa9247fb9989b7f82791a36b882ecb&p=255&t=f92064bc-38d4-49f4-bd80-b000fd5a4ef0\r\nResponse: "}
INFO 2019-05-16 04:21:12 – {"DATE_LOGS":"16/05/2019 04:20:13","INFO_LOGS":"https://www.datphuprinting.vn/ping.aspx?sign=f8aa9247fb9989b7f82791a36b882ecb&p=255&t=fac653c9-8d82-4f7d-a456-f347d8e7a5b0\r\nResponse: "}
INFO 2019-05-16 04:22:12 – {"DATE_LOGS":"16/05/2019 04:21:13","INFO_LOGS":"https://www.datphuprinting.vn/ping.aspx?sign=f8aa9247fb9989b7f82791a36b882ecb&p=255&t=9259e103-4f40-4acc-8708-d74aa6295eef\r\nResponse: "}
INFO 2019-05-16 04:23:12 – {"DATE_LOGS":"16/05/2019 04:22:13","INFO_LOGS":"https://www.datphuprinting.vn/ping.aspx?sign=f8aa9247fb9989b7f82791a36b882ecb&p=255&t=4ed94af4-f7a8-4abc-a367-2f99bfa65cf5\r\nResponse: "}
INFO 2019-05-16 04:24:12 – {"DATE_LOGS":"16/05/2019 04:23:13","INFO_LOGS":"https://www.datphuprinting.vn/ping.aspx?sign=f8aa9247fb9989b7f82791a36b882ecb&p=255&t=ddeb92b6-71c2-45be-8cd8-06e727426e87\r\nResponse: "}
INFO 2019-05-16 04:25:12 – {"DATE_LOGS":"16/05/2019 04:24:13","INFO_LOGS":"https://www.datphuprinting.vn/ping.aspx?sign=f8aa9247fb9989b7f82791a36b882ecb&p=255&t=1c870c24-e444-4624-8ba2-2c1b23f62a1c\r\nResponse: "}
INFO 2019-05-16 04:26:12 – {"DATE_LOGS":"16/05/2019 04:25:13","INFO_LOGS":"https://www.datphuprinting.vn/ping.aspx?sign=f8aa9247fb9989b7f82791a36b882ecb&p=255&t=ffd9b858-0324-411a-bc19-d864d526c5f1\r\nResponse: "}
INFO 2019-05-16 04:27:12 – {"DATE_LOGS":"16/05/2019 04:26:13","INFO_LOGS":"https://www.datphuprinting.vn/ping.aspx?sign=f8aa9247fb9989b7f82791a36b882ecb&p=255&t=6787adaa-5767-4b7f-9513-4cb58657b85e\r\nResponse: "}
INFO 2019-05-16 04:28:12 – {"DATE_LOGS":"16/05/2019 04:27:13","INFO_LOGS":"https://www.datphuprinting.vn/ping.aspx?sign=f8aa9247fb9989b7f82791a36b882ecb&p=255&t=cdeb781e-d6b7-47d8-aa38-cfc96d200143\r\nResponse: "}
INFO 2019-05-16 04:29:12 – {"DATE_LOGS":"16/05/2019 04:28:13","INFO_LOGS":"https://www.datphuprinting.vn/ping.aspx?sign=f8aa9247fb9989b7f82791a36b882ecb&p=255&t=955451ed-7260-45d2-92c4-86e6b4f767a5\r\nResponse: "}
INFO 2019-05-16 04:30:12 – {"DATE_LOGS":"16/05/2019 04:29:13","INFO_LOGS":"https://www.datphuprinting.vn/ping.aspx?sign=f8aa9247fb9989b7f82791a36b882ecb&p=255&t=a267f059-deb4-4a6c-a06e-327c49d135de\r\nResponse: "}
INFO 2019-05-16 04:31:12 – {"DATE_LOGS":"16/05/2019 04:30:13","INFO_LOGS":"https://www.datphuprinting.vn/ping.aspx?sign=f8aa9247fb9989b7f82791a36b882ecb&p=255&t=597e0f92-cd9f-4d47-a56c-1b6a92eb2a4f\r\nResponse: "}
INFO 2019-05-16 04:32:12 – {"DATE_LOGS":"16/05/2019 04:31:13","INFO_LOGS":"https://www.datphuprinting.vn/ping.aspx?sign=f8aa9247fb9989b7f82791a36b882ecb&p=255&t=8bb56c30-4c7b-4fda-b4db-5b646e51a014\r\nResponse: "}
INFO 2019-05-16 04:33:12 – {"DATE_LOGS":"16/05/2019 04:32:13","INFO_LOGS":"https://www.datphuprinting.vn/ping.aspx?sign=f8aa9247fb9989b7f82791a36b882ecb&p=255&t=1e464abb-fb2a-41cd-87a0-354593f732ea\r\nResponse: "}
INFO 2019-05-16 04:34:12 – {"DATE_LOGS":"16/05/2019 04:33:13","INFO_LOGS":"https://www.datphuprinting.vn/ping.aspx?sign=f8aa9247fb9989b7f82791a36b882ecb&p=255&t=74517048-c98b-4e90-ba77-31ffa3d67c36\r\nResponse: "}
INFO 2019-05-16 04:35:12 – {"DATE_LOGS":"16/05/2019 04:34:13","INFO_LOGS":"https://www.datphuprinting.vn/ping.aspx?sign=f8aa9247fb9989b7f82791a36b882ecb&p=255&t=af9544d7-c8df-4fbc-9ff1-2b6afcb3038f\r\nResponse: "}
INFO 2019-05-16 04:36:12 – {"DATE_LOGS":"16/05/2019 04:35:13","INFO_LOGS":"https://www.datphuprinting.vn/ping.aspx?sign=f8aa9247fb9989b7f82791a36b882ecb&p=255&t=525844a3-5a2d-443e-a8f2-ae566698371d\r\nResponse: "}
INFO 2019-05-16 04:37:12 – {"DATE_LOGS":"16/05/2019 04:36:13","INFO_LOGS":"https://www.datphuprinting.vn/ping.aspx?sign=f8aa9247fb9989b7f82791a36b882ecb&p=255&t=57cc9803-e6a0-46a9-a8a3-b18e9ac07482\r\nResponse: "}
INFO 2019-05-16 04:38:12 – {"DATE_LOGS":"16/05/2019 04:37:13","INFO_LOGS":"https://www.datphuprinting.vn/ping.aspx?sign=f8aa9247fb9989b7f82791a36b882ecb&p=255&t=c2a5179c-1db5-4252-b745-3574b16b5ce2\r\nResponse: "}
INFO 2019-05-16 04:39:12 – {"DATE_LOGS":"16/05/2019 04:38:13","INFO_LOGS":"https://www.datphuprinting.vn/ping.aspx?sign=f8aa9247fb9989b7f82791a36b882ecb&p=255&t=db6afc0a-d7e8-4b97-bb5f-3f98849e8271\r\nResponse: "}
INFO 2019-05-16 04:40:12 – {"DATE_LOGS":"16/05/2019 04:39:13","INFO_LOGS":"https://www.datphuprinting.vn/ping.aspx?sign=f8aa9247fb9989b7f82791a36b882ecb&p=255&t=b06aec7a-58c8-4824-957c-13971ea69d08\r\nResponse: "}
INFO 2019-05-16 04:41:12 – {"DATE_LOGS":"16/05/2019 04:40:13","INFO_LOGS":"https://www.datphuprinting.vn/ping.aspx?sign=f8aa9247fb9989b7f82791a36b882ecb&p=255&t=69261be0-9bae-41cd-8ea2-c77051ad74fe\r\nResponse: "}
INFO 2019-05-16 04:42:12 – {"DATE_LOGS":"16/05/2019 04:41:13","INFO_LOGS":"https://www.datphuprinting.vn/ping.aspx?sign=f8aa9247fb9989b7f82791a36b882ecb&p=255&t=ba4bab64-2730-4a0e-adc6-640b8649883c\r\nResponse: "}
INFO 2019-05-16 04:43:12 – {"DATE_LOGS":"16/05/2019 04:42:13","INFO_LOGS":"https://www.datphuprinting.vn/ping.aspx?sign=f8aa9247fb9989b7f82791a36b882ecb&p=255&t=1ff12b79-e520-48db-924a-56523be9c82b\r\nResponse: "}
INFO 2019-05-16 04:44:12 – {"DATE_LOGS":"16/05/2019 04:43:13","INFO_LOGS":"https://www.datphuprinting.vn/ping.aspx?sign=f8aa9247fb9989b7f82791a36b882ecb&p=255&t=afa4d048-3f24-4a9c-ac42-07d8b5e435b0\r\nResponse: "}
INFO 2019-05-16 04:45:12 – {"DATE_LOGS":"16/05/2019 04:44:13","INFO_LOGS":"https://www.datphuprinting.vn/ping.aspx?sign=f8aa9247fb9989b7f82791a36b882ecb&p=255&t=9d102ec9-f045-4bf0-a90a-250eb92744ad\r\nResponse: "}
INFO 2019-05-16 04:46:12 – {"DATE_LOGS":"16/05/2019 04:45:14","INFO_LOGS":"https://www.datphuprinting.vn/ping.aspx?sign=f8aa9247fb9989b7f82791a36b882ecb&p=255&t=4470b569-7610-4012-a026-5e18a6314b54\r\nResponse: "}
INFO 2019-05-16 04:47:13 – {"DATE_LOGS":"16/05/2019 04:46:14","INFO_LOGS":"https://www.datphuprinting.vn/ping.aspx?sign=f8aa9247fb9989b7f82791a36b882ecb&p=255&t=d9668435-0373-468c-8790-15615d9b0ec8\r\nResponse: "}
INFO 2019-05-16 04:48:13 – {"DATE_LOGS":"16/05/2019 04:47:14","INFO_LOGS":"https://www.datphuprinting.vn/ping.aspx?sign=f8aa9247fb9989b7f82791a36b882ecb&p=255&t=40afd93a-6c76-4b0c-990e-f4888b914efc\r\nResponse: "}
INFO 2019-05-16 04:49:13 – {"DATE_LOGS":"16/05/2019 04:48:14","INFO_LOGS":"https://www.datphuprinting.vn/ping.aspx?sign=f8aa9247fb9989b7f82791a36b882ecb&p=255&t=f893a074-da67-4333-a41b-2868086ca0e5\r\nResponse: "}
INFO 2019-05-16 04:50:13 – {"DATE_LOGS":"16/05/2019 04:49:14","INFO_LOGS":"https://www.datphuprinting.vn/ping.aspx?sign=f8aa9247fb9989b7f82791a36b882ecb&p=255&t=a1547e25-617d-4e18-986f-e80bb90e8dbf\r\nResponse: "}
INFO 2019-05-16 04:51:13 – {"DATE_LOGS":"16/05/2019 04:50:14","INFO_LOGS":"https://www.datphuprinting.vn/ping.aspx?sign=f8aa9247fb9989b7f82791a36b882ecb&p=255&t=29baa12b-618e-456b-bbe0-d1219a5745f9\r\nResponse: "}
INFO 2019-05-16 04:52:13 – {"DATE_LOGS":"16/05/2019 04:51:14","INFO_LOGS":"https://www.datphuprinting.vn/ping.aspx?sign=f8aa9247fb9989b7f82791a36b882ecb&p=255&t=ed0170c2-15d8-42ec-8ccb-8a8923d396d1\r\nResponse: "}
INFO 2019-05-16 04:53:13 – {"DATE_LOGS":"16/05/2019 04:52:14","INFO_LOGS":"https://www.datphuprinting.vn/ping.aspx?sign=f8aa9247fb9989b7f82791a36b882ecb&p=255&t=b48bed9e-6a18-4e79-a015-c7cd73f8238a\r\nResponse: "}
INFO 2019-05-16 04:54:13 – {"DATE_LOGS":"16/05/2019 04:53:14","INFO_LOGS":"https://www.datphuprinting.vn/ping.aspx?sign=f8aa9247fb9989b7f82791a36b882ecb&p=255&t=58e52e5e-4626-4156-b902-53c58c813115\r\nResponse: "}
INFO 2019-05-16 04:55:13 – {"DATE_LOGS":"16/05/2019 04:54:14","INFO_LOGS":"https://www.datphuprinting.vn/ping.aspx?sign=f8aa9247fb9989b7f82791a36b882ecb&p=255&t=2aba44e3-27fd-4a95-9520-d7ede575f12b\r\nResponse: "}
INFO 2019-05-16 04:56:13 – {"DATE_LOGS":"16/05/2019 04:55:14","INFO_LOGS":"https://www.datphuprinting.vn/ping.aspx?sign=f8aa9247fb9989b7f82791a36b882ecb&p=255&t=503252e5-2390-4d07-a2ac-6a45733fe8e2\r\nResponse: "}
INFO 2019-05-16 04:57:13 – {"DATE_LOGS":"16/05/2019 04:56:14","INFO_LOGS":"https://www.datphuprinting.vn/ping.aspx?sign=f8aa9247fb9989b7f82791a36b882ecb&p=255&t=662d828f-deb0-48c2-a60a-34f8b7f81296\r\nResponse: "}
INFO 2019-05-16 04:58:13 – {"DATE_LOGS":"16/05/2019 04:57:14","INFO_LOGS":"https://www.datphuprinting.vn/ping.aspx?sign=f8aa9247fb9989b7f82791a36b882ecb&p=255&t=2055050a-cccc-4915-a4e1-3c462194eda7\r\nResponse: "}
INFO 2019-05-16 04:59:13 – {"DATE_LOGS":"16/05/2019 04:58:14","INFO_LOGS":"https://www.datphuprinting.vn/ping.aspx?sign=f8aa9247fb9989b7f82791a36b882ecb&p=255&t=da258af9-e22c-4c15-bbfa-37f154c153b5\r\nResponse: "}
INFO 2019-05-16 05:00:13 – {"DATE_LOGS":"16/05/2019 04:59:14","INFO_LOGS":"https://www.datphuprinting.vn/ping.aspx?sign=f8aa9247fb9989b7f82791a36b882ecb&p=255&t=555d00de-bfe6-4759-b9d8-e4edc0e5a924\r\nResponse: "}
INFO 2019-05-16 05:01:13 – {"DATE_LOGS":"16/05/2019 05:00:14","INFO_LOGS":"https://www.datphuprinting.vn/ping.aspx?sign=f8aa9247fb9989b7f82791a36b882ecb&p=255&t=c18ec8de-e477-4c09-8f46-45b81a6d4511\r\nResponse: "}
INFO 2019-05-16 05:02:13 – {"DATE_LOGS":"16/05/2019 05:01:14","INFO_LOGS":"https://www.datphuprinting.vn/ping.aspx?sign=f8aa9247fb9989b7f82791a36b882ecb&p=255&t=a03197a3-70f0-4905-ad68-a7dd70a69e3c\r\nResponse: "}
INFO 2019-05-16 05:03:13 – {"DATE_LOGS":"16/05/2019 05:02:14","INFO_LOGS":"https://www.datphuprinting.vn/ping.aspx?sign=f8aa9247fb9989b7f82791a36b882ecb&p=255&t=b715bcff-e926-4130-90f4-8f4da46f87e6\r\nResponse: "}
INFO 2019-05-16 05:04:13 – {"DATE_LOGS":"16/05/2019 05:03:14","INFO_LOGS":"https://www.datphuprinting.vn/ping.aspx?sign=f8aa9247fb9989b7f82791a36b882ecb&p=255&t=66681e7a-e055-476a-a5d5-c6d3c635f5db\r\nResponse: "}
INFO 2019-05-16 05:05:13 – {"DATE_LOGS":"16/05/2019 05:04:14","INFO_LOGS":"https://www.datphuprinting.vn/ping.aspx?sign=f8aa9247fb9989b7f82791a36b882ecb&p=255&t=57566d3e-8745-479c-98f5-7779f695c6b9\r\nResponse: "}
INFO 2019-05-16 05:06:13 – {"DATE_LOGS":"16/05/2019 05:05:14","INFO_LOGS":"https://www.datphuprinting.vn/ping.aspx?sign=f8aa9247fb9989b7f82791a36b882ecb&p=255&t=23fc68f1-de8b-404b-86c9-910becd20dac\r\nResponse: "}
INFO 2019-05-16 05:07:13 – {"DATE_LOGS":"16/05/2019 05:06:14","INFO_LOGS":"https://www.datphuprinting.vn/ping.aspx?sign=f8aa9247fb9989b7f82791a36b882ecb&p=255&t=44f7b7ea-bb98-4e05-9062-2a22f0484b62\r\nResponse: "}
INFO 2019-05-16 05:08:13 – {"DATE_LOGS":"16/05/2019 05:07:14","INFO_LOGS":"https://www.datphuprinting.vn/ping.aspx?sign=f8aa9247fb9989b7f82791a36b882ecb&p=255&t=6ced2511-d69d-481e-a444-38e0e3065e3e\r\nResponse: "}
INFO 2019-05-16 05:09:13 – {"DATE_LOGS":"16/05/2019 05:08:14","INFO_LOGS":"https://www.datphuprinting.vn/ping.aspx?sign=f8aa9247fb9989b7f82791a36b882ecb&p=255&t=96f28361-48b2-4565-adbb-d549e493db29\r\nResponse: "}
INFO 2019-05-16 05:10:13 – {"DATE_LOGS":"16/05/2019 05:09:14","INFO_LOGS":"https://www.datphuprinting.vn/ping.aspx?sign=f8aa9247fb9989b7f82791a36b882ecb&p=255&t=7c73e208-f066-478a-880e-a81395762052\r\nResponse: "}
INFO 2019-05-16 05:11:13 – {"DATE_LOGS":"16/05/2019 05:10:14","INFO_LOGS":"https://www.datphuprinting.vn/ping.aspx?sign=f8aa9247fb9989b7f82791a36b882ecb&p=255&t=49616980-a4b5-41ce-ad03-1f35dc1a8c72\r\nResponse: "}
INFO 2019-05-16 05:12:13 – {"DATE_LOGS":"16/05/2019 05:11:14","INFO_LOGS":"https://www.datphuprinting.vn/ping.aspx?sign=f8aa9247fb9989b7f82791a36b882ecb&p=255&t=2f85fd6b-d09b-4308-b2c0-5877c79e5c84\r\nResponse: "}
INFO 2019-05-16 05:13:13 – {"DATE_LOGS":"16/05/2019 05:12:14","INFO_LOGS":"https://www.datphuprinting.vn/ping.aspx?sign=f8aa9247fb9989b7f82791a36b882ecb&p=255&t=b2124f10-1469-4f57-9141-92203f975123\r\nResponse: "}
INFO 2019-05-16 05:14:13 – {"DATE_LOGS":"16/05/2019 05:13:14","INFO_LOGS":"https://www.datphuprinting.vn/ping.aspx?sign=f8aa9247fb9989b7f82791a36b882ecb&p=255&t=1970286e-99ba-43f9-aa21-6750902a8334\r\nResponse: "}
INFO 2019-05-16 05:15:13 – {"DATE_LOGS":"16/05/2019 05:14:14","INFO_LOGS":"https://www.datphuprinting.vn/ping.aspx?sign=f8aa9247fb9989b7f82791a36b882ecb&p=255&t=ed7914dd-9a2c-4ff1-931e-9aa5429a97a1\r\nResponse: "}
INFO 2019-05-16 05:16:13 – {"DATE_LOGS":"16/05/2019 05:15:14","INFO_LOGS":"https://www.datphuprinting.vn/ping.aspx?sign=f8aa9247fb9989b7f82791a36b882ecb&p=255&t=7a759060-10db-4563-81cb-d4ab38e841ef\r\nResponse: "}
INFO 2019-05-16 05:17:13 – {"DATE_LOGS":"16/05/2019 05:16:14","INFO_LOGS":"https://www.datphuprinting.vn/ping.aspx?sign=f8aa9247fb9989b7f82791a36b882ecb&p=255&t=16cb2e51-895f-455b-9313-f3e8481dbd8a\r\nResponse: "}
INFO 2019-05-16 05:18:13 – {"DATE_LOGS":"16/05/2019 05:17:14","INFO_LOGS":"https://www.datphuprinting.vn/ping.aspx?sign=f8aa9247fb9989b7f82791a36b882ecb&p=255&t=7ec97f77-d8a0-4248-ab3f-ee81686831f3\r\nResponse: "}
INFO 2019-05-16 05:19:13 – {"DATE_LOGS":"16/05/2019 05:18:14","INFO_LOGS":"https://www.datphuprinting.vn/ping.aspx?sign=f8aa9247fb9989b7f82791a36b882ecb&p=255&t=12d3ce0d-6c6b-4ad1-bada-7393cad29e4b\r\nResponse: "}
INFO 2019-05-16 05:20:13 – {"DATE_LOGS":"16/05/2019 05:19:14","INFO_LOGS":"https://www.datphuprinting.vn/ping.aspx?sign=f8aa9247fb9989b7f82791a36b882ecb&p=255&t=e8f32a98-27a9-4831-ae83-bce692eaaeb2\r\nResponse: "}
INFO 2019-05-16 05:21:13 – {"DATE_LOGS":"16/05/2019 05:20:14","INFO_LOGS":"https://www.datphuprinting.vn/ping.aspx?sign=f8aa9247fb9989b7f82791a36b882ecb&p=255&t=ad9d8009-0ab1-4456-8d69-bce170ef7d7f\r\nResponse: "}
INFO 2019-05-16 05:22:13 – {"DATE_LOGS":"16/05/2019 05:21:14","INFO_LOGS":"https://www.datphuprinting.vn/ping.aspx?sign=f8aa9247fb9989b7f82791a36b882ecb&p=255&t=923e39db-ea12-4127-8c95-51798c9e7bb8\r\nResponse: "}
INFO 2019-05-16 05:23:13 – {"DATE_LOGS":"16/05/2019 05:22:14","INFO_LOGS":"https://www.datphuprinting.vn/ping.aspx?sign=f8aa9247fb9989b7f82791a36b882ecb&p=255&t=a2015cbb-f3f4-422a-b752-965cdebd0a5c\r\nResponse: "}
INFO 2019-05-16 05:24:13 – {"DATE_LOGS":"16/05/2019 05:23:14","INFO_LOGS":"https://www.datphuprinting.vn/ping.aspx?sign=f8aa9247fb9989b7f82791a36b882ecb&p=255&t=4ab7eb43-6827-4d24-8460-036569cdc05a\r\nResponse: "}
INFO 2019-05-16 05:25:13 – {"DATE_LOGS":"16/05/2019 05:24:14","INFO_LOGS":"https://www.datphuprinting.vn/ping.aspx?sign=f8aa9247fb9989b7f82791a36b882ecb&p=255&t=7f6a647e-1e4f-4101-8626-bff6e15d61bd\r\nResponse: "}
INFO 2019-05-16 05:26:13 – {"DATE_LOGS":"16/05/2019 05:25:14","INFO_LOGS":"https://www.datphuprinting.vn/ping.aspx?sign=f8aa9247fb9989b7f82791a36b882ecb&p=255&t=a4cddf51-3ee0-450d-b965-c09fcb915ae7\r\nResponse: "}
INFO 2019-05-16 05:27:13 – {"DATE_LOGS":"16/05/2019 05:26:14","INFO_LOGS":"https://www.datphuprinting.vn/ping.aspx?sign=f8aa9247fb9989b7f82791a36b882ecb&p=255&t=561411cb-fa35-4c08-a01b-09fcf3e3c02b\r\nResponse: "}
INFO 2019-05-16 05:28:13 – {"DATE_LOGS":"16/05/2019 05:27:14","INFO_LOGS":"https://www.datphuprinting.vn/ping.aspx?sign=f8aa9247fb9989b7f82791a36b882ecb&p=255&t=7b147bf0-2127-42a6-b4c0-1629ea43c521\r\nResponse: "}
INFO 2019-05-16 05:29:13 – {"DATE_LOGS":"16/05/2019 05:28:14","INFO_LOGS":"https://www.datphuprinting.vn/ping.aspx?sign=f8aa9247fb9989b7f82791a36b882ecb&p=255&t=30bdb56e-58e4-44a6-b342-3fd6769a3a37\r\nResponse: "}
INFO 2019-05-16 05:30:13 – {"DATE_LOGS":"16/05/2019 05:29:14","INFO_LOGS":"https://www.datphuprinting.vn/ping.aspx?sign=f8aa9247fb9989b7f82791a36b882ecb&p=255&t=139c5abf-5303-41ae-bdd6-d6671da38e8c\r\nResponse: "}
INFO 2019-05-16 05:31:13 – {"DATE_LOGS":"16/05/2019 05:30:14","INFO_LOGS":"https://www.datphuprinting.vn/ping.aspx?sign=f8aa9247fb9989b7f82791a36b882ecb&p=255&t=0bcd78d8-69b6-4399-b10f-c38185193839\r\nResponse: "}
INFO 2019-05-16 05:32:13 – {"DATE_LOGS":"16/05/2019 05:31:14","INFO_LOGS":"https://www.datphuprinting.vn/ping.aspx?sign=f8aa9247fb9989b7f82791a36b882ecb&p=255&t=660426ed-fb46-4868-83b7-3b3d7ae11ca6\r\nResponse: "}
INFO 2019-05-16 05:33:13 – {"DATE_LOGS":"16/05/2019 05:32:14","INFO_LOGS":"https://www.datphuprinting.vn/ping.aspx?sign=f8aa9247fb9989b7f82791a36b882ecb&p=255&t=5de46f48-e482-4a48-83c0-d42416cbde46\r\nResponse: "}
INFO 2019-05-16 05:34:13 – {"DATE_LOGS":"16/05/2019 05:33:14","INFO_LOGS":"https://www.datphuprinting.vn/ping.aspx?sign=f8aa9247fb9989b7f82791a36b882ecb&p=255&t=7c40ac25-b529-41db-8d07-7040a8e6115f\r\nResponse: "}
INFO 2019-05-16 05:35:13 – {"DATE_LOGS":"16/05/2019 05:34:14","INFO_LOGS":"https://www.datphuprinting.vn/ping.aspx?sign=f8aa9247fb9989b7f82791a36b882ecb&p=255&t=3e206f82-e4fe-4995-8184-41844a21ce21\r\nResponse: "}
INFO 2019-05-16 05:36:13 – {"DATE_LOGS":"16/05/2019 05:35:14","INFO_LOGS":"https://www.datphuprinting.vn/ping.aspx?sign=f8aa9247fb9989b7f82791a36b882ecb&p=255&t=3619b367-924e-441c-92f6-440c671fbcd2\r\nResponse: "}
INFO 2019-05-16 05:37:13 – {"DATE_LOGS":"16/05/2019 05:36:14","INFO_LOGS":"https://www.datphuprinting.vn/ping.aspx?sign=f8aa9247fb9989b7f82791a36b882ecb&p=255&t=168cc358-8768-4109-823f-6e243e5c1a9e\r\nResponse: "}
INFO 2019-05-16 05:38:13 – {"DATE_LOGS":"16/05/2019 05:37:14","INFO_LOGS":"https://www.datphuprinting.vn/ping.aspx?sign=f8aa9247fb9989b7f82791a36b882ecb&p=255&t=b7fe63ed-cc6c-43f0-959a-bc84edde0d30\r\nResponse: "}
INFO 2019-05-16 05:39:13 – {"DATE_LOGS":"16/05/2019 05:38:14","INFO_LOGS":"https://www.datphuprinting.vn/ping.aspx?sign=f8aa9247fb9989b7f82791a36b882ecb&p=255&t=fcb908db-4f05-4aa5-a4cb-5d5ac03934d3\r\nResponse: "}
INFO 2019-05-16 05:40:13 – {"DATE_LOGS":"16/05/2019 05:39:14","INFO_LOGS":"https://www.datphuprinting.vn/ping.aspx?sign=f8aa9247fb9989b7f82791a36b882ecb&p=255&t=35257d25-82c7-4d79-ade6-afab664d3b0d\r\nResponse: "}
INFO 2019-05-16 05:41:13 – {"DATE_LOGS":"16/05/2019 05:40:14","INFO_LOGS":"https://www.datphuprinting.vn/ping.aspx?sign=f8aa9247fb9989b7f82791a36b882ecb&p=255&t=00b3a125-1cb1-4f95-b13d-80f904353cbb\r\nResponse: "}
INFO 2019-05-16 05:42:13 – {"DATE_LOGS":"16/05/2019 05:41:14","INFO_LOGS":"https://www.datphuprinting.vn/ping.aspx?sign=f8aa9247fb9989b7f82791a36b882ecb&p=255&t=a7d24a4b-d1d9-4e0b-9e6f-52a184b88b50\r\nResponse: "}
INFO 2019-05-16 05:43:13 – {"DATE_LOGS":"16/05/2019 05:42:14","INFO_LOGS":"https://www.datphuprinting.vn/ping.aspx?sign=f8aa9247fb9989b7f82791a36b882ecb&p=255&t=1e8c492b-dfaf-4120-8a09-4b3383a9f104\r\nResponse: "}
INFO 2019-05-16 05:44:13 – {"DATE_LOGS":"16/05/2019 05:43:14","INFO_LOGS":"https://www.datphuprinting.vn/ping.aspx?sign=f8aa9247fb9989b7f82791a36b882ecb&p=255&t=fb8700c0-14a5-49fb-8932-6a336e9f9cc3\r\nResponse: "}
INFO 2019-05-16 05:45:13 – {"DATE_LOGS":"16/05/2019 05:44:14","INFO_LOGS":"https://www.datphuprinting.vn/ping.aspx?sign=f8aa9247fb9989b7f82791a36b882ecb&p=255&t=9c8fc4ff-1560-442d-affb-ab4fbdd6abc0\r\nResponse: "}
INFO 2019-05-16 05:46:13 – {"DATE_LOGS":"16/05/2019 05:45:14","INFO_LOGS":"https://www.datphuprinting.vn/ping.aspx?sign=f8aa9247fb9989b7f82791a36b882ecb&p=255&t=90db9695-958b-47fd-b025-36e39784e740\r\nResponse: "}
INFO 2019-05-16 05:47:13 – {"DATE_LOGS":"16/05/2019 05:46:14","INFO_LOGS":"https://www.datphuprinting.vn/ping.aspx?sign=f8aa9247fb9989b7f82791a36b882ecb&p=255&t=efe1bbd8-410f-4649-b95c-adcd7c247e38\r\nResponse: "}
INFO 2019-05-16 05:48:13 – {"DATE_LOGS":"16/05/2019 05:47:14","INFO_LOGS":"https://www.datphuprinting.vn/ping.aspx?sign=f8aa9247fb9989b7f82791a36b882ecb&p=255&t=5a6bfc5a-31dd-4a82-8fcc-44cb8d136420\r\nResponse: "}
INFO 2019-05-16 05:49:13 – {"DATE_LOGS":"16/05/2019 05:48:14","INFO_LOGS":"https://www.datphuprinting.vn/ping.aspx?sign=f8aa9247fb9989b7f82791a36b882ecb&p=255&t=4f41009d-0b33-431b-ba5c-bf0ae9e349eb\r\nResponse: "}
INFO 2019-05-16 05:50:13 – {"DATE_LOGS":"16/05/2019 05:49:14","INFO_LOGS":"https://www.datphuprinting.vn/ping.aspx?sign=f8aa9247fb9989b7f82791a36b882ecb&p=255&t=5ef17620-726d-48c7-9f75-240f0e8a7293\r\nResponse: "}
INFO 2019-05-16 05:51:13 – {"DATE_LOGS":"16/05/2019 05:50:14","INFO_LOGS":"https://www.datphuprinting.vn/ping.aspx?sign=f8aa9247fb9989b7f82791a36b882ecb&p=255&t=3f617873-eee8-46b1-b943-426c00a7c959\r\nResponse: "}
INFO 2019-05-16 05:52:13 – {"DATE_LOGS":"16/05/2019 05:51:14","INFO_LOGS":"https://www.datphuprinting.vn/ping.aspx?sign=f8aa9247fb9989b7f82791a36b882ecb&p=255&t=19142ff6-2f9f-4607-8fd6-edb2346d02f0\r\nResponse: "}
INFO 2019-05-16 05:53:13 – {"DATE_LOGS":"16/05/2019 05:52:14","INFO_LOGS":"https://www.datphuprinting.vn/ping.aspx?sign=f8aa9247fb9989b7f82791a36b882ecb&p=255&t=34206090-3050-4f79-824e-b981d9719dbf\r\nResponse: "}
INFO 2019-05-16 05:54:13 – {"DATE_LOGS":"16/05/2019 05:53:14","INFO_LOGS":"https://www.datphuprinting.vn/ping.aspx?sign=f8aa9247fb9989b7f82791a36b882ecb&p=255&t=84e3bb92-e6eb-4f88-aed1-25c4042eea5f\r\nResponse: "}
