INFO 2019-06-15 08:48:28 – {"DATE_LOGS":"15/06/2019 08:48:28","INFO_LOGS":"***** SERVER START *****"}
INFO 2019-06-15 08:48:38 – {"DATE_LOGS":"15/06/2019 08:48:30","INFO_LOGS":"LoginWithToken: d8983929c866053c8ee1de03b6195f81,IP ::1"}
INFO 2019-06-15 08:48:38 – {"DATE_LOGS":"15/06/2019 08:48:30","INFO_LOGS":"LoginWithToken: d8983929c866053c8ee1de03b6195f81,IP ::1"}
INFO 2019-06-15 08:48:58 – {"DATE_LOGS":"15/06/2019 08:48:50","INFO_LOGS":"SendPost: http://sandbox.datphuprinting.vn//api/v1/Customer/GetGiaCongDongDan\r\nJSON DATA: {\"publickey\":\"9481780562C9F49FBAAB389855D86BE9\",\"serviceID\":0,\"data\":\"O38L9OogZEeOmqAPPC/1lCT1tpf9GSzcGMeAuzXycYI=\",\"clientIP\":\"::1\",\"sign\":\"e1b1873dcd9343800447b74a00c3dc1b\"}\r\nResponse Data: {\"status\":0,\"msg\":\"SUCCESS\",\"data\":[{\"Id\":1,\"Name\":\"Ðóng dinh don\",\"Status\":1},{\"Id\":2,\"Name\":\"Ðóng dinh dôi\",\"Status\":1},{\"Id\":3,\"Name\":\"Dán\",\"Status\":1},{\"Id\":4,\"Name\":\"Mi?n dóng/dán\",\"Status\":1},{\"Id\":5,\"Name\":\"Ðóng dinh dôi trên du?i\",\"Status\":1}]}"}
INFO 2019-06-15 08:48:58 – {"DATE_LOGS":"15/06/2019 08:48:50","INFO_LOGS":"SendPost: http://sandbox.datphuprinting.vn//api/v1/Order/GetOrderDetailDrafts\r\nJSON DATA: {\"publickey\":\"9481780562C9F49FBAAB389855D86BE9\",\"serviceID\":0,\"data\":\"bFqe0ByrFeQL6waKV/kQxQ==\",\"clientIP\":\"::1\",\"sign\":\"972463de24cbf1d0efb05400367d1b75\"}\r\nResponse Data: {\"status\":-9998,\"msg\":\"-9998\",\"data\":[]}"}
INFO 2019-06-15 08:48:58 – {"DATE_LOGS":"15/06/2019 08:48:50","INFO_LOGS":"SendPost: http://sandbox.datphuprinting.vn//api/v1/Order/GetOrdersByUser\r\nJSON DATA: {\"publickey\":\"9481780562C9F49FBAAB389855D86BE9\",\"serviceID\":0,\"data\":\"bFqe0ByrFeQL6waKV/kQxQ==\",\"clientIP\":\"::1\",\"sign\":\"972463de24cbf1d0efb05400367d1b75\"}\r\nResponse Data: {\"status\":0,\"msg\":\"0\",\"data\":[{\"Order_ID\":63,\"OrderCode\":\"1906TD0004\",\"CompanyName\":\"SUNG WAVINA\",\"Email\":\"\",\"Phone\":\"\",\"Contact\":\"\",\"NgayMoDon\":\"2019-06-07\",\"Ky_Hieu_Don\":\"\",\"Gia_Ban_Bo\":0,\"Status\":1,\"Total\":11635267,\"UserName\":\"Dev Ði?n\"},{\"Order_ID\":61,\"OrderCode\":\"1906TD0002\",\"CompanyName\":\"ASIASOFT\",\"Email\":\"\",\"Phone\":\"\",\"Contact\":\"\",\"NgayMoDon\":\"2019-06-07\",\"Ky_Hieu_Don\":\"\",\"Gia_Ban_Bo\":0,\"Status\":1,\"Total\":2051795,\"UserName\":\"Dev Ði?n\"},{\"Order_ID\":60,\"OrderCode\":\"1906TD0001\",\"CompanyName\":\"TUY?N HI?P L?I\",\"Email\":\"\",\"Phone\":\"\",\"Contact\":\"Ms HOA\",\"NgayMoDon\":\"2019-06-07\",\"Ky_Hieu_Don\":\"\",\"Gia_Ban_Bo\":0,\"Status\":1,\"Total\":13721625,\"UserName\":\"Dev Ði?n\"}]}"}
INFO 2019-06-15 08:49:19 – {"DATE_LOGS":"15/06/2019 08:48:51","INFO_LOGS":"SendPost: http://sandbox.datphuprinting.vn//api/v1/Customer/GetLoaiHinhSX\r\nJSON DATA: {\"publickey\":\"9481780562C9F49FBAAB389855D86BE9\",\"serviceID\":0,\"data\":\"O38L9OogZEeOmqAPPC/1lCT1tpf9GSzcGMeAuzXycYI=\",\"clientIP\":\"::1\",\"sign\":\"e1b1873dcd9343800447b74a00c3dc1b\"}\r\nResponse Data: {\"status\":0,\"msg\":\"SUCCESS\",\"data\":[{\"LoaiHinhSX_ID\":1,\"Name\":\"Ði?n T?\",\"Status\":1},{\"LoaiHinhSX_ID\":2,\"Name\":\"May M?c\",\"Status\":1}]}"}
INFO 2019-06-15 08:49:19 – {"DATE_LOGS":"15/06/2019 08:48:51","INFO_LOGS":"SendPost: http://sandbox.datphuprinting.vn//api/v1/Customer/GetNhaCungCap\r\nJSON DATA: {\"publickey\":\"9481780562C9F49FBAAB389855D86BE9\",\"serviceID\":0,\"data\":\"O38L9OogZEeOmqAPPC/1lCT1tpf9GSzcGMeAuzXycYI=\",\"clientIP\":\"::1\",\"sign\":\"e1b1873dcd9343800447b74a00c3dc1b\"}\r\nResponse Data: {\"status\":0,\"msg\":\"SUCCESS\",\"data\":[{\"NhaCungCap_ID\":1,\"Name\":\"Cát Phú\",\"Address\":\"\",\"Phone\":\"\",\"Status\":1}]}"}
INFO 2019-06-15 08:49:19 – {"DATE_LOGS":"15/06/2019 08:48:51","INFO_LOGS":"SendPost: http://sandbox.datphuprinting.vn//api/v1/Customer/GetChatLieu\r\nJSON DATA: {\"publickey\":\"9481780562C9F49FBAAB389855D86BE9\",\"serviceID\":0,\"data\":\"rqmjSq0U94Xm2vJTtVy4f3cye/sR+TDbQXceu+xCYbk=\",\"clientIP\":\"::1\",\"sign\":\"9bf98ca9d63bde0be90c8861614dcf23\"}\r\nResponse Data: {\"status\":0,\"msg\":\"SUCCESS\",\"data\":[{\"ChatLieu_ID\":1,\"Ten_Chat_Lieu\":\"ZGZ 0C\",\"Gia\":7724},{\"ChatLieu_ID\":2,\"Ten_Chat_Lieu\":\"ZXZ 0C\",\"Gia\":6568},{\"ChatLieu_ID\":3,\"Ten_Chat_Lieu\":\"Z+Z 0E\",\"Gia\":6275},{\"ChatLieu_ID\":4,\"Ten_Chat_Lieu\":\"Z+Z 0C\",\"Gia\":6268},{\"ChatLieu_ID\":5,\"Ten_Chat_Lieu\":\"Z+++Z\",\"Gia\":9678},{\"ChatLieu_ID\":6,\"Ten_Chat_Lieu\":\"Z++ 0B\",\"Gia\":5560},{\"ChatLieu_ID\":7,\"Ten_Chat_Lieu\":\"W+Z 0B\",\"Gia\":7390},{\"ChatLieu_ID\":8,\"Ten_Chat_Lieu\":\"W+++Z\",\"Gia\":11395},{\"ChatLieu_ID\":9,\"Ten_Chat_Lieu\":\"W+++U\",\"Gia\":11695},{\"ChatLieu_ID\":10,\"Ten_Chat_Lieu\":\"VMU 0C\",\"Gia\":7810},{\"ChatLieu_ID\":11,\"Ten_Chat_Lieu\":\"VMU 0C\",\"Gia\":7560},{\"ChatLieu_ID\":12,\"Ten_Chat_Lieu\":\"VMU 0B\",\"Gia\":7648},{\"ChatLieu_ID\":13,\"Ten_Chat_Lieu\":\"VM+MV\",\"Gia\":11580},{\"ChatLieu_ID\":14,\"Ten_Chat_Lieu\":\"V+Z+V\",\"Gia\":11180},{\"ChatLieu_ID\":15,\"Ten_Chat_Lieu\":\"V+U+V\",\"Gia\":11450},{\"ChatLieu_ID\":16,\"Ten_Chat_Lieu\":\"V++MV\",\"Gia\":11230},{\"ChatLieu_ID\":17,\"Ten_Chat_Lieu\":\"V++MU\",\"Gia\":10930},{\"ChatLieu_ID\":18,\"Ten_Chat_Lieu\":\"UXU 0C\",\"Gia\":7230},{\"ChatLieu_ID\":19,\"Ten_Chat_Lieu\":\"UMU 0C\",\"Gia\":7230},{\"ChatLieu_ID\":21,\"Ten_Chat_Lieu\":\"UMU 0B\",\"Gia\":7080},{\"ChatLieu_ID\":22,\"Ten_Chat_Lieu\":\"UMMMZ\",\"Gia\":11120},{\"ChatLieu_ID\":23,\"Ten_Chat_Lieu\":\"UMMMU\",\"Gia\":11420},{\"ChatLieu_ID\":24,\"Ten_Chat_Lieu\":\"UGZ 0C\",\"Gia\":8140},{\"ChatLieu_ID\":25,\"Ten_Chat_Lieu\":\"UGU 0C\",\"Gia\":8440},{\"ChatLieu_ID\":26,\"Ten_Chat_Lieu\":\"U+U 0E\",\"Gia\":6890},{\"ChatLieu_ID\":27,\"Ten_Chat_Lieu\":\"UMZ 0C\",\"Gia\":6930},{\"ChatLieu_ID\":28,\"Ten_Chat_Lieu\":\"U+U 0C\",\"Gia\":6690},{\"ChatLieu_ID\":29,\"Ten_Chat_Lieu\":\"U++MZ\",\"Gia\":10338},{\"ChatLieu_ID\":30,\"Ten_Chat_Lieu\":\"U++MU\",\"Gia\":10750},{\"ChatLieu_ID\":31,\"Ten_Chat_Lieu\":\"U+++Z\",\"Gia\":9961},{\"ChatLieu_ID\":32,\"Ten_Chat_Lieu\":\"U+++U\",\"Gia\":10400},{\"ChatLieu_ID\":33,\"Ten_Chat_Lieu\":\"U++++\",\"Gia\":9640},{\"ChatLieu_ID\":34,\"Ten_Chat_Lieu\":\"QGQ 0C\",\"Gia\":11845},{\"ChatLieu_ID\":35,\"Ten_Chat_Lieu\":\"Q+V+P\",\"Gia\":14240},{\"ChatLieu_ID\":36,\"Ten_Chat_Lieu\":\"FMZ 0B\",\"Gia\":6847},{\"ChatLieu_ID\":37,\"Ten_Chat_Lieu\":\"C+Z 0B\",\"Gia\":6860},{\"ChatLieu_ID\":38,\"Ten_Chat_Lieu\":\"C+++Z\",\"Gia\":10435},{\"ChatLieu_ID\":39,\"Ten_Chat_Lieu\":\"C++ 0E\",\"Gia\":6360},{\"ChatLieu_ID\":40,\"Ten_Chat_Lieu\":\"AGQ 0C\",\"Gia\":13316},{\"ChatLieu_ID\":41,\"Ten_Chat_Lieu\":\"AGA 0C\",\"Gia\":13671},{\"ChatLieu_ID\":42,\"Ten_Chat_Lieu\":\"A+U+P\",\"Gia\":14685},{\"ChatLieu_ID\":43,\"Ten_Chat_Lieu\":\"A+U+6\",\"Gia\":14653},{\"ChatLieu_ID\":44,\"Ten_Chat_Lieu\":\"7MUMU\",\"Gia\":13150},{\"ChatLieu_ID\":45,\"Ten_Chat_Lieu\":\"7++MZ\",\"Gia\":11670},{\"ChatLieu_ID\":46,\"Ten_Chat_Lieu\":\"7++MU\",\"Gia\":12192},{\"ChatLieu_ID\":47,\"Ten_Chat_Lieu\":\"7++M7\",\"Gia\":14525},{\"ChatLieu_ID\":48,\"Ten_Chat_Lieu\":\"6MZ 0C\",\"Gia\":7930},{\"ChatLieu_ID\":49,\"Ten_Chat_Lieu\":\"6MU 0C\",\"Gia\":8233}]}"}
INFO 2019-06-15 08:49:19 – {"DATE_LOGS":"15/06/2019 08:48:52","INFO_LOGS":"SendPost: http://sandbox.datphuprinting.vn//api/v1/Customer/GetLoaiSong\r\nJSON DATA: {\"publickey\":\"9481780562C9F49FBAAB389855D86BE9\",\"serviceID\":0,\"data\":\"O38L9OogZEeOmqAPPC/1lCT1tpf9GSzcGMeAuzXycYI=\",\"clientIP\":\"::1\",\"sign\":\"e1b1873dcd9343800447b74a00c3dc1b\"}\r\nResponse Data: {\"status\":0,\"msg\":\"SUCCESS\",\"data\":[{\"LoaiSongID\":1,\"Name\":\"5 L?p(BC)\"},{\"LoaiSongID\":2,\"Name\":\"3 L?p(C)\"},{\"LoaiSongID\":3,\"Name\":\"3 L?p(B)\"},{\"LoaiSongID\":4,\"Name\":\"7 L?p(EBC)\"},{\"LoaiSongID\":5,\"Name\":\"3 L?p(E)\"}]}"}
INFO 2019-06-15 08:49:19 – {"DATE_LOGS":"15/06/2019 08:48:52","INFO_LOGS":"SendPost: http://sandbox.datphuprinting.vn//api/v1/Customer/GetKieuThung\r\nJSON DATA: {\"publickey\":\"9481780562C9F49FBAAB389855D86BE9\",\"serviceID\":0,\"data\":\"O38L9OogZEeOmqAPPC/1lCT1tpf9GSzcGMeAuzXycYI=\",\"clientIP\":\"::1\",\"sign\":\"e1b1873dcd9343800447b74a00c3dc1b\"}\r\nResponse Data: {\"status\":0,\"msg\":\"SUCCESS\",\"data\":[{\"LoaiThungID\":1,\"Name\":\"\",\"MaThung\":\"PAD\"},{\"LoaiThungID\":2,\"Name\":\"\",\"MaThung\":\"E\"},{\"LoaiThungID\":3,\"Name\":\"\",\"MaThung\":\"A1-1T\"},{\"LoaiThungID\":4,\"Name\":\"\",\"MaThung\":\"A1-2T\"},{\"LoaiThungID\":5,\"Name\":\"\",\"MaThung\":\"A1-1TSN\"},{\"LoaiThungID\":6,\"Name\":\"\",\"MaThung\":\"A1-2TSN\"},{\"LoaiThungID\":7,\"Name\":\"\",\"MaThung\":\"A0-1T\"},{\"LoaiThungID\":8,\"Name\":\"\",\"MaThung\":\"A0-2T\"},{\"LoaiThungID\":9,\"Name\":\"\",\"MaThung\":\"A1-1TNT\"},{\"LoaiThungID\":10,\"Name\":\"\",\"MaThung\":\"A1-1TND\"},{\"LoaiThungID\":11,\"Name\":\"\",\"MaThung\":\"A1-2TNT\"},{\"LoaiThungID\":12,\"Name\":\"\",\"MaThung\":\"A1-2TND\"},{\"LoaiThungID\":13,\"Name\":\"\",\"MaThung\":\"A5-1T\"},{\"LoaiThungID\":14,\"Name\":\"\",\"MaThung\":\"A5-2T\"},{\"LoaiThungID\":15,\"Name\":\"\",\"MaThung\":\"A3-1T\"},{\"LoaiThungID\":16,\"Name\":\"\",\"MaThung\":\"A3-2T\"},{\"LoaiThungID\":17,\"Name\":\"\",\"MaThung\":\"C1-B\"},{\"LoaiThungID\":18,\"Name\":\"\",\"MaThung\":\"C1-T\"},{\"LoaiThungID\":19,\"Name\":\"\",\"MaThung\":\"E1-1T\"},{\"LoaiThungID\":20,\"Name\":\"\",\"MaThung\":\"E2-1T\"},{\"LoaiThungID\":21,\"Name\":\"\",\"MaThung\":\"E2-1TSN\"},{\"LoaiThungID\":22,\"Name\":\"\",\"MaThung\":\"A1-4T\"},{\"LoaiThungID\":23,\"Name\":\"\",\"MaThung\":\"A1-4TSN\"}]}"}
INFO 2019-06-15 08:49:19 – {"DATE_LOGS":"15/06/2019 08:48:53","INFO_LOGS":"SendPost: http://sandbox.datphuprinting.vn//api/v1/Customer/GetLoaiDonHang\r\nJSON DATA: {\"publickey\":\"9481780562C9F49FBAAB389855D86BE9\",\"serviceID\":0,\"data\":\"O38L9OogZEeOmqAPPC/1lCT1tpf9GSzcGMeAuzXycYI=\",\"clientIP\":\"::1\",\"sign\":\"e1b1873dcd9343800447b74a00c3dc1b\"}\r\nResponse Data: {\"status\":0,\"msg\":\"SUCCESS\",\"data\":[{\"LoaiDon_ID\":1,\"Name\":\"S?n Xu?t\"},{\"LoaiDon_ID\":2,\"Name\":\"Thuong M?i\"},{\"LoaiDon_ID\":3,\"Name\":\"S?n Xu?t & Thuong M?i\"},{\"LoaiDon_ID\":4,\"Name\":\"Hàng M?u\"},{\"LoaiDon_ID\":5,\"Name\":\"Hàng T?ng\"}]}"}
INFO 2019-06-15 09:20:24 – {"DATE_LOGS":"15/06/2019 09:20:24","INFO_LOGS":"***** SERVER START *****"}
INFO 2019-06-15 09:21:54 – {"DATE_LOGS":"15/06/2019 09:21:54","INFO_LOGS":"***** SERVER START *****"}
INFO 2019-06-15 09:23:55 – {"DATE_LOGS":"15/06/2019 09:23:55","INFO_LOGS":"***** SERVER START *****"}
INFO 2019-06-15 09:25:56 – {"DATE_LOGS":"15/06/2019 09:25:56","INFO_LOGS":"***** SERVER START *****"}
INFO 2019-06-15 09:26:49 – {"DATE_LOGS":"15/06/2019 09:26:48","INFO_LOGS":"***** SERVER START *****"}
INFO 2019-06-15 09:29:29 – {"DATE_LOGS":"15/06/2019 09:29:24","INFO_LOGS":"LoginWithToken: d8983929c866053c8ee1de03b6195f81,IP ::1"}
INFO 2019-06-15 09:29:29 – {"DATE_LOGS":"15/06/2019 09:29:24","INFO_LOGS":"LoginWithToken: d8983929c866053c8ee1de03b6195f81,IP ::1"}
INFO 2019-06-15 10:13:14 – {"DATE_LOGS":"15/06/2019 10:13:14","INFO_LOGS":"***** SERVER START *****"}
INFO 2019-06-15 10:21:01 – {"DATE_LOGS":"15/06/2019 10:21:01","INFO_LOGS":"***** SERVER START *****"}
INFO 2019-06-15 10:38:16 – {"DATE_LOGS":"15/06/2019 10:38:15","INFO_LOGS":"***** SERVER START *****"}
INFO 2019-06-15 10:40:46 – {"DATE_LOGS":"15/06/2019 10:40:45","INFO_LOGS":"LoginWithToken: 39971b24e49c2ca825cc1245085d9096,IP ::1"}
INFO 2019-06-15 10:46:34 – {"DATE_LOGS":"15/06/2019 10:46:34","INFO_LOGS":"***** SERVER START *****"}
INFO 2019-06-15 10:48:34 – {"DATE_LOGS":"15/06/2019 10:48:31","INFO_LOGS":"LoginWithToken: 39971b24e49c2ca825cc1245085d9096,IP ::1"}
INFO 2019-06-15 10:58:59 – {"DATE_LOGS":"15/06/2019 10:58:59","INFO_LOGS":"***** SERVER START *****"}
INFO 2019-06-15 10:59:26 – {"DATE_LOGS":"15/06/2019 10:59:26","INFO_LOGS":"***** SERVER START *****"}
INFO 2019-06-15 11:01:04 – {"DATE_LOGS":"15/06/2019 11:01:03","INFO_LOGS":"***** SERVER START *****"}
INFO 2019-06-15 11:02:04 – {"DATE_LOGS":"15/06/2019 11:02:03","INFO_LOGS":"LoginWithToken: 39971b24e49c2ca825cc1245085d9096,IP ::1"}
INFO 2019-06-15 11:13:57 – {"DATE_LOGS":"15/06/2019 11:13:56","INFO_LOGS":"***** SERVER START *****"}
INFO 2019-06-15 11:15:07 – {"DATE_LOGS":"15/06/2019 11:15:07","INFO_LOGS":"LoginWithToken: 39971b24e49c2ca825cc1245085d9096,IP ::1"}
INFO 2019-06-15 11:40:57 – {"DATE_LOGS":"15/06/2019 11:40:53","INFO_LOGS":"LoginWithToken: 39971b24e49c2ca825cc1245085d9096,IP ::1"}
INFO 2019-06-15 12:08:40 – {"DATE_LOGS":"15/06/2019 12:08:32","INFO_LOGS":"LoginWithToken: 5eab4d3ecfd8c0e9ab96695703e891cc,IP ::1"}
INFO 2019-06-15 12:08:40 – {"DATE_LOGS":"15/06/2019 12:08:32","INFO_LOGS":"LoginWithToken: 5eab4d3ecfd8c0e9ab96695703e891cc,IP ::1"}
INFO 2019-06-15 12:08:40 – {"DATE_LOGS":"15/06/2019 12:08:33","INFO_LOGS":"LoginWithToken: 5eab4d3ecfd8c0e9ab96695703e891cc,IP ::1"}
INFO 2019-06-15 12:08:40 – {"DATE_LOGS":"15/06/2019 12:08:33","INFO_LOGS":"LoginWithToken: 5eab4d3ecfd8c0e9ab96695703e891cc,IP ::1"}
INFO 2019-06-15 12:08:40 – {"DATE_LOGS":"15/06/2019 12:08:33","INFO_LOGS":"LoginWithToken: 5eab4d3ecfd8c0e9ab96695703e891cc,IP ::1"}
INFO 2019-06-15 12:08:40 – {"DATE_LOGS":"15/06/2019 12:08:33","INFO_LOGS":"LoginWithToken: 5eab4d3ecfd8c0e9ab96695703e891cc,IP ::1"}
INFO 2019-06-15 12:08:40 – {"DATE_LOGS":"15/06/2019 12:08:33","INFO_LOGS":"LoginWithToken: 5eab4d3ecfd8c0e9ab96695703e891cc,IP ::1"}
INFO 2019-06-15 12:08:40 – {"DATE_LOGS":"15/06/2019 12:08:33","INFO_LOGS":"LoginWithToken: 5eab4d3ecfd8c0e9ab96695703e891cc,IP ::1"}
INFO 2019-06-15 12:08:40 – {"DATE_LOGS":"15/06/2019 12:08:33","INFO_LOGS":"LoginWithToken: 5eab4d3ecfd8c0e9ab96695703e891cc,IP ::1"}
INFO 2019-06-15 12:08:40 – {"DATE_LOGS":"15/06/2019 12:08:33","INFO_LOGS":"LoginWithToken: 5eab4d3ecfd8c0e9ab96695703e891cc,IP ::1"}
INFO 2019-06-15 12:08:40 – {"DATE_LOGS":"15/06/2019 12:08:33","INFO_LOGS":"LoginWithToken: 5eab4d3ecfd8c0e9ab96695703e891cc,IP ::1"}
INFO 2019-06-15 12:08:40 – {"DATE_LOGS":"15/06/2019 12:08:33","INFO_LOGS":"LoginWithToken: 5eab4d3ecfd8c0e9ab96695703e891cc,IP ::1"}
INFO 2019-06-15 12:08:40 – {"DATE_LOGS":"15/06/2019 12:08:33","INFO_LOGS":"LoginWithToken: 5eab4d3ecfd8c0e9ab96695703e891cc,IP ::1"}
INFO 2019-06-15 12:08:40 – {"DATE_LOGS":"15/06/2019 12:08:33","INFO_LOGS":"LoginWithToken: 5eab4d3ecfd8c0e9ab96695703e891cc,IP ::1"}
INFO 2019-06-15 12:08:40 – {"DATE_LOGS":"15/06/2019 12:08:33","INFO_LOGS":"LoginWithToken: 5eab4d3ecfd8c0e9ab96695703e891cc,IP ::1"}
INFO 2019-06-15 12:08:40 – {"DATE_LOGS":"15/06/2019 12:08:33","INFO_LOGS":"LoginWithToken: 5eab4d3ecfd8c0e9ab96695703e891cc,IP ::1"}
INFO 2019-06-15 12:08:40 – {"DATE_LOGS":"15/06/2019 12:08:33","INFO_LOGS":"LoginWithToken: 5eab4d3ecfd8c0e9ab96695703e891cc,IP ::1"}
INFO 2019-06-15 12:08:40 – {"DATE_LOGS":"15/06/2019 12:08:33","INFO_LOGS":"LoginWithToken: 5eab4d3ecfd8c0e9ab96695703e891cc,IP ::1"}
INFO 2019-06-15 12:08:40 – {"DATE_LOGS":"15/06/2019 12:08:33","INFO_LOGS":"LoginWithToken: 5eab4d3ecfd8c0e9ab96695703e891cc,IP ::1"}
INFO 2019-06-15 12:08:40 – {"DATE_LOGS":"15/06/2019 12:08:33","INFO_LOGS":"LoginWithToken: 5eab4d3ecfd8c0e9ab96695703e891cc,IP ::1"}
INFO 2019-06-15 01:10:40 – {"DATE_LOGS":"15/06/2019 01:10:40","INFO_LOGS":"LoginWithToken: 9c100818ea05c4babc083add40b65f70,IP ::1"}
INFO 2019-06-15 01:10:50 – {"DATE_LOGS":"15/06/2019 01:10:40","INFO_LOGS":"LoginWithToken: 9c100818ea05c4babc083add40b65f70,IP ::1"}
INFO 2019-06-15 01:10:50 – {"DATE_LOGS":"15/06/2019 01:10:40","INFO_LOGS":"LoginWithToken: 9c100818ea05c4babc083add40b65f70,IP ::1"}
INFO 2019-06-15 01:10:50 – {"DATE_LOGS":"15/06/2019 01:10:40","INFO_LOGS":"LoginWithToken: 9c100818ea05c4babc083add40b65f70,IP ::1"}
INFO 2019-06-15 01:10:50 – {"DATE_LOGS":"15/06/2019 01:10:40","INFO_LOGS":"LoginWithToken: 9c100818ea05c4babc083add40b65f70,IP ::1"}
INFO 2019-06-15 01:10:50 – {"DATE_LOGS":"15/06/2019 01:10:40","INFO_LOGS":"LoginWithToken: 9c100818ea05c4babc083add40b65f70,IP ::1"}
INFO 2019-06-15 01:10:50 – {"DATE_LOGS":"15/06/2019 01:10:40","INFO_LOGS":"LoginWithToken: 9c100818ea05c4babc083add40b65f70,IP ::1"}
INFO 2019-06-15 01:10:50 – {"DATE_LOGS":"15/06/2019 01:10:40","INFO_LOGS":"LoginWithToken: 9c100818ea05c4babc083add40b65f70,IP ::1"}
INFO 2019-06-15 01:10:50 – {"DATE_LOGS":"15/06/2019 01:10:41","INFO_LOGS":"LoginWithToken: 9c100818ea05c4babc083add40b65f70,IP ::1"}
INFO 2019-06-15 01:10:50 – {"DATE_LOGS":"15/06/2019 01:10:41","INFO_LOGS":"LoginWithToken: 9c100818ea05c4babc083add40b65f70,IP ::1"}
INFO 2019-06-15 01:10:50 – {"DATE_LOGS":"15/06/2019 01:10:41","INFO_LOGS":"LoginWithToken: 9c100818ea05c4babc083add40b65f70,IP ::1"}
INFO 2019-06-15 01:10:50 – {"DATE_LOGS":"15/06/2019 01:10:41","INFO_LOGS":"LoginWithToken: 9c100818ea05c4babc083add40b65f70,IP ::1"}
INFO 2019-06-15 01:10:50 – {"DATE_LOGS":"15/06/2019 01:10:41","INFO_LOGS":"LoginWithToken: 9c100818ea05c4babc083add40b65f70,IP ::1"}
INFO 2019-06-15 01:10:50 – {"DATE_LOGS":"15/06/2019 01:10:41","INFO_LOGS":"LoginWithToken: 9c100818ea05c4babc083add40b65f70,IP ::1"}
INFO 2019-06-15 01:10:50 – {"DATE_LOGS":"15/06/2019 01:10:41","INFO_LOGS":"LoginWithToken: 9c100818ea05c4babc083add40b65f70,IP ::1"}
INFO 2019-06-15 01:10:50 – {"DATE_LOGS":"15/06/2019 01:10:41","INFO_LOGS":"LoginWithToken: 9c100818ea05c4babc083add40b65f70,IP ::1"}
INFO 2019-06-15 01:10:50 – {"DATE_LOGS":"15/06/2019 01:10:41","INFO_LOGS":"LoginWithToken: 9c100818ea05c4babc083add40b65f70,IP ::1"}
INFO 2019-06-15 01:10:50 – {"DATE_LOGS":"15/06/2019 01:10:41","INFO_LOGS":"LoginWithToken: 9c100818ea05c4babc083add40b65f70,IP ::1"}
INFO 2019-06-15 01:10:50 – {"DATE_LOGS":"15/06/2019 01:10:41","INFO_LOGS":"LoginWithToken: 9c100818ea05c4babc083add40b65f70,IP ::1"}
INFO 2019-06-15 01:10:50 – {"DATE_LOGS":"15/06/2019 01:10:41","INFO_LOGS":"LoginWithToken: 9c100818ea05c4babc083add40b65f70,IP ::1"}
INFO 2019-06-15 01:10:50 – {"DATE_LOGS":"15/06/2019 01:10:50","INFO_LOGS":"LoginWithToken: 9c100818ea05c4babc083add40b65f70,IP ::1"}
INFO 2019-06-15 01:10:50 – {"DATE_LOGS":"15/06/2019 01:10:50","INFO_LOGS":"LoginWithToken: 9c100818ea05c4babc083add40b65f70,IP ::1"}
INFO 2019-06-15 01:10:50 – {"DATE_LOGS":"15/06/2019 01:10:50","INFO_LOGS":"LoginWithToken: 9c100818ea05c4babc083add40b65f70,IP ::1"}
INFO 2019-06-15 01:10:50 – {"DATE_LOGS":"15/06/2019 01:10:50","INFO_LOGS":"LoginWithToken: 9c100818ea05c4babc083add40b65f70,IP ::1"}
INFO 2019-06-15 01:10:50 – {"DATE_LOGS":"15/06/2019 01:10:50","INFO_LOGS":"LoginWithToken: 9c100818ea05c4babc083add40b65f70,IP ::1"}
INFO 2019-06-15 01:10:50 – {"DATE_LOGS":"15/06/2019 01:10:50","INFO_LOGS":"LoginWithToken: 9c100818ea05c4babc083add40b65f70,IP ::1"}
INFO 2019-06-15 01:10:50 – {"DATE_LOGS":"15/06/2019 01:10:50","INFO_LOGS":"LoginWithToken: 9c100818ea05c4babc083add40b65f70,IP ::1"}
INFO 2019-06-15 01:11:00 – {"DATE_LOGS":"15/06/2019 01:10:50","INFO_LOGS":"LoginWithToken: 9c100818ea05c4babc083add40b65f70,IP ::1"}
INFO 2019-06-15 01:11:00 – {"DATE_LOGS":"15/06/2019 01:10:50","INFO_LOGS":"LoginWithToken: 9c100818ea05c4babc083add40b65f70,IP ::1"}
INFO 2019-06-15 01:11:00 – {"DATE_LOGS":"15/06/2019 01:10:50","INFO_LOGS":"LoginWithToken: 9c100818ea05c4babc083add40b65f70,IP ::1"}
INFO 2019-06-15 01:11:00 – {"DATE_LOGS":"15/06/2019 01:10:51","INFO_LOGS":"LoginWithToken: 9c100818ea05c4babc083add40b65f70,IP ::1"}
INFO 2019-06-15 01:11:00 – {"DATE_LOGS":"15/06/2019 01:10:51","INFO_LOGS":"LoginWithToken: 9c100818ea05c4babc083add40b65f70,IP ::1"}
INFO 2019-06-15 01:11:00 – {"DATE_LOGS":"15/06/2019 01:10:51","INFO_LOGS":"LoginWithToken: 9c100818ea05c4babc083add40b65f70,IP ::1"}
INFO 2019-06-15 01:11:00 – {"DATE_LOGS":"15/06/2019 01:10:51","INFO_LOGS":"LoginWithToken: 9c100818ea05c4babc083add40b65f70,IP ::1"}
INFO 2019-06-15 01:11:00 – {"DATE_LOGS":"15/06/2019 01:10:51","INFO_LOGS":"LoginWithToken: 9c100818ea05c4babc083add40b65f70,IP ::1"}
INFO 2019-06-15 01:11:00 – {"DATE_LOGS":"15/06/2019 01:10:51","INFO_LOGS":"LoginWithToken: 9c100818ea05c4babc083add40b65f70,IP ::1"}
INFO 2019-06-15 01:11:00 – {"DATE_LOGS":"15/06/2019 01:10:51","INFO_LOGS":"LoginWithToken: 9c100818ea05c4babc083add40b65f70,IP ::1"}
INFO 2019-06-15 01:11:00 – {"DATE_LOGS":"15/06/2019 01:10:51","INFO_LOGS":"LoginWithToken: 9c100818ea05c4babc083add40b65f70,IP ::1"}
INFO 2019-06-15 01:11:00 – {"DATE_LOGS":"15/06/2019 01:10:51","INFO_LOGS":"LoginWithToken: 9c100818ea05c4babc083add40b65f70,IP ::1"}
INFO 2019-06-15 01:11:00 – {"DATE_LOGS":"15/06/2019 01:10:51","INFO_LOGS":"LoginWithToken: 9c100818ea05c4babc083add40b65f70,IP ::1"}
INFO 2019-06-15 01:11:00 – {"DATE_LOGS":"15/06/2019 01:10:56","INFO_LOGS":"LoginWithToken: 9c100818ea05c4babc083add40b65f70,IP ::1"}
INFO 2019-06-15 01:11:00 – {"DATE_LOGS":"15/06/2019 01:10:56","INFO_LOGS":"LoginWithToken: 9c100818ea05c4babc083add40b65f70,IP ::1"}
INFO 2019-06-15 01:11:00 – {"DATE_LOGS":"15/06/2019 01:10:56","INFO_LOGS":"LoginWithToken: 9c100818ea05c4babc083add40b65f70,IP ::1"}
INFO 2019-06-15 01:11:00 – {"DATE_LOGS":"15/06/2019 01:10:57","INFO_LOGS":"LoginWithToken: 9c100818ea05c4babc083add40b65f70,IP ::1"}
INFO 2019-06-15 01:11:00 – {"DATE_LOGS":"15/06/2019 01:10:57","INFO_LOGS":"LoginWithToken: 9c100818ea05c4babc083add40b65f70,IP ::1"}
INFO 2019-06-15 01:11:00 – {"DATE_LOGS":"15/06/2019 01:10:57","INFO_LOGS":"LoginWithToken: 9c100818ea05c4babc083add40b65f70,IP ::1"}
INFO 2019-06-15 01:11:00 – {"DATE_LOGS":"15/06/2019 01:10:57","INFO_LOGS":"LoginWithToken: 9c100818ea05c4babc083add40b65f70,IP ::1"}
INFO 2019-06-15 01:11:00 – {"DATE_LOGS":"15/06/2019 01:10:57","INFO_LOGS":"LoginWithToken: 9c100818ea05c4babc083add40b65f70,IP ::1"}
INFO 2019-06-15 01:11:00 – {"DATE_LOGS":"15/06/2019 01:10:57","INFO_LOGS":"LoginWithToken: 9c100818ea05c4babc083add40b65f70,IP ::1"}
INFO 2019-06-15 01:11:00 – {"DATE_LOGS":"15/06/2019 01:10:57","INFO_LOGS":"LoginWithToken: 9c100818ea05c4babc083add40b65f70,IP ::1"}
INFO 2019-06-15 01:11:20 – {"DATE_LOGS":"15/06/2019 01:11:10","INFO_LOGS":"LoginWithToken: 9c100818ea05c4babc083add40b65f70,IP ::1"}
INFO 2019-06-15 01:11:20 – {"DATE_LOGS":"15/06/2019 01:11:10","INFO_LOGS":"LoginWithToken: 9c100818ea05c4babc083add40b65f70,IP ::1"}
INFO 2019-06-15 01:11:20 – {"DATE_LOGS":"15/06/2019 01:11:10","INFO_LOGS":"LoginWithToken: 9c100818ea05c4babc083add40b65f70,IP ::1"}
INFO 2019-06-15 01:11:20 – {"DATE_LOGS":"15/06/2019 01:11:10","INFO_LOGS":"LoginWithToken: 9c100818ea05c4babc083add40b65f70,IP ::1"}
INFO 2019-06-15 01:11:20 – {"DATE_LOGS":"15/06/2019 01:11:10","INFO_LOGS":"LoginWithToken: 9c100818ea05c4babc083add40b65f70,IP ::1"}
INFO 2019-06-15 01:11:20 – {"DATE_LOGS":"15/06/2019 01:11:10","INFO_LOGS":"LoginWithToken: 9c100818ea05c4babc083add40b65f70,IP ::1"}
INFO 2019-06-15 01:11:20 – {"DATE_LOGS":"15/06/2019 01:11:11","INFO_LOGS":"LoginWithToken: 9c100818ea05c4babc083add40b65f70,IP ::1"}
INFO 2019-06-15 01:11:20 – {"DATE_LOGS":"15/06/2019 01:11:11","INFO_LOGS":"LoginWithToken: 9c100818ea05c4babc083add40b65f70,IP ::1"}
INFO 2019-06-15 01:11:20 – {"DATE_LOGS":"15/06/2019 01:11:11","INFO_LOGS":"LoginWithToken: 9c100818ea05c4babc083add40b65f70,IP ::1"}
INFO 2019-06-15 01:11:20 – {"DATE_LOGS":"15/06/2019 01:11:11","INFO_LOGS":"LoginWithToken: 9c100818ea05c4babc083add40b65f70,IP ::1"}
INFO 2019-06-15 01:11:20 – {"DATE_LOGS":"15/06/2019 01:11:11","INFO_LOGS":"LoginWithToken: 9c100818ea05c4babc083add40b65f70,IP ::1"}
INFO 2019-06-15 01:11:20 – {"DATE_LOGS":"15/06/2019 01:11:11","INFO_LOGS":"LoginWithToken: 9c100818ea05c4babc083add40b65f70,IP ::1"}
INFO 2019-06-15 01:11:20 – {"DATE_LOGS":"15/06/2019 01:11:11","INFO_LOGS":"LoginWithToken: 9c100818ea05c4babc083add40b65f70,IP ::1"}
INFO 2019-06-15 01:11:20 – {"DATE_LOGS":"15/06/2019 01:11:11","INFO_LOGS":"LoginWithToken: 9c100818ea05c4babc083add40b65f70,IP ::1"}
INFO 2019-06-15 01:11:20 – {"DATE_LOGS":"15/06/2019 01:11:12","INFO_LOGS":"LoginWithToken: 9c100818ea05c4babc083add40b65f70,IP ::1"}
INFO 2019-06-15 01:11:20 – {"DATE_LOGS":"15/06/2019 01:11:12","INFO_LOGS":"LoginWithToken: 9c100818ea05c4babc083add40b65f70,IP ::1"}
INFO 2019-06-15 01:11:20 – {"DATE_LOGS":"15/06/2019 01:11:12","INFO_LOGS":"LoginWithToken: 9c100818ea05c4babc083add40b65f70,IP ::1"}
INFO 2019-06-15 01:11:20 – {"DATE_LOGS":"15/06/2019 01:11:12","INFO_LOGS":"LoginWithToken: 9c100818ea05c4babc083add40b65f70,IP ::1"}
INFO 2019-06-15 01:11:20 – {"DATE_LOGS":"15/06/2019 01:11:12","INFO_LOGS":"LoginWithToken: 9c100818ea05c4babc083add40b65f70,IP ::1"}
INFO 2019-06-15 01:11:20 – {"DATE_LOGS":"15/06/2019 01:11:12","INFO_LOGS":"LoginWithToken: 9c100818ea05c4babc083add40b65f70,IP ::1"}
INFO 2019-06-15 01:11:20 – {"DATE_LOGS":"15/06/2019 01:11:17","INFO_LOGS":"LoginWithToken: 9c100818ea05c4babc083add40b65f70,IP ::1"}
INFO 2019-06-15 01:11:20 – {"DATE_LOGS":"15/06/2019 01:11:17","INFO_LOGS":"LoginWithToken: 9c100818ea05c4babc083add40b65f70,IP ::1"}
INFO 2019-06-15 01:11:20 – {"DATE_LOGS":"15/06/2019 01:11:17","INFO_LOGS":"LoginWithToken: 9c100818ea05c4babc083add40b65f70,IP ::1"}
INFO 2019-06-15 01:11:20 – {"DATE_LOGS":"15/06/2019 01:11:17","INFO_LOGS":"LoginWithToken: 9c100818ea05c4babc083add40b65f70,IP ::1"}
INFO 2019-06-15 01:11:20 – {"DATE_LOGS":"15/06/2019 01:11:17","INFO_LOGS":"LoginWithToken: 9c100818ea05c4babc083add40b65f70,IP ::1"}
INFO 2019-06-15 01:11:20 – {"DATE_LOGS":"15/06/2019 01:11:17","INFO_LOGS":"LoginWithToken: 9c100818ea05c4babc083add40b65f70,IP ::1"}
INFO 2019-06-15 01:11:20 – {"DATE_LOGS":"15/06/2019 01:11:17","INFO_LOGS":"LoginWithToken: 9c100818ea05c4babc083add40b65f70,IP ::1"}
INFO 2019-06-15 01:11:20 – {"DATE_LOGS":"15/06/2019 01:11:17","INFO_LOGS":"LoginWithToken: 9c100818ea05c4babc083add40b65f70,IP ::1"}
INFO 2019-06-15 01:11:20 – {"DATE_LOGS":"15/06/2019 01:11:17","INFO_LOGS":"LoginWithToken: 9c100818ea05c4babc083add40b65f70,IP ::1"}
INFO 2019-06-15 01:11:20 – {"DATE_LOGS":"15/06/2019 01:11:17","INFO_LOGS":"LoginWithToken: 9c100818ea05c4babc083add40b65f70,IP ::1"}
INFO 2019-06-15 01:11:30 – {"DATE_LOGS":"15/06/2019 01:11:21","INFO_LOGS":"LoginWithToken: 9c100818ea05c4babc083add40b65f70,IP ::1"}
INFO 2019-06-15 01:11:30 – {"DATE_LOGS":"15/06/2019 01:11:21","INFO_LOGS":"LoginWithToken: 9c100818ea05c4babc083add40b65f70,IP ::1"}
INFO 2019-06-15 01:11:30 – {"DATE_LOGS":"15/06/2019 01:11:21","INFO_LOGS":"LoginWithToken: 9c100818ea05c4babc083add40b65f70,IP ::1"}
INFO 2019-06-15 01:11:30 – {"DATE_LOGS":"15/06/2019 01:11:21","INFO_LOGS":"LoginWithToken: 9c100818ea05c4babc083add40b65f70,IP ::1"}
INFO 2019-06-15 01:11:30 – {"DATE_LOGS":"15/06/2019 01:11:21","INFO_LOGS":"LoginWithToken: 9c100818ea05c4babc083add40b65f70,IP ::1"}
INFO 2019-06-15 01:11:30 – {"DATE_LOGS":"15/06/2019 01:11:21","INFO_LOGS":"LoginWithToken: 9c100818ea05c4babc083add40b65f70,IP ::1"}
INFO 2019-06-15 01:11:30 – {"DATE_LOGS":"15/06/2019 01:11:21","INFO_LOGS":"LoginWithToken: 9c100818ea05c4babc083add40b65f70,IP ::1"}
INFO 2019-06-15 01:11:30 – {"DATE_LOGS":"15/06/2019 01:11:21","INFO_LOGS":"LoginWithToken: 9c100818ea05c4babc083add40b65f70,IP ::1"}
INFO 2019-06-15 01:11:30 – {"DATE_LOGS":"15/06/2019 01:11:21","INFO_LOGS":"LoginWithToken: 9c100818ea05c4babc083add40b65f70,IP ::1"}
INFO 2019-06-15 01:11:30 – {"DATE_LOGS":"15/06/2019 01:11:21","INFO_LOGS":"LoginWithToken: 9c100818ea05c4babc083add40b65f70,IP ::1"}
INFO 2019-06-15 01:15:08 – {"DATE_LOGS":"15/06/2019 01:15:07","INFO_LOGS":"***** SERVER START *****"}
INFO 2019-06-15 01:15:14 – {"DATE_LOGS":"15/06/2019 01:15:14","INFO_LOGS":"***** SERVER START *****"}
INFO 2019-06-15 01:16:18 – {"DATE_LOGS":"15/06/2019 01:16:18","INFO_LOGS":"***** SERVER START *****"}
INFO 2019-06-15 03:15:16 – {"DATE_LOGS":"15/06/2019 03:15:08","INFO_LOGS":"LoginWithToken: fc3fef3de171618900dd0353ba11aad7,IP ::1"}
INFO 2019-06-15 03:15:16 – {"DATE_LOGS":"15/06/2019 03:15:08","INFO_LOGS":"LoginWithToken: fc3fef3de171618900dd0353ba11aad7,IP ::1"}
INFO 2019-06-15 03:15:16 – {"DATE_LOGS":"15/06/2019 03:15:08","INFO_LOGS":"LoginWithToken: fc3fef3de171618900dd0353ba11aad7,IP ::1"}
INFO 2019-06-15 03:15:16 – {"DATE_LOGS":"15/06/2019 03:15:08","INFO_LOGS":"LoginWithToken: fc3fef3de171618900dd0353ba11aad7,IP ::1"}
INFO 2019-06-15 03:15:16 – {"DATE_LOGS":"15/06/2019 03:15:08","INFO_LOGS":"LoginWithToken: fc3fef3de171618900dd0353ba11aad7,IP ::1"}
INFO 2019-06-15 03:15:16 – {"DATE_LOGS":"15/06/2019 03:15:08","INFO_LOGS":"LoginWithToken: fc3fef3de171618900dd0353ba11aad7,IP ::1"}
INFO 2019-06-15 03:15:16 – {"DATE_LOGS":"15/06/2019 03:15:08","INFO_LOGS":"LoginWithToken: fc3fef3de171618900dd0353ba11aad7,IP ::1"}
INFO 2019-06-15 03:15:16 – {"DATE_LOGS":"15/06/2019 03:15:08","INFO_LOGS":"LoginWithToken: fc3fef3de171618900dd0353ba11aad7,IP ::1"}
INFO 2019-06-15 03:15:16 – {"DATE_LOGS":"15/06/2019 03:15:08","INFO_LOGS":"LoginWithToken: fc3fef3de171618900dd0353ba11aad7,IP ::1"}
INFO 2019-06-15 03:15:16 – {"DATE_LOGS":"15/06/2019 03:15:09","INFO_LOGS":"LoginWithToken: fc3fef3de171618900dd0353ba11aad7,IP ::1"}
INFO 2019-06-15 03:15:16 – {"DATE_LOGS":"15/06/2019 03:15:09","INFO_LOGS":"LoginWithToken: fc3fef3de171618900dd0353ba11aad7,IP ::1"}
INFO 2019-06-15 03:15:16 – {"DATE_LOGS":"15/06/2019 03:15:09","INFO_LOGS":"LoginWithToken: fc3fef3de171618900dd0353ba11aad7,IP ::1"}
INFO 2019-06-15 03:15:16 – {"DATE_LOGS":"15/06/2019 03:15:09","INFO_LOGS":"LoginWithToken: fc3fef3de171618900dd0353ba11aad7,IP ::1"}
INFO 2019-06-15 03:15:16 – {"DATE_LOGS":"15/06/2019 03:15:09","INFO_LOGS":"LoginWithToken: fc3fef3de171618900dd0353ba11aad7,IP ::1"}
INFO 2019-06-15 03:15:16 – {"DATE_LOGS":"15/06/2019 03:15:09","INFO_LOGS":"LoginWithToken: fc3fef3de171618900dd0353ba11aad7,IP ::1"}
INFO 2019-06-15 03:15:16 – {"DATE_LOGS":"15/06/2019 03:15:09","INFO_LOGS":"LoginWithToken: fc3fef3de171618900dd0353ba11aad7,IP ::1"}
INFO 2019-06-15 03:15:16 – {"DATE_LOGS":"15/06/2019 03:15:09","INFO_LOGS":"LoginWithToken: fc3fef3de171618900dd0353ba11aad7,IP ::1"}
INFO 2019-06-15 03:15:16 – {"DATE_LOGS":"15/06/2019 03:15:09","INFO_LOGS":"LoginWithToken: fc3fef3de171618900dd0353ba11aad7,IP ::1"}
INFO 2019-06-15 03:15:16 – {"DATE_LOGS":"15/06/2019 03:15:09","INFO_LOGS":"LoginWithToken: fc3fef3de171618900dd0353ba11aad7,IP ::1"}
INFO 2019-06-15 03:15:16 – {"DATE_LOGS":"15/06/2019 03:15:09","INFO_LOGS":"LoginWithToken: fc3fef3de171618900dd0353ba11aad7,IP ::1"}
INFO 2019-06-15 03:15:16 – {"DATE_LOGS":"15/06/2019 03:15:14","INFO_LOGS":"LoginWithToken: fc3fef3de171618900dd0353ba11aad7,IP ::1"}
INFO 2019-06-15 03:15:16 – {"DATE_LOGS":"15/06/2019 03:15:14","INFO_LOGS":"LoginWithToken: fc3fef3de171618900dd0353ba11aad7,IP ::1"}
INFO 2019-06-15 03:16:06 – {"DATE_LOGS":"15/06/2019 03:15:57","INFO_LOGS":"LoginWithToken: fc3fef3de171618900dd0353ba11aad7,IP ::1"}
INFO 2019-06-15 03:16:06 – {"DATE_LOGS":"15/06/2019 03:15:58","INFO_LOGS":"LoginWithToken: fc3fef3de171618900dd0353ba11aad7,IP ::1"}
INFO 2019-06-15 03:16:06 – {"DATE_LOGS":"15/06/2019 03:16:01","INFO_LOGS":"LoginWithToken: fc3fef3de171618900dd0353ba11aad7,IP ::1"}
INFO 2019-06-15 03:16:06 – {"DATE_LOGS":"15/06/2019 03:16:01","INFO_LOGS":"LoginWithToken: fc3fef3de171618900dd0353ba11aad7,IP ::1"}
INFO 2019-06-15 03:16:06 – {"DATE_LOGS":"15/06/2019 03:16:01","INFO_LOGS":"LoginWithToken: fc3fef3de171618900dd0353ba11aad7,IP ::1"}
INFO 2019-06-15 03:16:06 – {"DATE_LOGS":"15/06/2019 03:16:01","INFO_LOGS":"LoginWithToken: fc3fef3de171618900dd0353ba11aad7,IP ::1"}
INFO 2019-06-15 03:16:06 – {"DATE_LOGS":"15/06/2019 03:16:01","INFO_LOGS":"LoginWithToken: fc3fef3de171618900dd0353ba11aad7,IP ::1"}
INFO 2019-06-15 03:16:06 – {"DATE_LOGS":"15/06/2019 03:16:01","INFO_LOGS":"LoginWithToken: fc3fef3de171618900dd0353ba11aad7,IP ::1"}
INFO 2019-06-15 03:16:06 – {"DATE_LOGS":"15/06/2019 03:16:01","INFO_LOGS":"LoginWithToken: fc3fef3de171618900dd0353ba11aad7,IP ::1"}
INFO 2019-06-15 03:16:06 – {"DATE_LOGS":"15/06/2019 03:16:01","INFO_LOGS":"LoginWithToken: fc3fef3de171618900dd0353ba11aad7,IP ::1"}
INFO 2019-06-15 03:16:06 – {"DATE_LOGS":"15/06/2019 03:16:01","INFO_LOGS":"LoginWithToken: fc3fef3de171618900dd0353ba11aad7,IP ::1"}
INFO 2019-06-15 03:16:06 – {"DATE_LOGS":"15/06/2019 03:16:01","INFO_LOGS":"LoginWithToken: fc3fef3de171618900dd0353ba11aad7,IP ::1"}
INFO 2019-06-15 03:16:06 – {"DATE_LOGS":"15/06/2019 03:16:01","INFO_LOGS":"LoginWithToken: fc3fef3de171618900dd0353ba11aad7,IP ::1"}
INFO 2019-06-15 03:16:06 – {"DATE_LOGS":"15/06/2019 03:16:01","INFO_LOGS":"LoginWithToken: fc3fef3de171618900dd0353ba11aad7,IP ::1"}
INFO 2019-06-15 03:16:06 – {"DATE_LOGS":"15/06/2019 03:16:01","INFO_LOGS":"LoginWithToken: fc3fef3de171618900dd0353ba11aad7,IP ::1"}
INFO 2019-06-15 03:16:06 – {"DATE_LOGS":"15/06/2019 03:16:01","INFO_LOGS":"LoginWithToken: fc3fef3de171618900dd0353ba11aad7,IP ::1"}
INFO 2019-06-15 03:16:06 – {"DATE_LOGS":"15/06/2019 03:16:01","INFO_LOGS":"LoginWithToken: fc3fef3de171618900dd0353ba11aad7,IP ::1"}
INFO 2019-06-15 03:16:06 – {"DATE_LOGS":"15/06/2019 03:16:01","INFO_LOGS":"LoginWithToken: fc3fef3de171618900dd0353ba11aad7,IP ::1"}
INFO 2019-06-15 03:16:06 – {"DATE_LOGS":"15/06/2019 03:16:01","INFO_LOGS":"LoginWithToken: fc3fef3de171618900dd0353ba11aad7,IP ::1"}
INFO 2019-06-15 03:16:06 – {"DATE_LOGS":"15/06/2019 03:16:01","INFO_LOGS":"LoginWithToken: fc3fef3de171618900dd0353ba11aad7,IP ::1"}
INFO 2019-06-15 03:17:18 – {"DATE_LOGS":"15/06/2019 03:17:00","INFO_LOGS":"***** SERVER START *****"}
INFO 2019-06-15 03:17:52 – {"DATE_LOGS":"15/06/2019 03:17:51","INFO_LOGS":"***** SERVER START *****"}
INFO 2019-06-15 03:18:31 – {"DATE_LOGS":"15/06/2019 03:18:31","INFO_LOGS":"***** SERVER START *****"}
INFO 2019-06-15 03:18:41 – {"DATE_LOGS":"15/06/2019 03:18:36","INFO_LOGS":"LoginWithToken: 583bb1413c2ec6c5bca4727adde82593,IP ::1"}
INFO 2019-06-15 03:20:50 – {"DATE_LOGS":"15/06/2019 03:20:50","INFO_LOGS":"***** SERVER START *****"}
INFO 2019-06-15 03:21:00 – {"DATE_LOGS":"15/06/2019 03:20:53","INFO_LOGS":"LoginWithToken: 583bb1413c2ec6c5bca4727adde82593,IP ::1"}
INFO 2019-06-15 03:23:48 – {"DATE_LOGS":"15/06/2019 03:23:47","INFO_LOGS":"***** SERVER END *****"}
INFO 2019-06-15 03:23:54 – {"DATE_LOGS":"15/06/2019 03:23:53","INFO_LOGS":"***** SERVER START *****"}
INFO 2019-06-15 03:24:24 – {"DATE_LOGS":"15/06/2019 03:24:18","INFO_LOGS":"LoginWithToken: 583bb1413c2ec6c5bca4727adde82593,IP ::1"}
INFO 2019-06-15 03:34:04 – {"DATE_LOGS":"15/06/2019 03:34:04","INFO_LOGS":"***** SERVER START *****"}
INFO 2019-06-15 03:34:14 – {"DATE_LOGS":"15/06/2019 03:34:09","INFO_LOGS":"LoginWithToken: 583bb1413c2ec6c5bca4727adde82593,IP ::1"}
INFO 2019-06-15 05:19:23 – {"DATE_LOGS":"15/06/2019 05:19:23","INFO_LOGS":"***** SERVER START *****"}
INFO 2019-06-15 05:19:33 – {"DATE_LOGS":"15/06/2019 05:19:26","INFO_LOGS":"LoginWithToken: 583bb1413c2ec6c5bca4727adde82593,IP ::1"}
