INFO 2019-07-13 07:59:13 – {"DATE_LOGS":"13/07/2019 07:59:12","INFO_LOGS":"***** SERVER START *****"}
INFO 2019-07-13 07:59:23 – {"DATE_LOGS":"13/07/2019 07:59:14","INFO_LOGS":"LoginWithToken: 1bfd15eb8e54e5384e5c0fbaabb2ec3f,IP ::1"}
INFO 2019-07-13 10:06:27 – {"DATE_LOGS":"13/07/2019 10:06:27","INFO_LOGS":"LoginWithToken: 1bfd15eb8e54e5384e5c0fbaabb2ec3f,IP ::1"}
INFO 2019-07-13 10:20:18 – {"DATE_LOGS":"13/07/2019 10:20:16","INFO_LOGS":"{\"param\":\"\",\"topN\":20}"}
INFO 2019-07-13 10:22:38 – {"DATE_LOGS":"13/07/2019 10:22:34","INFO_LOGS":"{\"param\":\"aaaaaaaaaaaaaaaaa\",\"topN\":20}"}
INFO 2019-07-13 10:22:38 – {"DATE_LOGS":"13/07/2019 10:22:35","INFO_LOGS":"SendPost: http://local.api_cms/api/v1/Agency/FindAgency\r\nJSON DATA: {\"publickey\":\"AD09E842DDF1B07BF4288C5A86C791B0\",\"serviceID\":0,\"data\":\"8L6L3lm2OmOXEwiyeelI/yUcfJ6ovnk/i+KPGqusIEl265iAUS+h7v8aDJWOohl6\",\"clientIP\":\"::1\",\"sign\":\"e67d5fbc64a14ae6fd188350ae7a297b\"}\r\nResponse Data: {\"status\":0,\"msg\":null,\"data\":[]}"}
INFO 2019-07-13 10:22:38 – {"DATE_LOGS":"13/07/2019 10:22:37","INFO_LOGS":"{\"param\":\"aaaaaaaaaaaaaaaaaaaaaaaaaaaaaaaa\",\"topN\":20}"}
INFO 2019-07-13 10:22:38 – {"DATE_LOGS":"13/07/2019 10:22:37","INFO_LOGS":"SendPost: http://local.api_cms/api/v1/Agency/FindAgency\r\nJSON DATA: {\"publickey\":\"AD09E842DDF1B07BF4288C5A86C791B0\",\"serviceID\":0,\"data\":\"8L6L3lm2OmOXEwiyeelI/+700rxDCXIaPzNU6dPBxHbsdk8d89ch3hGY8Hrcf6VTVy8fr+JCDGS1vtWVEUxnQQ==\",\"clientIP\":\"::1\",\"sign\":\"e0efde5e5f92522a334509abb1dc2039\"}\r\nResponse Data: {\"status\":0,\"msg\":null,\"data\":[]}"}
INFO 2019-07-13 10:22:48 – {"DATE_LOGS":"13/07/2019 10:22:46","INFO_LOGS":"{\"param\":\"aaaaaaaaaaaaaaaaaaaaaaa\",\"topN\":20}"}
INFO 2019-07-13 10:22:48 – {"DATE_LOGS":"13/07/2019 10:22:46","INFO_LOGS":"SendPost: http://local.api_cms/api/v1/Agency/FindAgency\r\nJSON DATA: {\"publickey\":\"AD09E842DDF1B07BF4288C5A86C791B0\",\"serviceID\":0,\"data\":\"8L6L3lm2OmOXEwiyeelI/+700rxDCXIaPzNU6dPBxHYRT591xfkHVY9dekNPGG3T\",\"clientIP\":\"::1\",\"sign\":\"5ee2ee239c49bc90abb4e4ed1695cb76\"}\r\nResponse Data: {\"status\":0,\"msg\":null,\"data\":[]}"}
INFO 2019-07-13 10:22:48 – {"DATE_LOGS":"13/07/2019 10:22:47","INFO_LOGS":"{\"param\":\"aaaaaaaa\",\"topN\":20}"}
INFO 2019-07-13 10:22:58 – {"DATE_LOGS":"13/07/2019 10:22:48","INFO_LOGS":"SendPost: http://local.api_cms/api/v1/Agency/FindAgency\r\nJSON DATA: {\"publickey\":\"AD09E842DDF1B07BF4288C5A86C791B0\",\"serviceID\":0,\"data\":\"8L6L3lm2OmOXEwiyeelI/5NIo0K6NlPwmQUnxCxRuio=\",\"clientIP\":\"::1\",\"sign\":\"5a294b41132d46d6dd3acb61d4af1ad1\"}\r\nResponse Data: {\"status\":0,\"msg\":null,\"data\":[]}"}
INFO 2019-07-13 10:22:58 – {"DATE_LOGS":"13/07/2019 10:22:48","INFO_LOGS":"{\"param\":\"aaaaa\",\"topN\":20}"}
INFO 2019-07-13 10:22:58 – {"DATE_LOGS":"13/07/2019 10:22:49","INFO_LOGS":"SendPost: http://local.api_cms/api/v1/Agency/FindAgency\r\nJSON DATA: {\"publickey\":\"AD09E842DDF1B07BF4288C5A86C791B0\",\"serviceID\":0,\"data\":\"zPrnzA9wVFGQASpIwMVzfSe1UMA3B1UbsoM0wRy5m1Q=\",\"clientIP\":\"::1\",\"sign\":\"1b789366d3ae544624b216c9b375592c\"}\r\nResponse Data: {\"status\":0,\"msg\":null,\"data\":[]}"}
INFO 2019-07-13 10:22:58 – {"DATE_LOGS":"13/07/2019 10:22:50","INFO_LOGS":"{\"param\":\"võ\",\"topN\":20}"}
INFO 2019-07-13 10:22:58 – {"DATE_LOGS":"13/07/2019 10:22:50","INFO_LOGS":"SendPost: http://local.api_cms/api/v1/Agency/FindAgency\r\nJSON DATA: {\"publickey\":\"AD09E842DDF1B07BF4288C5A86C791B0\",\"serviceID\":0,\"data\":\"771v5A/t84V5K2pIN/HFsfkKfn3yZda2wVP3XttzFuY=\",\"clientIP\":\"::1\",\"sign\":\"094768f20a176a07a98630f0f2e3d326\"}\r\nResponse Data: {\"status\":0,\"msg\":null,\"data\":[]}"}
INFO 2019-07-13 10:22:58 – {"DATE_LOGS":"13/07/2019 10:22:52","INFO_LOGS":"{\"param\":\"võkimthanhf\",\"topN\":20}"}
INFO 2019-07-13 10:22:58 – {"DATE_LOGS":"13/07/2019 10:22:52","INFO_LOGS":"SendPost: http://local.api_cms/api/v1/Agency/FindAgency\r\nJSON DATA: {\"publickey\":\"AD09E842DDF1B07BF4288C5A86C791B0\",\"serviceID\":0,\"data\":\"Mp+GpP9oDhPg6bbktYiPO2zfRTOx28XDUDNDVye7mom6G9Rtf1Z9c4PxqTub0yV8\",\"clientIP\":\"::1\",\"sign\":\"d18fe5e68220dee181d0660cfce4e5a7\"}\r\nResponse Data: {\"status\":0,\"msg\":null,\"data\":[]}"}
INFO 2019-07-13 10:22:58 – {"DATE_LOGS":"13/07/2019 10:22:53","INFO_LOGS":"{\"param\":\"võkimthanh\",\"topN\":20}"}
INFO 2019-07-13 10:22:58 – {"DATE_LOGS":"13/07/2019 10:22:53","INFO_LOGS":"SendPost: http://local.api_cms/api/v1/Agency/FindAgency\r\nJSON DATA: {\"publickey\":\"AD09E842DDF1B07BF4288C5A86C791B0\",\"serviceID\":0,\"data\":\"Mp+GpP9oDhPg6bbktYiPO5Ot/eO+0M2BxgrC5l09z+aRcoJDSf6oXTkxlhlkB0+f\",\"clientIP\":\"::1\",\"sign\":\"13a6b4e35e1973856f594ca272f08a10\"}\r\nResponse Data: {\"status\":0,\"msg\":null,\"data\":[]}"}
INFO 2019-07-13 10:22:58 – {"DATE_LOGS":"13/07/2019 10:22:53","INFO_LOGS":"{\"param\":\"võkimthanh\",\"topN\":20}"}
INFO 2019-07-13 10:22:58 – {"DATE_LOGS":"13/07/2019 10:22:54","INFO_LOGS":"SendPost: http://local.api_cms/api/v1/Agency/FindAgency\r\nJSON DATA: {\"publickey\":\"AD09E842DDF1B07BF4288C5A86C791B0\",\"serviceID\":0,\"data\":\"Mp+GpP9oDhPg6bbktYiPO5Ot/eO+0M2BxgrC5l09z+aRcoJDSf6oXTkxlhlkB0+f\",\"clientIP\":\"::1\",\"sign\":\"13a6b4e35e1973856f594ca272f08a10\"}\r\nResponse Data: {\"status\":0,\"msg\":null,\"data\":[]}"}
INFO 2019-07-13 10:22:58 – {"DATE_LOGS":"13/07/2019 10:22:54","INFO_LOGS":"{\"param\":\"võkimthanh\",\"topN\":20}"}
INFO 2019-07-13 10:22:58 – {"DATE_LOGS":"13/07/2019 10:22:54","INFO_LOGS":"SendPost: http://local.api_cms/api/v1/Agency/FindAgency\r\nJSON DATA: {\"publickey\":\"AD09E842DDF1B07BF4288C5A86C791B0\",\"serviceID\":0,\"data\":\"Mp+GpP9oDhPg6bbktYiPO5Ot/eO+0M2BxgrC5l09z+aRcoJDSf6oXTkxlhlkB0+f\",\"clientIP\":\"::1\",\"sign\":\"13a6b4e35e1973856f594ca272f08a10\"}\r\nResponse Data: {\"status\":0,\"msg\":null,\"data\":[]}"}
INFO 2019-07-13 10:22:58 – {"DATE_LOGS":"13/07/2019 10:22:55","INFO_LOGS":"{\"param\":\"võkimthanhvõkimthanh\",\"topN\":20}"}
INFO 2019-07-13 10:22:58 – {"DATE_LOGS":"13/07/2019 10:22:55","INFO_LOGS":"SendPost: http://local.api_cms/api/v1/Agency/FindAgency\r\nJSON DATA: {\"publickey\":\"AD09E842DDF1B07BF4288C5A86C791B0\",\"serviceID\":0,\"data\":\"Mp+GpP9oDhPg6bbktYiPO9x4e6Uet27Ds2nfeX9o8C0W4eKUjH9cb5e3oxTKhIIu\",\"clientIP\":\"::1\",\"sign\":\"df5148cf45490d93243f87d7d5814a06\"}\r\nResponse Data: {\"status\":0,\"msg\":null,\"data\":[]}"}
INFO 2019-07-13 10:22:58 – {"DATE_LOGS":"13/07/2019 10:22:56","INFO_LOGS":"{\"param\":\"võkimthanhvõkimthanhvõkimthanh\",\"topN\":20}"}
INFO 2019-07-13 10:22:58 – {"DATE_LOGS":"13/07/2019 10:22:56","INFO_LOGS":"SendPost: http://local.api_cms/api/v1/Agency/FindAgency\r\nJSON DATA: {\"publickey\":\"AD09E842DDF1B07BF4288C5A86C791B0\",\"serviceID\":0,\"data\":\"Mp+GpP9oDhPg6bbktYiPO9x4e6Uet27Ds2nfeX9o8C3jRMQTgzDctN2S6R0aI+1YsnmWv2WgzBdUYERGlbIHeQ==\",\"clientIP\":\"::1\",\"sign\":\"e5c18490e4e63babdc62049bcb3797bb\"}\r\nResponse Data: {\"status\":0,\"msg\":null,\"data\":[]}"}
INFO 2019-07-13 10:25:28 – {"DATE_LOGS":"13/07/2019 10:25:20","INFO_LOGS":"{\"param\":\"võkimthanhvõ\",\"topN\":20}"}
INFO 2019-07-13 10:25:28 – {"DATE_LOGS":"13/07/2019 10:25:21","INFO_LOGS":"SendPost: http://local.api_cms/api/v1/Agency/FindAgency\r\nJSON DATA: {\"publickey\":\"AD09E842DDF1B07BF4288C5A86C791B0\",\"serviceID\":0,\"data\":\"Mp+GpP9oDhPg6bbktYiPO0mnvRyzd97c7e+SJkCfZFs658db6Geg5oAUmPl4i37s\",\"clientIP\":\"::1\",\"sign\":\"cdf46e641d8a15b96cf1e8a17102798b\"}\r\nResponse Data: {\"status\":0,\"msg\":null,\"data\":[]}"}
INFO 2019-07-13 10:28:28 – {"DATE_LOGS":"13/07/2019 10:28:23","INFO_LOGS":"{\"param\":\"a\",\"topN\":20}"}
INFO 2019-07-13 10:28:28 – {"DATE_LOGS":"13/07/2019 10:28:24","INFO_LOGS":"SendPost: http://local.api_cms/api/v1/Agency/FindAgency\r\nJSON DATA: {\"publickey\":\"AD09E842DDF1B07BF4288C5A86C791B0\",\"serviceID\":0,\"data\":\"XCVOJH+o/R9PmVX3X8SwqAVn+HJvxf4R34WEjPqbu2U=\",\"clientIP\":\"::1\",\"sign\":\"1669dfb12bb982a8ff4dd895ac3138ff\"}\r\nResponse Data: {\"status\":0,\"msg\":null,\"data\":[{\"DisplayName\":\"Ð?i Lý 1\",\"AgencyCode\":\"daily1\",\"Phone\":\"0933533783\",\"AgencyID\":\"UWIN.00000002\"},{\"DisplayName\":\"DIEN NT\",\"AgencyCode\":\"HCM-6868\",\"Phone\":\"0988005509\",\"AgencyID\":\"UWIN.00000001\"}]}"}
INFO 2019-07-13 10:32:08 – {"DATE_LOGS":"13/07/2019 10:32:07","INFO_LOGS":"{\"param\":\"a\",\"topN\":20}"}
INFO 2019-07-13 10:32:08 – {"DATE_LOGS":"13/07/2019 10:32:07","INFO_LOGS":"SendPost: http://local.api_cms/api/v1/Agency/FindAgency\r\nJSON DATA: {\"publickey\":\"AD09E842DDF1B07BF4288C5A86C791B0\",\"serviceID\":0,\"data\":\"XCVOJH+o/R9PmVX3X8SwqAVn+HJvxf4R34WEjPqbu2U=\",\"clientIP\":\"::1\",\"sign\":\"1669dfb12bb982a8ff4dd895ac3138ff\"}\r\nResponse Data: {\"status\":0,\"msg\":null,\"data\":[{\"DisplayName\":\"Ð?i Lý 1\",\"AgencyCode\":\"daily1\",\"Phone\":\"0933533783\",\"AgencyID\":\"UWIN.00000002\"},{\"DisplayName\":\"DIEN NT\",\"AgencyCode\":\"HCM-6868\",\"Phone\":\"0988005509\",\"AgencyID\":\"UWIN.00000001\"}]}"}
INFO 2019-07-13 10:32:18 – {"DATE_LOGS":"13/07/2019 10:32:11","INFO_LOGS":"{\"param\":\"\",\"topN\":20}"}
INFO 2019-07-13 10:32:28 – {"DATE_LOGS":"13/07/2019 10:32:21","INFO_LOGS":"{\"param\":\"a\",\"topN\":20}"}
INFO 2019-07-13 10:32:28 – {"DATE_LOGS":"13/07/2019 10:32:21","INFO_LOGS":"SendPost: http://local.api_cms/api/v1/Agency/FindAgency\r\nJSON DATA: {\"publickey\":\"AD09E842DDF1B07BF4288C5A86C791B0\",\"serviceID\":0,\"data\":\"XCVOJH+o/R9PmVX3X8SwqAVn+HJvxf4R34WEjPqbu2U=\",\"clientIP\":\"::1\",\"sign\":\"1669dfb12bb982a8ff4dd895ac3138ff\"}\r\nResponse Data: {\"status\":0,\"msg\":null,\"data\":[{\"DisplayName\":\"Ð?i Lý 1\",\"AgencyCode\":\"daily1\",\"Phone\":\"0933533783\",\"AgencyID\":\"UWIN.00000002\"},{\"DisplayName\":\"DIEN NT\",\"AgencyCode\":\"HCM-6868\",\"Phone\":\"0988005509\",\"AgencyID\":\"UWIN.00000001\"}]}"}
INFO 2019-07-13 10:32:28 – {"DATE_LOGS":"13/07/2019 10:32:26","INFO_LOGS":"{\"param\":\"\",\"topN\":20}"}
