INFO 2019-08-06 02:44:49 – {"DATE_LOGS":"06/08/2019 02:44:49","INFO_LOGS":"***** SERVER START *****"}
INFO 2019-08-06 02:44:59 – {"DATE_LOGS":"06/08/2019 02:44:55","INFO_LOGS":"LoginWithToken: 9c7959888ea4de2562d980605b3d78fd,IP ::1"}
INFO 2019-08-06 02:44:59 – {"DATE_LOGS":"06/08/2019 02:44:55","INFO_LOGS":"LoginWithToken: 9c7959888ea4de2562d980605b3d78fd,IP ::1"}
INFO 2019-08-06 02:47:49 – {"DATE_LOGS":"06/08/2019 02:47:42","INFO_LOGS":"{\"AccountID\":201837368,\"Reason\":\"Tài kho?n m? khóa: thanh.vo\",\"Author\":9}"}
INFO 2019-08-06 02:47:49 – {"DATE_LOGS":"06/08/2019 02:47:49","INFO_LOGS":"SendPost: http://local.api_cms/api/v1/GameAccount/UnlockAccountGame\r\nJSON DATA: {\"publickey\":\"AD09E842DDF1B07BF4288C5A86C791B0\",\"serviceID\":0,\"data\":\"A6zJ2YAsv1Ec7jW4C79ckAdgyQqy7epslWxlSB99BF1ZV8JbsKCE3SUjt6N/TBigMOfdjmG/pf3nQMIOc2ddb35bgRpubUFg8BdcuzgJ/b0=\",\"clientIP\":\"::1\",\"sign\":\"cf84010ef23a04ef6e738fa7d6a1363a\"}\r\nResponse Data: {\"status\":1,\"msg\":\"M? khóa tài kho?n game thành công\",\"data\":null,\"secreckey\":null}"}
INFO 2019-08-06 02:54:32 – {"DATE_LOGS":"06/08/2019 02:54:32","INFO_LOGS":"***** SERVER START *****"}
INFO 2019-08-06 02:54:42 – {"DATE_LOGS":"06/08/2019 02:54:35","INFO_LOGS":"LoginWithToken: 9c7959888ea4de2562d980605b3d78fd,IP ::1"}
INFO 2019-08-06 02:54:42 – {"DATE_LOGS":"06/08/2019 02:54:41","INFO_LOGS":"{\"AccountID\":201837368,\"Reason\":\"Tài kho?n khóa chat: thanh.vo, Ghi chú: khóa chat\",\"Author\":9}"}
INFO 2019-08-06 02:54:42 – {"DATE_LOGS":"06/08/2019 02:54:42","INFO_LOGS":"SendPost: http://local.api_cms/api/v1/GameAccount/LockChatAccountGame\r\nJSON DATA: {\"publickey\":\"AD09E842DDF1B07BF4288C5A86C791B0\",\"serviceID\":0,\"data\":\"A6zJ2YAsv1Ec7jW4C79ckAdgyQqy7epslWxlSB99BF2cY5hoOB1LeSjDCAt3Ndrbx8mHbPBnvHyHr/sT6YJcOPRAgbpexcpTVF+9UCXk9EhG7OJ603cpZDUq5C+n05s6ehOn5s7z9I2D2U+N/V8dQA==\",\"clientIP\":\"::1\",\"sign\":\"08d79dca6aebd1478ada4887942e0947\"}\r\nResponse Data: {\"status\":1,\"msg\":\"Khóa chat tài kho?n game thành công\",\"data\":null,\"secreckey\":null}"}
INFO 2019-08-06 02:55:42 – {"DATE_LOGS":"06/08/2019 02:55:35","INFO_LOGS":"{\"AccountID\":201837368,\"Reason\":\"Tài kho?n m? khóa chat: thanh.vo\",\"Author\":9}"}
INFO 2019-08-06 02:56:02 – {"DATE_LOGS":"06/08/2019 02:55:57","INFO_LOGS":"SendPost: http://local.api_cms/api/v1/GameAccount/UnlockChatAccountGame\r\nJSON DATA: {\"publickey\":\"AD09E842DDF1B07BF4288C5A86C791B0\",\"serviceID\":0,\"data\":\"A6zJ2YAsv1Ec7jW4C79ckAdgyQqy7epslWxlSB99BF1ZV8JbsKCE3SUjt6N/TBigcZc5Q8pmoztqNbKWs1C2xxkHFhLvlJWts+92d8u6wEiJ3DMzEwp0fLrGO3mVQVLS\",\"clientIP\":\"::1\",\"sign\":\"502545fbed6c7ca78b83f44bd6839dc9\"}\r\nResponse Data: {\"status\":-9999,\"msg\":\"The EXECUTE permission was denied on the object 'SP_TOOL_UNLOCK_CHAT_ACCOUNT_GAME', database 'GamePortal', schema 'dbo'.\",\"data\":null,\"secreckey\":null}"}
INFO 2019-08-06 03:10:23 – {"DATE_LOGS":"06/08/2019 03:10:23","INFO_LOGS":"***** SERVER START *****"}
INFO 2019-08-06 03:10:33 – {"DATE_LOGS":"06/08/2019 03:10:26","INFO_LOGS":"LoginWithToken: 9c7959888ea4de2562d980605b3d78fd,IP ::1"}
INFO 2019-08-06 03:22:13 – {"DATE_LOGS":"06/08/2019 03:22:12","INFO_LOGS":"***** SERVER START *****"}
INFO 2019-08-06 03:22:23 – {"DATE_LOGS":"06/08/2019 03:22:13","INFO_LOGS":"LoginWithToken: 9c7959888ea4de2562d980605b3d78fd,IP ::1"}
INFO 2019-08-06 10:22:20 – {"DATE_LOGS":"06/08/2019 10:22:19","INFO_LOGS":"***** SERVER START *****"}
INFO 2019-08-06 10:22:30 – {"DATE_LOGS":"06/08/2019 10:22:27","INFO_LOGS":"LoginWithToken: 9c7959888ea4de2562d980605b3d78fd,IP ::1"}
INFO 2019-08-06 10:26:40 – {"DATE_LOGS":"06/08/2019 10:26:34","INFO_LOGS":"{\"AccountID\":201837368,\"Reason\":\"Tài kho?n m? khóa chat: thanh.vo\",\"Author\":9}"}
INFO 2019-08-06 10:26:40 – {"DATE_LOGS":"06/08/2019 10:26:36","INFO_LOGS":"SendPost: http://local.api_cms/api/v1/GameAccount/UnlockChatAccountGame\r\nJSON DATA: {\"publickey\":\"AD09E842DDF1B07BF4288C5A86C791B0\",\"serviceID\":0,\"data\":\"A6zJ2YAsv1Ec7jW4C79ckAdgyQqy7epslWxlSB99BF1ZV8JbsKCE3SUjt6N/TBigcZc5Q8pmoztqNbKWs1C2xxkHFhLvlJWts+92d8u6wEiJ3DMzEwp0fLrGO3mVQVLS\",\"clientIP\":\"::1\",\"sign\":\"502545fbed6c7ca78b83f44bd6839dc9\"}\r\nResponse Data: {\"status\":1,\"msg\":\"M? khóa chat tài kho?n game thành công\",\"data\":null,\"secreckey\":null}"}
INFO 2019-08-06 10:29:30 – {"DATE_LOGS":"06/08/2019 10:29:29","INFO_LOGS":"{\"AccountID\":201837368,\"Reason\":\"Tài kho?n khóa: thanh.vo, Ghi chú: khóa tài kho?n\",\"Author\":9}"}
INFO 2019-08-06 10:29:30 – {"DATE_LOGS":"06/08/2019 10:29:29","INFO_LOGS":"SendPost: http://local.api_cms/api/v1/GameAccount/LockAccountGame\r\nJSON DATA: {\"publickey\":\"AD09E842DDF1B07BF4288C5A86C791B0\",\"serviceID\":0,\"data\":\"A6zJ2YAsv1Ec7jW4C79ckAdgyQqy7epslWxlSB99BF2cY5hoOB1LeSjDCAt3Ndrb+R0KQr782To+Yjx2MUSDina5YR3RShL8Yum81r4NSLC3erjWmlsjwIcfuLk1AmXiTlJsPw2M0beMw54TR/lJYA==\",\"clientIP\":\"::1\",\"sign\":\"fafe3e6044d05d36267a45d5e056fe96\"}\r\nResponse Data: {\"status\":1,\"msg\":\"Khóa tài kho?n game thành công\",\"data\":null,\"secreckey\":null}"}
INFO 2019-08-06 10:44:30 – {"DATE_LOGS":"06/08/2019 10:44:29","INFO_LOGS":"{\"AccountID\":201837368,\"Reason\":\"Tài kho?n m? khóa: thanh.vo\",\"Author\":9}"}
INFO 2019-08-06 10:44:30 – {"DATE_LOGS":"06/08/2019 10:44:29","INFO_LOGS":"SendPost: http://local.api_cms/api/v1/GameAccount/UnlockAccountGame\r\nJSON DATA: {\"publickey\":\"AD09E842DDF1B07BF4288C5A86C791B0\",\"serviceID\":0,\"data\":\"A6zJ2YAsv1Ec7jW4C79ckAdgyQqy7epslWxlSB99BF1ZV8JbsKCE3SUjt6N/TBigMOfdjmG/pf3nQMIOc2ddb35bgRpubUFg8BdcuzgJ/b0=\",\"clientIP\":\"::1\",\"sign\":\"cf84010ef23a04ef6e738fa7d6a1363a\"}\r\nResponse Data: {\"status\":1,\"msg\":\"M? khóa tài kho?n game thành công\",\"data\":null,\"secreckey\":null}"}
INFO 2019-08-06 10:50:30 – {"DATE_LOGS":"06/08/2019 10:50:21","INFO_LOGS":"{\"AccountID\":201837368,\"Reason\":\"Tài kho?n khóa chat: thanh.vo, Ghi chú: \",\"Author\":9}"}
INFO 2019-08-06 10:50:30 – {"DATE_LOGS":"06/08/2019 10:50:21","INFO_LOGS":"SendPost: http://local.api_cms/api/v1/GameAccount/LockChatAccountGame\r\nJSON DATA: {\"publickey\":\"AD09E842DDF1B07BF4288C5A86C791B0\",\"serviceID\":0,\"data\":\"A6zJ2YAsv1Ec7jW4C79ckAdgyQqy7epslWxlSB99BF2cY5hoOB1LeSjDCAt3Ndrbx8mHbPBnvHyHr/sT6YJcOGz+9/TygQq3fLtGjkp8eljfHGu3VOgwLDiufCZF8fKS\",\"clientIP\":\"::1\",\"sign\":\"2b0ae7eae3e63d86881ffab8159504fe\"}\r\nResponse Data: {\"status\":1,\"msg\":\"Khóa chat tài kho?n game thành công\",\"data\":null,\"secreckey\":null}"}
INFO 2019-08-06 10:52:50 – {"DATE_LOGS":"06/08/2019 10:52:45","INFO_LOGS":"{\"AccountID\":201837368,\"Reason\":\"Tài kho?n m? khóa chat: thanh.vo\",\"Author\":9}"}
INFO 2019-08-06 10:52:50 – {"DATE_LOGS":"06/08/2019 10:52:46","INFO_LOGS":"SendPost: http://local.api_cms/api/v1/GameAccount/UnlockChatAccountGame\r\nJSON DATA: {\"publickey\":\"AD09E842DDF1B07BF4288C5A86C791B0\",\"serviceID\":0,\"data\":\"A6zJ2YAsv1Ec7jW4C79ckAdgyQqy7epslWxlSB99BF1ZV8JbsKCE3SUjt6N/TBigcZc5Q8pmoztqNbKWs1C2xxkHFhLvlJWts+92d8u6wEiJ3DMzEwp0fLrGO3mVQVLS\",\"clientIP\":\"::1\",\"sign\":\"502545fbed6c7ca78b83f44bd6839dc9\"}\r\nResponse Data: {\"status\":1,\"msg\":\"M? khóa chat tài kho?n game thành công\",\"data\":null,\"secreckey\":null}"}
INFO 2019-08-06 11:16:10 – {"DATE_LOGS":"06/08/2019 11:16:03","INFO_LOGS":"LoginWithToken: 9c7959888ea4de2562d980605b3d78fd,IP ::1"}
INFO 2019-08-06 11:16:20 – {"DATE_LOGS":"06/08/2019 11:16:12","INFO_LOGS":"{\"AccountID\":201835107,\"Reason\":\"Tài kho?n khóa chat: thanh.vo, Ghi chú: \",\"Author\":9}"}
INFO 2019-08-06 11:16:20 – {"DATE_LOGS":"06/08/2019 11:16:13","INFO_LOGS":"SendPost: http://local.api_cms/api/v1/GameAccount/LockChatAccountGame\r\nJSON DATA: {\"publickey\":\"AD09E842DDF1B07BF4288C5A86C791B0\",\"serviceID\":0,\"data\":\"A6zJ2YAsv1Ec7jW4C79ckMtp7MylrRTrnAncBbDVFzt90e/B1AqJqnPLIIt6iX99dhIPnhbmh6XdXUoNK4i0NvSKCLGak5x5Z+NXTEBYnMBQKfup5HWft0Jn9SuM5LfK\",\"clientIP\":\"::1\",\"sign\":\"cfe86b243476bb384f14c50177cd979f\"}\r\nResponse Data: {\"status\":1,\"msg\":\"Khóa chat tài kho?n game thành công\",\"data\":null,\"secreckey\":null}"}
