INFO 2019-04-24 12:25:03 – {"DATE_LOGS":"24/04/2019 12:25:02","INFO_LOGS":"***** SERVER START *****"}
INFO 2019-04-24 12:26:03 – {"DATE_LOGS":"24/04/2019 12:25:03","INFO_LOGS":"https://www.datphuprinting.vn/ping.aspx?sign=f8aa9247fb9989b7f82791a36b882ecb&p=255&t=fa8c5dcd-d85b-4b6c-8e32-244f0b288903\r\nResponse: "}
INFO 2019-04-24 12:26:03 – {"DATE_LOGS":"24/04/2019 12:25:06","INFO_LOGS":"LoginWithToken: 0812339ddaded54eb809e6e3a69f84bd,IP ::1"}
INFO 2019-04-24 12:26:03 – {"DATE_LOGS":"24/04/2019 12:25:06","INFO_LOGS":"Result: 1\r\n[{\"AccountId\":8,\"Email\":\"truongdien99@gmail.com\",\"UserName\":\"truongdien99@gmail.com\",\"Avatar\":\"\",\"Token\":\"0812339ddaded54eb809e6e3a69f84bd\",\"TokenOld\":\"\",\"PublisherId\":1}]"}
INFO 2019-04-24 12:27:03 – {"DATE_LOGS":"24/04/2019 12:26:03","INFO_LOGS":"https://www.datphuprinting.vn/ping.aspx?sign=f8aa9247fb9989b7f82791a36b882ecb&p=255&t=eda88d2b-d546-49c7-8243-989ed46b44a3\r\nResponse: "}
INFO 2019-04-24 12:28:03 – {"DATE_LOGS":"24/04/2019 12:27:03","INFO_LOGS":"https://www.datphuprinting.vn/ping.aspx?sign=f8aa9247fb9989b7f82791a36b882ecb&p=255&t=954c42f8-a4b9-4c80-86da-d9cae6b6f4d1\r\nResponse: "}
INFO 2019-04-24 12:29:03 – {"DATE_LOGS":"24/04/2019 12:28:03","INFO_LOGS":"https://www.datphuprinting.vn/ping.aspx?sign=f8aa9247fb9989b7f82791a36b882ecb&p=255&t=47bf15fa-9b45-4f53-ac74-ae8bb5611629\r\nResponse: "}
INFO 2019-04-24 12:30:03 – {"DATE_LOGS":"24/04/2019 12:29:03","INFO_LOGS":"https://www.datphuprinting.vn/ping.aspx?sign=f8aa9247fb9989b7f82791a36b882ecb&p=255&t=bd619413-3185-437a-b2e0-84f950dbf754\r\nResponse: "}
INFO 2019-04-24 12:31:03 – {"DATE_LOGS":"24/04/2019 12:30:03","INFO_LOGS":"https://www.datphuprinting.vn/ping.aspx?sign=f8aa9247fb9989b7f82791a36b882ecb&p=255&t=b76c190b-f6a3-47e8-9d53-2b345f304a68\r\nResponse: "}
INFO 2019-04-24 12:32:03 – {"DATE_LOGS":"24/04/2019 12:31:03","INFO_LOGS":"https://www.datphuprinting.vn/ping.aspx?sign=f8aa9247fb9989b7f82791a36b882ecb&p=255&t=019478f4-7b2f-412d-91a7-f3a92af780b5\r\nResponse: "}
INFO 2019-04-24 12:33:03 – {"DATE_LOGS":"24/04/2019 12:32:03","INFO_LOGS":"https://www.datphuprinting.vn/ping.aspx?sign=f8aa9247fb9989b7f82791a36b882ecb&p=255&t=2c278d19-0db7-47ee-8277-16b9f1c57944\r\nResponse: "}
INFO 2019-04-24 12:34:03 – {"DATE_LOGS":"24/04/2019 12:33:03","INFO_LOGS":"https://www.datphuprinting.vn/ping.aspx?sign=f8aa9247fb9989b7f82791a36b882ecb&p=255&t=3593eed8-a209-46d5-a4a9-56b89ce2338b\r\nResponse: "}
INFO 2019-04-24 12:35:03 – {"DATE_LOGS":"24/04/2019 12:34:03","INFO_LOGS":"https://www.datphuprinting.vn/ping.aspx?sign=f8aa9247fb9989b7f82791a36b882ecb&p=255&t=92a1a4ac-c63c-43b3-90e7-8f6f5e01aec3\r\nResponse: "}
INFO 2019-04-24 12:36:03 – {"DATE_LOGS":"24/04/2019 12:35:03","INFO_LOGS":"https://www.datphuprinting.vn/ping.aspx?sign=f8aa9247fb9989b7f82791a36b882ecb&p=255&t=d2a65b9e-1608-4620-b889-7be8f589706b\r\nResponse: "}
INFO 2019-04-24 12:37:03 – {"DATE_LOGS":"24/04/2019 12:36:03","INFO_LOGS":"https://www.datphuprinting.vn/ping.aspx?sign=f8aa9247fb9989b7f82791a36b882ecb&p=255&t=245d3a83-b369-4071-8b8e-166a6793b359\r\nResponse: "}
INFO 2019-04-24 12:38:03 – {"DATE_LOGS":"24/04/2019 12:37:03","INFO_LOGS":"https://www.datphuprinting.vn/ping.aspx?sign=f8aa9247fb9989b7f82791a36b882ecb&p=255&t=e2311d87-e455-43c4-ab5a-78704b17882c\r\nResponse: "}
INFO 2019-04-24 12:39:03 – {"DATE_LOGS":"24/04/2019 12:38:03","INFO_LOGS":"https://www.datphuprinting.vn/ping.aspx?sign=f8aa9247fb9989b7f82791a36b882ecb&p=255&t=3b06ea79-3502-4bac-bad8-196aa189739f\r\nResponse: "}
INFO 2019-04-24 12:40:03 – {"DATE_LOGS":"24/04/2019 12:39:03","INFO_LOGS":"https://www.datphuprinting.vn/ping.aspx?sign=f8aa9247fb9989b7f82791a36b882ecb&p=255&t=cbf4b51e-fc68-42bb-870c-238411e2c3ed\r\nResponse: "}
INFO 2019-04-24 10:31:50 – {"DATE_LOGS":"24/04/2019 10:31:50","INFO_LOGS":"***** SERVER START *****"}
INFO 2019-04-24 10:32:50 – {"DATE_LOGS":"24/04/2019 10:31:50","INFO_LOGS":"https://www.datphuprinting.vn/ping.aspx?sign=f8aa9247fb9989b7f82791a36b882ecb&p=255&t=7f0cb7aa-25ed-43f3-a4de-3a9fd16eb879\r\nResponse: "}
INFO 2019-04-24 10:32:50 – {"DATE_LOGS":"24/04/2019 10:32:00","INFO_LOGS":"LoginWithToken: 0812339ddaded54eb809e6e3a69f84bd,IP ::1"}
INFO 2019-04-24 10:32:50 – {"DATE_LOGS":"24/04/2019 10:32:01","INFO_LOGS":"Result: 1\r\n[{\"AccountId\":8,\"Email\":\"truongdien99@gmail.com\",\"UserName\":\"truongdien99@gmail.com\",\"Avatar\":\"\",\"Token\":\"0812339ddaded54eb809e6e3a69f84bd\",\"TokenOld\":\"\",\"PublisherId\":1}]"}
INFO 2019-04-24 10:32:50 – {"DATE_LOGS":"24/04/2019 10:32:50","INFO_LOGS":"https://www.datphuprinting.vn/ping.aspx?sign=f8aa9247fb9989b7f82791a36b882ecb&p=255&t=e5883994-cafe-4959-aafa-796dd1497fe4\r\nResponse: "}
INFO 2019-04-24 10:33:50 – {"DATE_LOGS":"24/04/2019 10:33:50","INFO_LOGS":"https://www.datphuprinting.vn/ping.aspx?sign=f8aa9247fb9989b7f82791a36b882ecb&p=255&t=5b79c77f-3977-4e5e-abd6-8d28922ded21\r\nResponse: "}
INFO 2019-04-24 10:34:50 – {"DATE_LOGS":"24/04/2019 10:34:50","INFO_LOGS":"https://www.datphuprinting.vn/ping.aspx?sign=f8aa9247fb9989b7f82791a36b882ecb&p=255&t=f398b334-dfe6-4930-8c73-7021e181d09b\r\nResponse: "}
INFO 2019-04-24 10:35:50 – {"DATE_LOGS":"24/04/2019 10:35:50","INFO_LOGS":"https://www.datphuprinting.vn/ping.aspx?sign=f8aa9247fb9989b7f82791a36b882ecb&p=255&t=e7e82e0d-8bae-4dff-b4c7-4af1dc96cd0b\r\nResponse: "}
INFO 2019-04-24 10:36:50 – {"DATE_LOGS":"24/04/2019 10:36:50","INFO_LOGS":"https://www.datphuprinting.vn/ping.aspx?sign=f8aa9247fb9989b7f82791a36b882ecb&p=255&t=f236cf66-b8ab-44aa-9de9-68c6d51ae2c5\r\nResponse: "}
INFO 2019-04-24 10:37:50 – {"DATE_LOGS":"24/04/2019 10:37:50","INFO_LOGS":"https://www.datphuprinting.vn/ping.aspx?sign=f8aa9247fb9989b7f82791a36b882ecb&p=255&t=79940e55-d080-4aa3-8540-a6aefd8ce180\r\nResponse: "}
INFO 2019-04-24 10:39:50 – {"DATE_LOGS":"24/04/2019 10:38:50","INFO_LOGS":"https://www.datphuprinting.vn/ping.aspx?sign=f8aa9247fb9989b7f82791a36b882ecb&p=255&t=b3a8b312-d976-49d9-b1b1-86da21b33fd9\r\nResponse: "}
INFO 2019-04-24 10:40:50 – {"DATE_LOGS":"24/04/2019 10:39:50","INFO_LOGS":"https://www.datphuprinting.vn/ping.aspx?sign=f8aa9247fb9989b7f82791a36b882ecb&p=255&t=7bfaaf77-4409-4078-b9ee-cbb93614daa3\r\nResponse: "}
INFO 2019-04-24 10:41:50 – {"DATE_LOGS":"24/04/2019 10:40:50","INFO_LOGS":"https://www.datphuprinting.vn/ping.aspx?sign=f8aa9247fb9989b7f82791a36b882ecb&p=255&t=8d2a680a-1da1-4a20-9ca2-c044c1626329\r\nResponse: "}
INFO 2019-04-24 10:42:50 – {"DATE_LOGS":"24/04/2019 10:41:50","INFO_LOGS":"https://www.datphuprinting.vn/ping.aspx?sign=f8aa9247fb9989b7f82791a36b882ecb&p=255&t=2b534b0a-a57d-44d7-94da-3d831360d811\r\nResponse: "}
INFO 2019-04-24 10:43:50 – {"DATE_LOGS":"24/04/2019 10:42:50","INFO_LOGS":"https://www.datphuprinting.vn/ping.aspx?sign=f8aa9247fb9989b7f82791a36b882ecb&p=255&t=533e15fa-583f-44f7-a6a5-a31d72b4b82d\r\nResponse: "}
INFO 2019-04-24 10:44:50 – {"DATE_LOGS":"24/04/2019 10:43:50","INFO_LOGS":"https://www.datphuprinting.vn/ping.aspx?sign=f8aa9247fb9989b7f82791a36b882ecb&p=255&t=5f4355bb-8d3c-4ed5-ad40-422a2c63483a\r\nResponse: "}
INFO 2019-04-24 10:45:50 – {"DATE_LOGS":"24/04/2019 10:44:50","INFO_LOGS":"https://www.datphuprinting.vn/ping.aspx?sign=f8aa9247fb9989b7f82791a36b882ecb&p=255&t=a21212b2-fd85-4f05-a7d2-b39b3b910903\r\nResponse: "}
INFO 2019-04-24 10:46:50 – {"DATE_LOGS":"24/04/2019 10:45:50","INFO_LOGS":"https://www.datphuprinting.vn/ping.aspx?sign=f8aa9247fb9989b7f82791a36b882ecb&p=255&t=e233aed8-e599-4757-8bf5-4121497af273\r\nResponse: "}
INFO 2019-04-24 10:47:50 – {"DATE_LOGS":"24/04/2019 10:46:50","INFO_LOGS":"https://www.datphuprinting.vn/ping.aspx?sign=f8aa9247fb9989b7f82791a36b882ecb&p=255&t=bdccba2b-670d-4ba8-b7ac-2d6087552bbb\r\nResponse: "}
INFO 2019-04-24 10:48:50 – {"DATE_LOGS":"24/04/2019 10:47:50","INFO_LOGS":"https://www.datphuprinting.vn/ping.aspx?sign=f8aa9247fb9989b7f82791a36b882ecb&p=255&t=d08ada2d-d59c-4282-a8b7-b905469ee7b9\r\nResponse: "}
INFO 2019-04-24 10:49:50 – {"DATE_LOGS":"24/04/2019 10:48:51","INFO_LOGS":"https://www.datphuprinting.vn/ping.aspx?sign=f8aa9247fb9989b7f82791a36b882ecb&p=255&t=5b8d3c1b-3828-4c76-aee8-533e7da6a0df\r\nResponse: "}
INFO 2019-04-24 10:50:50 – {"DATE_LOGS":"24/04/2019 10:49:51","INFO_LOGS":"https://www.datphuprinting.vn/ping.aspx?sign=f8aa9247fb9989b7f82791a36b882ecb&p=255&t=8c52223f-02ab-4bf0-9daa-a358a8277345\r\nResponse: "}
INFO 2019-04-24 10:51:50 – {"DATE_LOGS":"24/04/2019 10:50:51","INFO_LOGS":"https://www.datphuprinting.vn/ping.aspx?sign=f8aa9247fb9989b7f82791a36b882ecb&p=255&t=668f825b-4d0d-482e-99c4-5d099dd5d62a\r\nResponse: "}
INFO 2019-04-24 10:52:50 – {"DATE_LOGS":"24/04/2019 10:51:51","INFO_LOGS":"https://www.datphuprinting.vn/ping.aspx?sign=f8aa9247fb9989b7f82791a36b882ecb&p=255&t=cb957898-7322-4914-9703-fbf0e3582b40\r\nResponse: "}
INFO 2019-04-24 10:53:50 – {"DATE_LOGS":"24/04/2019 10:52:51","INFO_LOGS":"https://www.datphuprinting.vn/ping.aspx?sign=f8aa9247fb9989b7f82791a36b882ecb&p=255&t=78d894cb-456e-4157-b472-c6a68d4eedb0\r\nResponse: "}
INFO 2019-04-24 10:54:50 – {"DATE_LOGS":"24/04/2019 10:53:51","INFO_LOGS":"https://www.datphuprinting.vn/ping.aspx?sign=f8aa9247fb9989b7f82791a36b882ecb&p=255&t=2908baca-b082-4750-b6e5-3432d6c47f86\r\nResponse: "}
INFO 2019-04-24 10:55:50 – {"DATE_LOGS":"24/04/2019 10:54:51","INFO_LOGS":"https://www.datphuprinting.vn/ping.aspx?sign=f8aa9247fb9989b7f82791a36b882ecb&p=255&t=6d27c1d1-4ee0-4562-bada-828efa52d157\r\nResponse: "}
INFO 2019-04-24 10:56:50 – {"DATE_LOGS":"24/04/2019 10:55:51","INFO_LOGS":"https://www.datphuprinting.vn/ping.aspx?sign=f8aa9247fb9989b7f82791a36b882ecb&p=255&t=3dbe4dee-7c0c-482e-94d1-609cfd03c8bd\r\nResponse: "}
INFO 2019-04-24 10:57:50 – {"DATE_LOGS":"24/04/2019 10:56:51","INFO_LOGS":"https://www.datphuprinting.vn/ping.aspx?sign=f8aa9247fb9989b7f82791a36b882ecb&p=255&t=6fe670d5-39f5-46e5-8070-bc96e510c662\r\nResponse: "}
INFO 2019-04-24 10:58:50 – {"DATE_LOGS":"24/04/2019 10:57:51","INFO_LOGS":"https://www.datphuprinting.vn/ping.aspx?sign=f8aa9247fb9989b7f82791a36b882ecb&p=255&t=d95aa4c0-83d4-4ffb-81e2-33b251993eb4\r\nResponse: "}
INFO 2019-04-24 10:59:50 – {"DATE_LOGS":"24/04/2019 10:58:51","INFO_LOGS":"https://www.datphuprinting.vn/ping.aspx?sign=f8aa9247fb9989b7f82791a36b882ecb&p=255&t=458ba1b2-5cbd-4208-ba15-9e9d2fc08396\r\nResponse: "}
INFO 2019-04-24 11:00:50 – {"DATE_LOGS":"24/04/2019 10:59:51","INFO_LOGS":"https://www.datphuprinting.vn/ping.aspx?sign=f8aa9247fb9989b7f82791a36b882ecb&p=255&t=644e2b1b-c644-477c-815b-0b3f16b9c0c9\r\nResponse: "}
INFO 2019-04-24 11:01:50 – {"DATE_LOGS":"24/04/2019 11:00:51","INFO_LOGS":"https://www.datphuprinting.vn/ping.aspx?sign=f8aa9247fb9989b7f82791a36b882ecb&p=255&t=0f50a8fb-b3b9-4e3b-ae95-cf42507780fb\r\nResponse: "}
INFO 2019-04-24 11:02:50 – {"DATE_LOGS":"24/04/2019 11:01:51","INFO_LOGS":"https://www.datphuprinting.vn/ping.aspx?sign=f8aa9247fb9989b7f82791a36b882ecb&p=255&t=788a84a1-8823-420e-8fa4-456a00f84092\r\nResponse: "}
INFO 2019-04-24 11:03:50 – {"DATE_LOGS":"24/04/2019 11:02:51","INFO_LOGS":"https://www.datphuprinting.vn/ping.aspx?sign=f8aa9247fb9989b7f82791a36b882ecb&p=255&t=43539a72-66e4-4e26-94d7-f2a830932d38\r\nResponse: "}
INFO 2019-04-24 11:04:50 – {"DATE_LOGS":"24/04/2019 11:03:51","INFO_LOGS":"https://www.datphuprinting.vn/ping.aspx?sign=f8aa9247fb9989b7f82791a36b882ecb&p=255&t=df962187-4130-45f5-8a4f-e2f36669ebdf\r\nResponse: "}
INFO 2019-04-24 11:05:50 – {"DATE_LOGS":"24/04/2019 11:04:51","INFO_LOGS":"https://www.datphuprinting.vn/ping.aspx?sign=f8aa9247fb9989b7f82791a36b882ecb&p=255&t=674d3375-3201-4397-a7b2-75408144b8c9\r\nResponse: "}
INFO 2019-04-24 11:06:50 – {"DATE_LOGS":"24/04/2019 11:05:51","INFO_LOGS":"https://www.datphuprinting.vn/ping.aspx?sign=f8aa9247fb9989b7f82791a36b882ecb&p=255&t=b9555a53-0e3a-4a0d-8b35-e0dd8bd5972b\r\nResponse: "}
INFO 2019-04-24 11:07:50 – {"DATE_LOGS":"24/04/2019 11:06:51","INFO_LOGS":"https://www.datphuprinting.vn/ping.aspx?sign=f8aa9247fb9989b7f82791a36b882ecb&p=255&t=3e69121d-e370-49ec-b60e-e4a10d95fd48\r\nResponse: "}
INFO 2019-04-24 11:08:50 – {"DATE_LOGS":"24/04/2019 11:07:51","INFO_LOGS":"https://www.datphuprinting.vn/ping.aspx?sign=f8aa9247fb9989b7f82791a36b882ecb&p=255&t=0b683ed5-cdb9-49a7-8a11-29cf1bb674f4\r\nResponse: "}
INFO 2019-04-24 11:09:50 – {"DATE_LOGS":"24/04/2019 11:08:51","INFO_LOGS":"https://www.datphuprinting.vn/ping.aspx?sign=f8aa9247fb9989b7f82791a36b882ecb&p=255&t=5c9aad8b-2486-428a-8f21-6cf736b82191\r\nResponse: "}
INFO 2019-04-24 11:10:50 – {"DATE_LOGS":"24/04/2019 11:09:51","INFO_LOGS":"https://www.datphuprinting.vn/ping.aspx?sign=f8aa9247fb9989b7f82791a36b882ecb&p=255&t=468e5705-07c9-4830-a5c4-53ad054885ae\r\nResponse: "}
INFO 2019-04-24 11:11:50 – {"DATE_LOGS":"24/04/2019 11:10:52","INFO_LOGS":"https://www.datphuprinting.vn/ping.aspx?sign=f8aa9247fb9989b7f82791a36b882ecb&p=255&t=9472c671-b13f-497c-84d8-e7905383994d\r\nResponse: "}
INFO 2019-04-24 11:12:50 – {"DATE_LOGS":"24/04/2019 11:11:52","INFO_LOGS":"https://www.datphuprinting.vn/ping.aspx?sign=f8aa9247fb9989b7f82791a36b882ecb&p=255&t=75ff1c16-832e-43d9-ae9f-b7e30a5bb015\r\nResponse: "}
INFO 2019-04-24 11:13:50 – {"DATE_LOGS":"24/04/2019 11:12:52","INFO_LOGS":"https://www.datphuprinting.vn/ping.aspx?sign=f8aa9247fb9989b7f82791a36b882ecb&p=255&t=b04be9ef-3742-411b-aa85-7877044e467d\r\nResponse: "}
INFO 2019-04-24 11:14:50 – {"DATE_LOGS":"24/04/2019 11:13:52","INFO_LOGS":"https://www.datphuprinting.vn/ping.aspx?sign=f8aa9247fb9989b7f82791a36b882ecb&p=255&t=5bdbf689-e5c1-4703-a177-23cf872e24f7\r\nResponse: "}
INFO 2019-04-24 11:15:50 – {"DATE_LOGS":"24/04/2019 11:14:52","INFO_LOGS":"https://www.datphuprinting.vn/ping.aspx?sign=f8aa9247fb9989b7f82791a36b882ecb&p=255&t=46617832-5e7c-4ac7-b2a6-7622bce02cb0\r\nResponse: "}
INFO 2019-04-24 11:16:50 – {"DATE_LOGS":"24/04/2019 11:15:52","INFO_LOGS":"https://www.datphuprinting.vn/ping.aspx?sign=f8aa9247fb9989b7f82791a36b882ecb&p=255&t=d2103027-13b1-4f53-8671-eb922e9084d5\r\nResponse: "}
INFO 2019-04-24 11:17:50 – {"DATE_LOGS":"24/04/2019 11:16:52","INFO_LOGS":"https://www.datphuprinting.vn/ping.aspx?sign=f8aa9247fb9989b7f82791a36b882ecb&p=255&t=0b6b5f0e-9a99-4ef9-92cc-b2a6a3024d86\r\nResponse: "}
INFO 2019-04-24 11:18:50 – {"DATE_LOGS":"24/04/2019 11:17:52","INFO_LOGS":"https://www.datphuprinting.vn/ping.aspx?sign=f8aa9247fb9989b7f82791a36b882ecb&p=255&t=386ad77f-0196-4c89-b072-8cae07368f2a\r\nResponse: "}
INFO 2019-04-24 11:18:50 – {"DATE_LOGS":"24/04/2019 11:18:43","INFO_LOGS":"LoginWithToken: 0812339ddaded54eb809e6e3a69f84bd,IP ::1"}
INFO 2019-04-24 11:18:50 – {"DATE_LOGS":"24/04/2019 11:18:43","INFO_LOGS":"Result: 1\r\n[{\"AccountId\":8,\"Email\":\"truongdien99@gmail.com\",\"UserName\":\"truongdien99@gmail.com\",\"Avatar\":\"\",\"Token\":\"0812339ddaded54eb809e6e3a69f84bd\",\"TokenOld\":\"\",\"PublisherId\":1}]"}
INFO 2019-04-24 11:19:50 – {"DATE_LOGS":"24/04/2019 11:18:52","INFO_LOGS":"https://www.datphuprinting.vn/ping.aspx?sign=f8aa9247fb9989b7f82791a36b882ecb&p=255&t=3c981aea-8d87-4bd3-a451-ede17b680486\r\nResponse: "}
INFO 2019-04-24 11:20:50 – {"DATE_LOGS":"24/04/2019 11:19:52","INFO_LOGS":"https://www.datphuprinting.vn/ping.aspx?sign=f8aa9247fb9989b7f82791a36b882ecb&p=255&t=7148cc0c-8f0e-48ef-a947-46d8b9da5cd6\r\nResponse: "}
INFO 2019-04-24 11:21:50 – {"DATE_LOGS":"24/04/2019 11:20:52","INFO_LOGS":"https://www.datphuprinting.vn/ping.aspx?sign=f8aa9247fb9989b7f82791a36b882ecb&p=255&t=ae41ecf9-9ff6-46d5-9e9a-4eb0651d7999\r\nResponse: "}
INFO 2019-04-24 11:22:50 – {"DATE_LOGS":"24/04/2019 11:21:52","INFO_LOGS":"https://www.datphuprinting.vn/ping.aspx?sign=f8aa9247fb9989b7f82791a36b882ecb&p=255&t=31cd91fa-4b8c-4760-8426-a7c4435eff32\r\nResponse: "}
INFO 2019-04-24 11:23:50 – {"DATE_LOGS":"24/04/2019 11:22:52","INFO_LOGS":"https://www.datphuprinting.vn/ping.aspx?sign=f8aa9247fb9989b7f82791a36b882ecb&p=255&t=824fbd3b-86ed-4d18-b608-d5beed466681\r\nResponse: "}
INFO 2019-04-24 11:24:50 – {"DATE_LOGS":"24/04/2019 11:23:52","INFO_LOGS":"https://www.datphuprinting.vn/ping.aspx?sign=f8aa9247fb9989b7f82791a36b882ecb&p=255&t=daf95f36-4d70-4b7a-a7b9-a12818970148\r\nResponse: "}
INFO 2019-04-24 11:25:50 – {"DATE_LOGS":"24/04/2019 11:24:52","INFO_LOGS":"https://www.datphuprinting.vn/ping.aspx?sign=f8aa9247fb9989b7f82791a36b882ecb&p=255&t=21a48cf8-1e8a-4d46-a77e-23a18c1902f8\r\nResponse: "}
INFO 2019-04-24 11:26:50 – {"DATE_LOGS":"24/04/2019 11:25:52","INFO_LOGS":"https://www.datphuprinting.vn/ping.aspx?sign=f8aa9247fb9989b7f82791a36b882ecb&p=255&t=d4c9e8f4-fb74-45b4-8317-f3562512de95\r\nResponse: "}
INFO 2019-04-24 11:27:50 – {"DATE_LOGS":"24/04/2019 11:26:52","INFO_LOGS":"https://www.datphuprinting.vn/ping.aspx?sign=f8aa9247fb9989b7f82791a36b882ecb&p=255&t=b8da413c-a360-44df-bc67-b09dbd9eae67\r\nResponse: "}
INFO 2019-04-24 11:28:50 – {"DATE_LOGS":"24/04/2019 11:27:52","INFO_LOGS":"https://www.datphuprinting.vn/ping.aspx?sign=f8aa9247fb9989b7f82791a36b882ecb&p=255&t=f7178eeb-0fac-4b0b-8ede-e56edcefc1c9\r\nResponse: "}
INFO 2019-04-24 11:29:50 – {"DATE_LOGS":"24/04/2019 11:28:52","INFO_LOGS":"https://www.datphuprinting.vn/ping.aspx?sign=f8aa9247fb9989b7f82791a36b882ecb&p=255&t=1a34a3bc-59c5-43d0-b055-cdfc5eb22830\r\nResponse: "}
INFO 2019-04-24 11:30:50 – {"DATE_LOGS":"24/04/2019 11:29:52","INFO_LOGS":"https://www.datphuprinting.vn/ping.aspx?sign=f8aa9247fb9989b7f82791a36b882ecb&p=255&t=d612b958-b4c8-4c41-991c-331f8520ce5b\r\nResponse: "}
INFO 2019-04-24 11:31:50 – {"DATE_LOGS":"24/04/2019 11:30:52","INFO_LOGS":"https://www.datphuprinting.vn/ping.aspx?sign=f8aa9247fb9989b7f82791a36b882ecb&p=255&t=f3a771c9-b5a8-4f36-bd3b-a78996d20a23\r\nResponse: "}
INFO 2019-04-24 11:32:50 – {"DATE_LOGS":"24/04/2019 11:31:52","INFO_LOGS":"https://www.datphuprinting.vn/ping.aspx?sign=f8aa9247fb9989b7f82791a36b882ecb&p=255&t=a3982146-5c2d-45a1-8d97-d57ed13c0e32\r\nResponse: "}
INFO 2019-04-24 11:33:50 – {"DATE_LOGS":"24/04/2019 11:32:52","INFO_LOGS":"https://www.datphuprinting.vn/ping.aspx?sign=f8aa9247fb9989b7f82791a36b882ecb&p=255&t=fc934c35-214a-465a-a779-87f2560b444e\r\nResponse: "}
INFO 2019-04-24 11:34:50 – {"DATE_LOGS":"24/04/2019 11:33:52","INFO_LOGS":"https://www.datphuprinting.vn/ping.aspx?sign=f8aa9247fb9989b7f82791a36b882ecb&p=255&t=435e78ab-9fc0-490e-a6b2-be0593fb3ea1\r\nResponse: "}
INFO 2019-04-24 11:35:50 – {"DATE_LOGS":"24/04/2019 11:34:52","INFO_LOGS":"https://www.datphuprinting.vn/ping.aspx?sign=f8aa9247fb9989b7f82791a36b882ecb&p=255&t=893c3737-859d-4ff0-ae81-1d466f03732f\r\nResponse: "}
INFO 2019-04-24 11:36:50 – {"DATE_LOGS":"24/04/2019 11:35:52","INFO_LOGS":"https://www.datphuprinting.vn/ping.aspx?sign=f8aa9247fb9989b7f82791a36b882ecb&p=255&t=6716ab42-27db-45e0-a911-0af455fb766b\r\nResponse: "}
INFO 2019-04-24 11:37:50 – {"DATE_LOGS":"24/04/2019 11:36:52","INFO_LOGS":"https://www.datphuprinting.vn/ping.aspx?sign=f8aa9247fb9989b7f82791a36b882ecb&p=255&t=3249a59b-1bfb-4cfa-a713-332f5c6fcc59\r\nResponse: "}
INFO 2019-04-24 11:38:50 – {"DATE_LOGS":"24/04/2019 11:37:52","INFO_LOGS":"https://www.datphuprinting.vn/ping.aspx?sign=f8aa9247fb9989b7f82791a36b882ecb&p=255&t=5bd38bbd-b9ff-4f66-b804-2f15360284a5\r\nResponse: "}
INFO 2019-04-24 11:39:50 – {"DATE_LOGS":"24/04/2019 11:38:52","INFO_LOGS":"https://www.datphuprinting.vn/ping.aspx?sign=f8aa9247fb9989b7f82791a36b882ecb&p=255&t=3c0de79c-21c7-4f7c-aaf3-1db866197df3\r\nResponse: "}
INFO 2019-04-24 11:40:50 – {"DATE_LOGS":"24/04/2019 11:39:52","INFO_LOGS":"https://www.datphuprinting.vn/ping.aspx?sign=f8aa9247fb9989b7f82791a36b882ecb&p=255&t=fbe920c6-02ec-41b1-b4cb-919c314f8316\r\nResponse: "}
INFO 2019-04-24 11:41:50 – {"DATE_LOGS":"24/04/2019 11:40:52","INFO_LOGS":"https://www.datphuprinting.vn/ping.aspx?sign=f8aa9247fb9989b7f82791a36b882ecb&p=255&t=3b6a72dc-3816-42e8-a322-110829a61ee0\r\nResponse: "}
INFO 2019-04-24 11:42:50 – {"DATE_LOGS":"24/04/2019 11:41:52","INFO_LOGS":"https://www.datphuprinting.vn/ping.aspx?sign=f8aa9247fb9989b7f82791a36b882ecb&p=255&t=f331c6f7-e537-45e2-ae57-4253ade5b2c5\r\nResponse: "}
INFO 2019-04-24 11:43:50 – {"DATE_LOGS":"24/04/2019 11:42:52","INFO_LOGS":"https://www.datphuprinting.vn/ping.aspx?sign=f8aa9247fb9989b7f82791a36b882ecb&p=255&t=4a177fe4-72bd-44fb-bb57-fb9ab34ca8e8\r\nResponse: "}
INFO 2019-04-24 11:44:50 – {"DATE_LOGS":"24/04/2019 11:43:52","INFO_LOGS":"https://www.datphuprinting.vn/ping.aspx?sign=f8aa9247fb9989b7f82791a36b882ecb&p=255&t=0e961f91-9374-4dcb-89dd-53432bc06b97\r\nResponse: "}
INFO 2019-04-24 11:45:50 – {"DATE_LOGS":"24/04/2019 11:44:52","INFO_LOGS":"https://www.datphuprinting.vn/ping.aspx?sign=f8aa9247fb9989b7f82791a36b882ecb&p=255&t=ee682ee6-81ee-4936-811d-b9c2ca82adef\r\nResponse: "}
INFO 2019-04-24 11:46:50 – {"DATE_LOGS":"24/04/2019 11:45:52","INFO_LOGS":"https://www.datphuprinting.vn/ping.aspx?sign=f8aa9247fb9989b7f82791a36b882ecb&p=255&t=2ec90a83-c042-417b-86eb-91ccd1f3b0b4\r\nResponse: "}
INFO 2019-04-24 11:47:50 – {"DATE_LOGS":"24/04/2019 11:46:52","INFO_LOGS":"https://www.datphuprinting.vn/ping.aspx?sign=f8aa9247fb9989b7f82791a36b882ecb&p=255&t=67718361-64eb-47ad-b408-bc2669acc810\r\nResponse: "}
INFO 2019-04-24 11:48:50 – {"DATE_LOGS":"24/04/2019 11:47:53","INFO_LOGS":"https://www.datphuprinting.vn/ping.aspx?sign=f8aa9247fb9989b7f82791a36b882ecb&p=255&t=08366738-3725-4343-b7ce-a8d42f7965a8\r\nResponse: "}
INFO 2019-04-24 11:49:50 – {"DATE_LOGS":"24/04/2019 11:48:53","INFO_LOGS":"https://www.datphuprinting.vn/ping.aspx?sign=f8aa9247fb9989b7f82791a36b882ecb&p=255&t=761fdc26-552f-4376-b713-5062fb4b5a77\r\nResponse: "}
INFO 2019-04-24 11:50:50 – {"DATE_LOGS":"24/04/2019 11:49:53","INFO_LOGS":"https://www.datphuprinting.vn/ping.aspx?sign=f8aa9247fb9989b7f82791a36b882ecb&p=255&t=7686cea8-1929-46d3-aae0-861d3edcb688\r\nResponse: "}
INFO 2019-04-24 11:51:50 – {"DATE_LOGS":"24/04/2019 11:50:53","INFO_LOGS":"https://www.datphuprinting.vn/ping.aspx?sign=f8aa9247fb9989b7f82791a36b882ecb&p=255&t=2f1cdf8d-dee6-4463-9d32-bd2103f53a8b\r\nResponse: "}
INFO 2019-04-24 11:52:50 – {"DATE_LOGS":"24/04/2019 11:51:53","INFO_LOGS":"https://www.datphuprinting.vn/ping.aspx?sign=f8aa9247fb9989b7f82791a36b882ecb&p=255&t=b0768403-6dcf-46b1-99ac-5012ad2936fe\r\nResponse: "}
INFO 2019-04-24 07:23:37 – {"DATE_LOGS":"24/04/2019 11:52:53","INFO_LOGS":"https://www.datphuprinting.vn/ping.aspx?sign=f8aa9247fb9989b7f82791a36b882ecb&p=255&t=198b195c-484b-4d36-9007-56192b1e7a6f\r\nResponse: "}
INFO 2019-04-24 07:25:37 – {"DATE_LOGS":"24/04/2019 07:24:40","INFO_LOGS":"https://www.datphuprinting.vn/ping.aspx?sign=f8aa9247fb9989b7f82791a36b882ecb&p=255&t=a17fc6d2-b128-43f3-8939-6f2237cebbf4\r\nResponse: "}
INFO 2019-04-24 07:26:37 – {"DATE_LOGS":"24/04/2019 07:25:40","INFO_LOGS":"https://www.datphuprinting.vn/ping.aspx?sign=f8aa9247fb9989b7f82791a36b882ecb&p=255&t=3098186f-9290-4551-92b2-4e5d70fadae6\r\nResponse: "}
INFO 2019-04-24 07:27:37 – {"DATE_LOGS":"24/04/2019 07:26:40","INFO_LOGS":"https://www.datphuprinting.vn/ping.aspx?sign=f8aa9247fb9989b7f82791a36b882ecb&p=255&t=43050f9a-763a-41b8-b6c4-849008c28f27\r\nResponse: "}
INFO 2019-04-24 07:28:37 – {"DATE_LOGS":"24/04/2019 07:27:40","INFO_LOGS":"https://www.datphuprinting.vn/ping.aspx?sign=f8aa9247fb9989b7f82791a36b882ecb&p=255&t=1d7334e2-d128-4ea0-a8b8-48e4bd5b0e2d\r\nResponse: "}
INFO 2019-04-24 07:29:37 – {"DATE_LOGS":"24/04/2019 07:28:40","INFO_LOGS":"https://www.datphuprinting.vn/ping.aspx?sign=f8aa9247fb9989b7f82791a36b882ecb&p=255&t=d3776c62-34a9-458d-8b71-53ad0ac18cbe\r\nResponse: "}
INFO 2019-04-24 07:30:37 – {"DATE_LOGS":"24/04/2019 07:29:40","INFO_LOGS":"https://www.datphuprinting.vn/ping.aspx?sign=f8aa9247fb9989b7f82791a36b882ecb&p=255&t=45270081-69b8-4313-8e0a-be4bc689fa8b\r\nResponse: "}
INFO 2019-04-24 07:31:37 – {"DATE_LOGS":"24/04/2019 07:30:40","INFO_LOGS":"https://www.datphuprinting.vn/ping.aspx?sign=f8aa9247fb9989b7f82791a36b882ecb&p=255&t=90d46de2-6674-4a04-b7bc-4200d9a6a7eb\r\nResponse: "}
INFO 2019-04-24 07:32:37 – {"DATE_LOGS":"24/04/2019 07:31:40","INFO_LOGS":"https://www.datphuprinting.vn/ping.aspx?sign=f8aa9247fb9989b7f82791a36b882ecb&p=255&t=97189479-de3a-4c09-a611-449fbe70fb5b\r\nResponse: "}
INFO 2019-04-24 07:33:37 – {"DATE_LOGS":"24/04/2019 07:32:40","INFO_LOGS":"https://www.datphuprinting.vn/ping.aspx?sign=f8aa9247fb9989b7f82791a36b882ecb&p=255&t=bfea4344-4c16-473f-8922-415693c23dc9\r\nResponse: "}
INFO 2019-04-24 07:34:37 – {"DATE_LOGS":"24/04/2019 07:33:40","INFO_LOGS":"https://www.datphuprinting.vn/ping.aspx?sign=f8aa9247fb9989b7f82791a36b882ecb&p=255&t=b8759518-f376-4e6e-81dd-0c7d1f498115\r\nResponse: "}
INFO 2019-04-24 07:35:37 – {"DATE_LOGS":"24/04/2019 07:34:40","INFO_LOGS":"https://www.datphuprinting.vn/ping.aspx?sign=f8aa9247fb9989b7f82791a36b882ecb&p=255&t=2916e81d-aa80-4ce1-b533-a9ff75540d87\r\nResponse: "}
INFO 2019-04-24 07:36:37 – {"DATE_LOGS":"24/04/2019 07:35:40","INFO_LOGS":"https://www.datphuprinting.vn/ping.aspx?sign=f8aa9247fb9989b7f82791a36b882ecb&p=255&t=fe4fbf05-14db-499c-a432-895a669c2e84\r\nResponse: "}
INFO 2019-04-24 07:37:37 – {"DATE_LOGS":"24/04/2019 07:36:40","INFO_LOGS":"https://www.datphuprinting.vn/ping.aspx?sign=f8aa9247fb9989b7f82791a36b882ecb&p=255&t=5c075cd9-23c1-437e-b19e-60ca722eb46a\r\nResponse: "}
INFO 2019-04-24 07:38:37 – {"DATE_LOGS":"24/04/2019 07:37:40","INFO_LOGS":"https://www.datphuprinting.vn/ping.aspx?sign=f8aa9247fb9989b7f82791a36b882ecb&p=255&t=79d28034-eed1-49d1-83e2-7c7b9a118dcd\r\nResponse: "}
INFO 2019-04-24 07:39:37 – {"DATE_LOGS":"24/04/2019 07:38:40","INFO_LOGS":"https://www.datphuprinting.vn/ping.aspx?sign=f8aa9247fb9989b7f82791a36b882ecb&p=255&t=61adf69f-4e6f-4317-9d09-3ab0a8d5f99c\r\nResponse: "}
INFO 2019-04-24 07:40:37 – {"DATE_LOGS":"24/04/2019 07:39:40","INFO_LOGS":"https://www.datphuprinting.vn/ping.aspx?sign=f8aa9247fb9989b7f82791a36b882ecb&p=255&t=99041b64-7626-4c1f-b8b8-3463310ccbe3\r\nResponse: "}
INFO 2019-04-24 07:41:37 – {"DATE_LOGS":"24/04/2019 07:40:40","INFO_LOGS":"https://www.datphuprinting.vn/ping.aspx?sign=f8aa9247fb9989b7f82791a36b882ecb&p=255&t=a49d3a2b-30d7-4809-ac98-1c8c0c262a08\r\nResponse: "}
INFO 2019-04-24 07:42:37 – {"DATE_LOGS":"24/04/2019 07:41:40","INFO_LOGS":"https://www.datphuprinting.vn/ping.aspx?sign=f8aa9247fb9989b7f82791a36b882ecb&p=255&t=8a4a3e0c-8bd3-4bc5-b283-9777cd282184\r\nResponse: "}
INFO 2019-04-24 07:43:37 – {"DATE_LOGS":"24/04/2019 07:42:40","INFO_LOGS":"https://www.datphuprinting.vn/ping.aspx?sign=f8aa9247fb9989b7f82791a36b882ecb&p=255&t=06f28595-09ee-4f33-a247-fda2fb5a8e0e\r\nResponse: "}
INFO 2019-04-24 07:44:37 – {"DATE_LOGS":"24/04/2019 07:43:40","INFO_LOGS":"https://www.datphuprinting.vn/ping.aspx?sign=f8aa9247fb9989b7f82791a36b882ecb&p=255&t=6aa96c2c-b117-4f1e-b61d-cefe11e34b60\r\nResponse: "}
INFO 2019-04-24 07:45:37 – {"DATE_LOGS":"24/04/2019 07:44:40","INFO_LOGS":"https://www.datphuprinting.vn/ping.aspx?sign=f8aa9247fb9989b7f82791a36b882ecb&p=255&t=06026d54-84ba-48cf-964e-4498e59dcf68\r\nResponse: "}
INFO 2019-04-24 07:46:37 – {"DATE_LOGS":"24/04/2019 07:45:40","INFO_LOGS":"https://www.datphuprinting.vn/ping.aspx?sign=f8aa9247fb9989b7f82791a36b882ecb&p=255&t=d4efce9e-42d1-4dbe-a2b2-f27048157bee\r\nResponse: "}
INFO 2019-04-24 07:47:37 – {"DATE_LOGS":"24/04/2019 07:46:40","INFO_LOGS":"https://www.datphuprinting.vn/ping.aspx?sign=f8aa9247fb9989b7f82791a36b882ecb&p=255&t=e9953a7e-0110-4fba-bce0-994d2f78afa0\r\nResponse: "}
INFO 2019-04-24 07:48:37 – {"DATE_LOGS":"24/04/2019 07:47:40","INFO_LOGS":"https://www.datphuprinting.vn/ping.aspx?sign=f8aa9247fb9989b7f82791a36b882ecb&p=255&t=15648b80-9be2-4865-b2e7-9a6a616fc3c7\r\nResponse: "}
INFO 2019-04-24 07:49:37 – {"DATE_LOGS":"24/04/2019 07:48:40","INFO_LOGS":"https://www.datphuprinting.vn/ping.aspx?sign=f8aa9247fb9989b7f82791a36b882ecb&p=255&t=6e632c88-e2f5-465c-90c7-44f300affb80\r\nResponse: "}
INFO 2019-04-24 07:50:37 – {"DATE_LOGS":"24/04/2019 07:49:40","INFO_LOGS":"https://www.datphuprinting.vn/ping.aspx?sign=f8aa9247fb9989b7f82791a36b882ecb&p=255&t=f412bcf9-b225-4797-8954-00d896efcf0d\r\nResponse: "}
INFO 2019-04-24 07:51:37 – {"DATE_LOGS":"24/04/2019 07:50:40","INFO_LOGS":"https://www.datphuprinting.vn/ping.aspx?sign=f8aa9247fb9989b7f82791a36b882ecb&p=255&t=54770152-0344-4938-aa8f-b802514c8c47\r\nResponse: "}
