INFO 2019-09-16 12:21:25 – {"DATE_LOGS":"16/09/2019 12:21:24","INFO_LOGS":"***** SERVER START *****"}
INFO 2019-09-16 12:22:24 – {"DATE_LOGS":"16/09/2019 12:22:24","INFO_LOGS":"***** SERVER START *****"}
INFO 2019-09-16 12:26:18 – {"DATE_LOGS":"16/09/2019 12:26:18","INFO_LOGS":"***** SERVER START *****"}
INFO 2019-09-16 12:27:38 – {"DATE_LOGS":"16/09/2019 12:27:38","INFO_LOGS":"***** SERVER START *****"}
INFO 2019-09-16 12:36:03 – {"DATE_LOGS":"16/09/2019 12:36:02","INFO_LOGS":"***** SERVER START *****"}
INFO 2019-09-16 12:37:49 – {"DATE_LOGS":"16/09/2019 12:37:49","INFO_LOGS":"***** SERVER START *****"}
INFO 2019-09-16 12:40:16 – {"DATE_LOGS":"16/09/2019 12:40:15","INFO_LOGS":"***** SERVER START *****"}
INFO 2019-09-16 01:04:17 – {"DATE_LOGS":"16/09/2019 01:04:17","INFO_LOGS":"***** SERVER START *****"}
INFO 2019-09-16 01:04:47 – {"DATE_LOGS":"16/09/2019 01:04:47","INFO_LOGS":"***** SERVER START *****"}
INFO 2019-09-16 01:05:24 – {"DATE_LOGS":"16/09/2019 01:05:24","INFO_LOGS":"***** SERVER START *****"}
INFO 2019-09-16 01:08:16 – {"DATE_LOGS":"16/09/2019 01:08:16","INFO_LOGS":"***** SERVER START *****"}
INFO 2019-09-16 01:09:26 – {"DATE_LOGS":"16/09/2019 01:09:25","INFO_LOGS":"Send SMS Message: http://rest.esms.vn/MainService.svc/json/SendMultipleMessage_V4_get?Phone=0962474560&Content=Ma OTP xac thuc reset mat khau la B3B8216C, hieu luc 3 phut&ApiKey=3F11E064600D5C3E073FA1B033831B&SecretKey=C8F2CCDA4C9B32CAC4E3EFDD1C08B8&SmsType=2&brandname=Svoucher"}
INFO 2019-09-16 01:09:26 – {"DATE_LOGS":"16/09/2019 01:09:25","INFO_LOGS":"Message result: {\"CodeResult\":\"100\",\"CountRegenerate\":0,\"SMSID\":\"e12c3bb2-7a1d-4e6e-9bfe-0444709eb6df125\"}"}
INFO 2019-09-16 01:10:07 – {"DATE_LOGS":"16/09/2019 01:09:57","INFO_LOGS":"Send SMS Message: http://rest.esms.vn/MainService.svc/json/SendMultipleMessage_V4_get?Phone=0962474560&Content=3DFAD268 la mat khau moi cua Ban.&ApiKey=3F11E064600D5C3E073FA1B033831B&SecretKey=C8F2CCDA4C9B32CAC4E3EFDD1C08B8&SmsType=2&brandname=Svoucher"}
INFO 2019-09-16 01:10:07 – {"DATE_LOGS":"16/09/2019 01:09:57","INFO_LOGS":"Message result: {\"CodeResult\":\"100\",\"CountRegenerate\":0,\"SMSID\":\"f5af6f26-614f-44d1-b9fc-dda9cce9a54c95\"}"}
INFO 2019-09-16 01:15:39 – {"DATE_LOGS":"16/09/2019 01:15:39","INFO_LOGS":"***** SERVER START *****"}
INFO 2019-09-16 01:15:59 – {"DATE_LOGS":"16/09/2019 01:15:52","INFO_LOGS":"Send SMS Message: http://rest.esms.vn/MainService.svc/json/SendMultipleMessage_V4_get?Phone=0962474560&Content=Ma OTP xac thuc reset mat khau la 0EA16CDA, hieu luc 3 phut&ApiKey=3F11E064600D5C3E073FA1B033831B&SecretKey=C8F2CCDA4C9B32CAC4E3EFDD1C08B8&SmsType=2&brandname=Svoucher"}
INFO 2019-09-16 01:15:59 – {"DATE_LOGS":"16/09/2019 01:15:52","INFO_LOGS":"Message result: {\"CodeResult\":\"100\",\"CountRegenerate\":0,\"SMSID\":\"c39617ac-8d22-461a-b341-724e6d5209f497\"}"}
INFO 2019-09-16 01:16:44 – {"DATE_LOGS":"16/09/2019 01:16:36","INFO_LOGS":"Send SMS Message: http://rest.esms.vn/MainService.svc/json/SendMultipleMessage_V4_get?Phone=0962474560&Content=7456BEA0 la mat khau moi cua Ban.&ApiKey=3F11E064600D5C3E073FA1B033831B&SecretKey=C8F2CCDA4C9B32CAC4E3EFDD1C08B8&SmsType=2&brandname=Svoucher"}
INFO 2019-09-16 01:16:44 – {"DATE_LOGS":"16/09/2019 01:16:36","INFO_LOGS":"Message result: {\"CodeResult\":\"100\",\"CountRegenerate\":0,\"SMSID\":\"68df18de-9ad4-4e97-8f1c-015264425087311\"}"}
INFO 2019-09-16 01:17:14 – {"DATE_LOGS":"16/09/2019 01:17:13","INFO_LOGS":"***** SERVER START *****"}
INFO 2019-09-16 01:17:24 – {"DATE_LOGS":"16/09/2019 01:17:21","INFO_LOGS":"Send SMS Message: http://rest.esms.vn/MainService.svc/json/SendMultipleMessage_V4_get?Phone=0962474560&Content=Ma OTP xac thuc reset mat khau la 43A18253, hieu luc 3 phut&ApiKey=3F11E064600D5C3E073FA1B033831B&SecretKey=C8F2CCDA4C9B32CAC4E3EFDD1C08B8&SmsType=2&brandname=Svoucher"}
INFO 2019-09-16 01:17:24 – {"DATE_LOGS":"16/09/2019 01:17:21","INFO_LOGS":"Message result: {\"CodeResult\":\"100\",\"CountRegenerate\":0,\"SMSID\":\"eeb08c78-e21d-456b-825a-6bfba52eb3b1311\"}"}
INFO 2019-09-16 01:17:44 – {"DATE_LOGS":"16/09/2019 01:17:41","INFO_LOGS":"Send SMS Message: http://rest.esms.vn/MainService.svc/json/SendMultipleMessage_V4_get?Phone=0962474560&Content=85F15107 la mat khau moi cua Ban.&ApiKey=3F11E064600D5C3E073FA1B033831B&SecretKey=C8F2CCDA4C9B32CAC4E3EFDD1C08B8&SmsType=2&brandname=Svoucher"}
INFO 2019-09-16 01:17:44 – {"DATE_LOGS":"16/09/2019 01:17:41","INFO_LOGS":"Message result: {\"CodeResult\":\"100\",\"CountRegenerate\":0,\"SMSID\":\"849d5ae0-7dd6-4443-8393-46df1168859c143\"}"}
INFO 2019-09-16 01:19:24 – {"DATE_LOGS":"16/09/2019 01:19:23","INFO_LOGS":"Send SMS Message: http://rest.esms.vn/MainService.svc/json/SendMultipleMessage_V4_get?Phone=0962474560&Content=Ma OTP xac thuc reset mat khau la 4F4530D7, hieu luc 3 phut&ApiKey=3F11E064600D5C3E073FA1B033831B&SecretKey=C8F2CCDA4C9B32CAC4E3EFDD1C08B8&SmsType=2&brandname=Svoucher"}
INFO 2019-09-16 01:19:24 – {"DATE_LOGS":"16/09/2019 01:19:23","INFO_LOGS":"Message result: {\"CodeResult\":\"100\",\"CountRegenerate\":0,\"SMSID\":\"027880aa-aecf-46de-94c5-0d32235d7882249\"}"}
INFO 2019-09-16 01:21:14 – {"DATE_LOGS":"16/09/2019 01:21:05","INFO_LOGS":"Send SMS Message: http://rest.esms.vn/MainService.svc/json/SendMultipleMessage_V4_get?Phone=0962474560&Content=Ma OTP xac thuc reset mat khau la E0866E19, hieu luc 3 phut&ApiKey=3F11E064600D5C3E073FA1B033831B&SecretKey=C8F2CCDA4C9B32CAC4E3EFDD1C08B8&SmsType=2&brandname=Svoucher"}
INFO 2019-09-16 01:21:14 – {"DATE_LOGS":"16/09/2019 01:21:05","INFO_LOGS":"Message result: {\"CodeResult\":\"100\",\"CountRegenerate\":0,\"SMSID\":\"fc57fe4f-59c2-4730-816d-7aa6c01ba73b117\"}"}
INFO 2019-09-16 01:21:24 – {"DATE_LOGS":"16/09/2019 01:21:23","INFO_LOGS":"Send SMS Message: http://rest.esms.vn/MainService.svc/json/SendMultipleMessage_V4_get?Phone=0962474560&Content=7893A119 la mat khau moi cua Ban.&ApiKey=3F11E064600D5C3E073FA1B033831B&SecretKey=C8F2CCDA4C9B32CAC4E3EFDD1C08B8&SmsType=2&brandname=Svoucher"}
INFO 2019-09-16 01:21:24 – {"DATE_LOGS":"16/09/2019 01:21:23","INFO_LOGS":"Message result: {\"CodeResult\":\"100\",\"CountRegenerate\":0,\"SMSID\":\"8357ae32-4bd3-436a-a0cd-704a9eb67129155\"}"}
