INFO 2019-08-18 03:56:21 – {"DATE_LOGS":"18/08/2019 03:56:21","INFO_LOGS":"***** SERVER START *****"}
INFO 2019-08-18 03:56:31 – {"DATE_LOGS":"18/08/2019 03:56:31","INFO_LOGS":"LoginWithToken: 299601ccffd8785b2071702d7173f965,IP ::1"}
INFO 2019-08-18 03:57:56 – {"DATE_LOGS":"18/08/2019 03:57:56","INFO_LOGS":"***** SERVER START *****"}
INFO 2019-08-18 03:58:09 – {"DATE_LOGS":"18/08/2019 03:58:04","INFO_LOGS":"LoginWithToken: 299601ccffd8785b2071702d7173f965,IP ::1"}
INFO 2019-08-18 03:58:48 – {"DATE_LOGS":"18/08/2019 03:58:45","INFO_LOGS":"muathe24h res:{\"RepCode\":278,\"Message\":\"Không t?n t?i ngu?i dùng!\",\"Data\":\"\"}"}
INFO 2019-08-18 04:02:03 – {"DATE_LOGS":"18/08/2019 04:02:03","INFO_LOGS":"***** SERVER START *****"}
INFO 2019-08-18 04:02:13 – {"DATE_LOGS":"18/08/2019 04:02:06","INFO_LOGS":"LoginWithToken: 299601ccffd8785b2071702d7173f965,IP ::1"}
INFO 2019-08-18 04:02:13 – {"DATE_LOGS":"18/08/2019 04:02:06","INFO_LOGS":"LoginWithToken: 299601ccffd8785b2071702d7173f965,IP ::1"}
INFO 2019-08-18 04:22:33 – {"DATE_LOGS":"18/08/2019 04:22:30","INFO_LOGS":"LoginWithToken: 299601ccffd8785b2071702d7173f965,IP ::1"}
INFO 2019-08-18 04:56:00 – {"DATE_LOGS":"18/08/2019 04:56:00","INFO_LOGS":"***** SERVER START *****"}
INFO 2019-08-18 04:56:10 – {"DATE_LOGS":"18/08/2019 04:56:02","INFO_LOGS":"LoginWithToken: 299601ccffd8785b2071702d7173f965,IP ::1"}
INFO 2019-08-18 06:01:54 – {"DATE_LOGS":"18/08/2019 06:01:54","INFO_LOGS":"***** SERVER START *****"}
INFO 2019-08-18 06:02:04 – {"DATE_LOGS":"18/08/2019 06:02:02","INFO_LOGS":"LoginWithToken: 299601ccffd8785b2071702d7173f965,IP ::1"}
INFO 2019-08-18 06:42:19 – {"DATE_LOGS":"18/08/2019 06:42:18","INFO_LOGS":"***** SERVER START *****"}
INFO 2019-08-18 06:42:29 – {"DATE_LOGS":"18/08/2019 06:42:20","INFO_LOGS":"LoginWithToken: 299601ccffd8785b2071702d7173f965,IP ::1"}
INFO 2019-08-18 06:52:59 – {"DATE_LOGS":"18/08/2019 06:52:51","INFO_LOGS":"SendPost: http://local.api_cms/api/v1/GameAccount/ConfigCard\r\nJSON DATA: {\"publickey\":\"AD09E842DDF1B07BF4288C5A86C791B0\",\"serviceID\":0,\"data\":\"wjwF9ic2fhaDboC7DecFYA==\",\"clientIP\":\"::1\",\"sign\":\"01670b08286829dfffd81b5d5bc5f3e0\"}\r\nResponse Data: {\"status\":-9999,\"msg\":\"Procedure or function 'SP_TOOL_CONFIG_CARD' expects parameter '@PayOrderConfig', which was not supplied.\",\"data\":null,\"secreckey\":null}"}
INFO 2019-08-18 06:56:07 – {"DATE_LOGS":"18/08/2019 06:56:07","INFO_LOGS":"***** SERVER START *****"}
INFO 2019-08-18 06:56:17 – {"DATE_LOGS":"18/08/2019 06:56:13","INFO_LOGS":"LoginWithToken: 299601ccffd8785b2071702d7173f965,IP ::1"}
INFO 2019-08-18 06:56:17 – {"DATE_LOGS":"18/08/2019 06:56:13","INFO_LOGS":"LoginWithToken: 299601ccffd8785b2071702d7173f965,IP ::1"}
INFO 2019-08-18 06:56:37 – {"DATE_LOGS":"18/08/2019 06:56:28","INFO_LOGS":"SendPost: http://local.api_cms/api/v1/GameAccount/ConfigCard\r\nJSON DATA: {\"publickey\":\"AD09E842DDF1B07BF4288C5A86C791B0\",\"serviceID\":0,\"data\":\"5fjZTwI5mARAT0jZsp2chOAKBfT5O5BS4uSVQolmISJjXkJ79Wv2Owa2XCYDJLQPrZg3GKfSeKE7N+WGrlSwyuHu44rJg3Cw+y0N/E6Un+3bWxyR87bZAlLRHAE9/P0HBR3NiXi73FhCfCQ/BtiZ7xxKUsIVpj51F1z4KTvQE4FQQIMq8/1pRMlUA4b4zsN2CiINmA8Jm4j65a/aSoNRDA==\",\"clientIP\":\"::1\",\"sign\":\"496c404ea860b7206efd80026d293af9\"}\r\nResponse Data: {\"status\":1,\"msg\":\"C?u hình th? thành công\",\"data\":null,\"secreckey\":null}"}
INFO 2019-08-18 06:57:07 – {"DATE_LOGS":"18/08/2019 06:57:00","INFO_LOGS":"SendPost: http://local.api_cms/api/v1/GameAccount/ConfigCard\r\nJSON DATA: {\"publickey\":\"AD09E842DDF1B07BF4288C5A86C791B0\",\"serviceID\":0,\"data\":\"5fjZTwI5mARAT0jZsp2chOAKBfT5O5BS4uSVQolmISJjXkJ79Wv2Owa2XCYDJLQPrZg3GKfSeKE7N+WGrlSwyuHu44rJg3Cw+y0N/E6Un+0PxX/8pEz4CCN5y1qvSsx6Ub+DGO8Fs0opiMVy0eKwer+BgKTDYejRDZ9shGOZgZ1KpPoVnnBO+8SQsa1SAd+LBdzRwkSQ8zAoCjoSOA1MDg==\",\"clientIP\":\"::1\",\"sign\":\"1039dab894db4c87e1869cbcdb2428d1\"}\r\nResponse Data: {\"status\":1,\"msg\":\"C?u hình th? thành công\",\"data\":null,\"secreckey\":null}"}
INFO 2019-08-18 06:58:27 – {"DATE_LOGS":"18/08/2019 06:58:26","INFO_LOGS":"SendPost: http://local.api_cms/api/v1/GameAccount/ConfigCard\r\nJSON DATA: {\"publickey\":\"AD09E842DDF1B07BF4288C5A86C791B0\",\"serviceID\":0,\"data\":\"5fjZTwI5mARAT0jZsp2chOAKBfT5O5BS4uSVQolmISJjXkJ79Wv2Owa2XCYDJLQPrZg3GKfSeKE7N+WGrlSwyuHu44rJg3Cw+y0N/E6Un+3bWxyR87bZAlLRHAE9/P0HBR3NiXi73FhCfCQ/BtiZ7xxKUsIVpj51F1z4KTvQE4E4zun7HYqquQEPzFAr5fswBA4KLINuAEOdvRDNCYyuiw==\",\"clientIP\":\"::1\",\"sign\":\"df224fbfe3a9744e4213ada2d7a17c4e\"}\r\nResponse Data: {\"status\":1,\"msg\":\"C?u hình th? thành công\",\"data\":null,\"secreckey\":null}"}
INFO 2019-08-18 07:04:37 – {"DATE_LOGS":"18/08/2019 07:04:34","INFO_LOGS":"SendPost: http://local.api_cms/api/v1/GameAccount/ConfigCard\r\nJSON DATA: {\"publickey\":\"AD09E842DDF1B07BF4288C5A86C791B0\",\"serviceID\":0,\"data\":\"5fjZTwI5mARAT0jZsp2chCPOj+4Eot9hNu07p7uM+hbz/L/sJ5L47DTDl7ch3qDF6bl83Xr96rVXWmAb4qVSVBrWygDQjnNew6kQNUFZETJfd2ScfHtCIObw+JCqo4r9Zi01F+I8kdE9A+cEU2hrUyBiC4klvqkhEQTt8Jv5IJUIbcijTaBJVm4+d9TseVHbxTql5s0u1/osfjIqVrYvWw==\",\"clientIP\":\"::1\",\"sign\":\"b3641dfa87dc9eadfe099f5aba755b1d\"}\r\nResponse Data: {\"status\":1,\"msg\":\"C?u hình th? thành công\",\"data\":null,\"secreckey\":null}"}
INFO 2019-08-18 07:04:47 – {"DATE_LOGS":"18/08/2019 07:04:42","INFO_LOGS":"SendPost: http://local.api_cms/api/v1/GameAccount/ConfigCard\r\nJSON DATA: {\"publickey\":\"AD09E842DDF1B07BF4288C5A86C791B0\",\"serviceID\":0,\"data\":\"5fjZTwI5mARAT0jZsp2chCPOj+4Eot9hNu07p7uM+hbz/L/sJ5L47DTDl7ch3qDFDS+TF7W2hBZxjlxYeO+gV472Jv7ad6Jvnw6+DpR5fH/O6QSQRXYgafUNPrGRZpboWxM4q/O1hGg+DV68MyK8gv4qF6mTZkgLf/Dob2rxy1up6kvrvlOCJTzjZ65Pgnp5A03hp+QmiJFXyZceGfMBGA==\",\"clientIP\":\"::1\",\"sign\":\"b4650d2faffe7a71359de460520f2b75\"}\r\nResponse Data: {\"status\":1,\"msg\":\"C?u hình th? thành công\",\"data\":null,\"secreckey\":null}"}
INFO 2019-08-18 07:04:57 – {"DATE_LOGS":"18/08/2019 07:04:49","INFO_LOGS":"SendPost: http://local.api_cms/api/v1/GameAccount/ConfigCard\r\nJSON DATA: {\"publickey\":\"AD09E842DDF1B07BF4288C5A86C791B0\",\"serviceID\":0,\"data\":\"5fjZTwI5mARAT0jZsp2chCPOj+4Eot9hNu07p7uM+hbz/L/sJ5L47DTDl7ch3qDF6bl83Xr96rVXWmAb4qVSVBrWygDQjnNew6kQNUFZETJfd2ScfHtCIObw+JCqo4r91Bfr1RtUU/U08u1HAxzXbxn2NBbnKb4zogfFKHTpUROM3E6fwCn9KvMeKbARG0z14JJg3MPbMuAPo2+Byg0nDw==\",\"clientIP\":\"::1\",\"sign\":\"c8aa1e3338fc393fdf00a2fa3a994f30\"}\r\nResponse Data: {\"status\":1,\"msg\":\"C?u hình th? thành công\",\"data\":null,\"secreckey\":null}"}
INFO 2019-08-18 07:04:57 – {"DATE_LOGS":"18/08/2019 07:04:57","INFO_LOGS":"SendPost: http://local.api_cms/api/v1/GameAccount/ConfigCard\r\nJSON DATA: {\"publickey\":\"AD09E842DDF1B07BF4288C5A86C791B0\",\"serviceID\":0,\"data\":\"5fjZTwI5mARAT0jZsp2chCPOj+4Eot9hNu07p7uM+hbz/L/sJ5L47DTDl7ch3qDF6bl83Xr96rVXWmAb4qVSVM/URiaZeiDnjm+gKfuwE7z/v11WpGRuzJ0BNEfMc/9M9z3fiOZk4PAig9iWspF96K0aRYchBtKrL80ZtajXiGlkbBPe08bSRJaZM30DFlth\",\"clientIP\":\"::1\",\"sign\":\"b61f1aba32e5a7cb2e99746d7b593b02\"}\r\nResponse Data: {\"status\":1,\"msg\":\"C?u hình th? thành công\",\"data\":null,\"secreckey\":null}"}
INFO 2019-08-18 07:05:07 – {"DATE_LOGS":"18/08/2019 07:05:04","INFO_LOGS":"SendPost: http://local.api_cms/api/v1/GameAccount/ConfigCard\r\nJSON DATA: {\"publickey\":\"AD09E842DDF1B07BF4288C5A86C791B0\",\"serviceID\":0,\"data\":\"5fjZTwI5mARAT0jZsp2chCPOj+4Eot9hNu07p7uM+hbz/L/sJ5L47DTDl7ch3qDF6bl83Xr96rVXWmAb4qVSVBrWygDQjnNew6kQNUFZETJschG8pQtcz7IqBe630OAWTIvSCvgPT3i+XgpTqomIQ7RPl948ZbdiQ1z2ElUWdrxUmwxrMiI5Y/KhmiXI8CK+m7bIuzSLkvHFgeZV6vRzXg==\",\"clientIP\":\"::1\",\"sign\":\"e07e6e6bda1eb739fe8d2c0f9229f10d\"}\r\nResponse Data: {\"status\":1,\"msg\":\"C?u hình th? thành công\",\"data\":null,\"secreckey\":null}"}
INFO 2019-08-18 07:05:17 – {"DATE_LOGS":"18/08/2019 07:05:11","INFO_LOGS":"SendPost: http://local.api_cms/api/v1/GameAccount/ConfigCard\r\nJSON DATA: {\"publickey\":\"AD09E842DDF1B07BF4288C5A86C791B0\",\"serviceID\":0,\"data\":\"5fjZTwI5mARAT0jZsp2chCPOj+4Eot9hNu07p7uM+hYiyg5R2f7E88+lvaN7R7tiosyvO1i+2qnM7KgvALH9hk6JJZeZJUxY/NXxFKkEpUTCuzpfNjzcVGSD1E1+umxUQEJKc2ceWfLjoMZGxGP38OZE/IKYuClAFoMSiH3IjKQdmyv4Um9wmt+ucXXmoHzPXZ2UCXW1dFGX3BNx9n3SRw==\",\"clientIP\":\"::1\",\"sign\":\"df30b70d0a550807cc72328ebb7d81e2\"}\r\nResponse Data: {\"status\":1,\"msg\":\"C?u hình th? thành công\",\"data\":null,\"secreckey\":null}"}
INFO 2019-08-18 07:05:27 – {"DATE_LOGS":"18/08/2019 07:05:18","INFO_LOGS":"SendPost: http://local.api_cms/api/v1/GameAccount/ConfigCard\r\nJSON DATA: {\"publickey\":\"AD09E842DDF1B07BF4288C5A86C791B0\",\"serviceID\":0,\"data\":\"5fjZTwI5mARAT0jZsp2chOAKBfT5O5BS4uSVQolmISJjXkJ79Wv2Owa2XCYDJLQPrZg3GKfSeKE7N+WGrlSwyuHu44rJg3Cw+y0N/E6Un+3bWxyR87bZAlLRHAE9/P0HBR3NiXi73FhCfCQ/BtiZ7xxKUsIVpj51F1z4KTvQE4FQQIMq8/1pRMlUA4b4zsN2CiINmA8Jm4j65a/aSoNRDA==\",\"clientIP\":\"::1\",\"sign\":\"496c404ea860b7206efd80026d293af9\"}\r\nResponse Data: {\"status\":1,\"msg\":\"C?u hình th? thành công\",\"data\":null,\"secreckey\":null}"}
INFO 2019-08-18 07:05:27 – {"DATE_LOGS":"18/08/2019 07:05:23","INFO_LOGS":"SendPost: http://local.api_cms/api/v1/GameAccount/ConfigCard\r\nJSON DATA: {\"publickey\":\"AD09E842DDF1B07BF4288C5A86C791B0\",\"serviceID\":0,\"data\":\"5fjZTwI5mARAT0jZsp2chCPOj+4Eot9hNu07p7uM+hbz/L/sJ5L47DTDl7ch3qDF6bl83Xr96rVXWmAb4qVSVBrWygDQjnNew6kQNUFZETJfd2ScfHtCIObw+JCqo4r9Zi01F+I8kdE9A+cEU2hrUyBiC4klvqkhEQTt8Jv5IJWkuX9SFJ6eefSRp4ljrbBtsL8TPxyB1oL7/jqT0C4QAg==\",\"clientIP\":\"::1\",\"sign\":\"fc6fcdc4ec8918a11a1d82688c3e1923\"}\r\nResponse Data: {\"status\":1,\"msg\":\"C?u hình th? thành công\",\"data\":null,\"secreckey\":null}"}
INFO 2019-08-18 07:05:37 – {"DATE_LOGS":"18/08/2019 07:05:33","INFO_LOGS":"SendPost: http://local.api_cms/api/v1/GameAccount/ConfigCard\r\nJSON DATA: {\"publickey\":\"AD09E842DDF1B07BF4288C5A86C791B0\",\"serviceID\":0,\"data\":\"YGqR4EOIW0GOHJ6+1CAzx3+eTj3+hZV2NlR6jJP16aUlUzxpwNzNhnfzxbly8Jwyg7mFTqD6R3yTTCX+yvHpjVLVrncNBRayGiubrCP1ksRQkjolUcGNK67rw3i4bAx2h5qtFLT/4DYvvMiJxOFtsdGMjOEQbZnzu2k3EGu8Bp4N9Qr7AkYcX2LlqYoygS1Y\",\"clientIP\":\"::1\",\"sign\":\"8973bb73533ef028f3153f358724946d\"}\r\nResponse Data: {\"status\":1,\"msg\":\"C?u hình th? thành công\",\"data\":null,\"secreckey\":null}"}
INFO 2019-08-18 07:05:47 – {"DATE_LOGS":"18/08/2019 07:05:40","INFO_LOGS":"SendPost: http://local.api_cms/api/v1/GameAccount/ConfigCard\r\nJSON DATA: {\"publickey\":\"AD09E842DDF1B07BF4288C5A86C791B0\",\"serviceID\":0,\"data\":\"YGqR4EOIW0GOHJ6+1CAzx3+eTj3+hZV2NlR6jJP16aWGSwzWqqYg667pviy6waTZrm5piuQm7+Iizu3VF5GXRLrs4xlD6WqfbeK6Z7mJui71XjdWC1Sz6FmrGfRSQTnHfrZ4WFvGL5rzyistdwYGHFf7MbW7dsVbuV1eUbGMd9iZLVesrFmEBhGLlReW9n0H\",\"clientIP\":\"::1\",\"sign\":\"6abcb303bfe66a3bb80efcdf87fb9543\"}\r\nResponse Data: {\"status\":1,\"msg\":\"C?u hình th? thành công\",\"data\":null,\"secreckey\":null}"}
INFO 2019-08-18 07:29:17 – {"DATE_LOGS":"18/08/2019 07:29:09","INFO_LOGS":"LoginWithToken: 299601ccffd8785b2071702d7173f965,IP ::1"}
INFO 2019-08-18 07:40:29 – {"DATE_LOGS":"18/08/2019 07:40:29","INFO_LOGS":"***** SERVER START *****"}
INFO 2019-08-18 07:40:39 – {"DATE_LOGS":"18/08/2019 07:40:36","INFO_LOGS":"LoginWithToken: 299601ccffd8785b2071702d7173f965,IP ::1"}
INFO 2019-08-18 07:40:39 – {"DATE_LOGS":"18/08/2019 07:40:37","INFO_LOGS":"LoginWithToken: 299601ccffd8785b2071702d7173f965,IP ::1"}
INFO 2019-08-18 08:48:19 – {"DATE_LOGS":"18/08/2019 08:48:18","INFO_LOGS":"***** SERVER START *****"}
INFO 2019-08-18 08:48:39 – {"DATE_LOGS":"18/08/2019 08:48:30","INFO_LOGS":"LoginWithToken: 299601ccffd8785b2071702d7173f965,IP ::1"}
INFO 2019-08-18 08:48:39 – {"DATE_LOGS":"18/08/2019 08:48:30","INFO_LOGS":"LoginWithToken: 299601ccffd8785b2071702d7173f965,IP ::1"}
INFO 2019-08-18 09:26:45 – {"DATE_LOGS":"18/08/2019 09:26:45","INFO_LOGS":"***** SERVER START *****"}
INFO 2019-08-18 09:27:55 – {"DATE_LOGS":"18/08/2019 09:27:54","INFO_LOGS":"LoginWithToken: 299601ccffd8785b2071702d7173f965,IP ::1"}
INFO 2019-08-18 09:28:05 – {"DATE_LOGS":"18/08/2019 09:27:55","INFO_LOGS":"muathe24h res:{\"RepCode\":278,\"Message\":\"Không t?n t?i ngu?i dùng!\",\"Data\":\"\"}"}
INFO 2019-08-18 09:29:45 – {"DATE_LOGS":"18/08/2019 09:29:37","INFO_LOGS":"muathe24h res:{\"RepCode\":278,\"Message\":\"Không t?n t?i ngu?i dùng!\",\"Data\":\"\"}"}
INFO 2019-08-18 10:01:11 – {"DATE_LOGS":"18/08/2019 10:01:11","INFO_LOGS":"***** SERVER START *****"}
INFO 2019-08-18 10:01:21 – {"DATE_LOGS":"18/08/2019 10:01:19","INFO_LOGS":"LoginWithToken: 299601ccffd8785b2071702d7173f965,IP ::1"}
INFO 2019-08-18 10:07:13 – {"DATE_LOGS":"18/08/2019 10:07:13","INFO_LOGS":"***** SERVER START *****"}
INFO 2019-08-18 10:07:23 – {"DATE_LOGS":"18/08/2019 10:07:13","INFO_LOGS":"LoginWithToken: 299601ccffd8785b2071702d7173f965,IP ::1"}
INFO 2019-08-18 10:18:56 – {"DATE_LOGS":"18/08/2019 10:18:56","INFO_LOGS":"***** SERVER START *****"}
INFO 2019-08-18 10:19:06 – {"DATE_LOGS":"18/08/2019 10:18:59","INFO_LOGS":"LoginWithToken: 299601ccffd8785b2071702d7173f965,IP ::1"}
INFO 2019-08-18 10:21:36 – {"DATE_LOGS":"18/08/2019 10:21:33","INFO_LOGS":"SendPost: http://local.api_cms/api/v1/GameAccount/ConfigCard\r\nJSON DATA: {\"publickey\":\"AD09E842DDF1B07BF4288C5A86C791B0\",\"serviceID\":0,\"data\":\"oydW09KMdw7bZbb8/2KVCQNPG4Pd6peMEgSn362pgEY=\",\"clientIP\":\"::1\",\"sign\":\"b277c5caa1448db9b63cdadbe4f1bf3f\"}\r\nResponse Data: {\"status\":-9999,\"msg\":\"Procedure or function 'SP_TOOL_CONFIG_CARD' expects parameter '@ID', which was not supplied.\",\"data\":null,\"secreckey\":null}"}
INFO 2019-08-18 10:22:59 – {"DATE_LOGS":"18/08/2019 10:22:59","INFO_LOGS":"***** SERVER START *****"}
INFO 2019-08-18 10:23:09 – {"DATE_LOGS":"18/08/2019 10:23:02","INFO_LOGS":"LoginWithToken: 299601ccffd8785b2071702d7173f965,IP ::1"}
INFO 2019-08-18 10:23:19 – {"DATE_LOGS":"18/08/2019 10:23:16","INFO_LOGS":"SendPost: http://local.api_cms/api/v1/GameAccount/SetJackpotPrize\r\nJSON DATA: {\"publickey\":\"AD09E842DDF1B07BF4288C5A86C791B0\",\"serviceID\":0,\"data\":\"oydW09KMdw7bZbb8/2KVCQNPG4Pd6peMEgSn362pgEY=\",\"clientIP\":\"::1\",\"sign\":\"b277c5caa1448db9b63cdadbe4f1bf3f\"}\r\nResponse Data: {\"status\":-9999,\"msg\":\"The EXECUTE permission was denied on the object 'SP_AddJackpotWinner', database 'CardGame.MiniPokerDB', schema 'dbo'.\",\"data\":null,\"secreckey\":null}"}
INFO 2019-08-18 10:41:29 – {"DATE_LOGS":"18/08/2019 10:41:26","INFO_LOGS":"SendPost: http://local.api_cms/api/v1/GameAccount/SetJackpotPrize\r\nJSON DATA: {\"publickey\":\"AD09E842DDF1B07BF4288C5A86C791B0\",\"serviceID\":0,\"data\":\"W9hqaadPhKqhUO23L/22qMiKgsf7TXKaC9sb2wXJ3Z4=\",\"clientIP\":\"::1\",\"sign\":\"a5734ed1297b440e9d6cd143cee4a287\"}\r\nResponse Data: {\"status\":1,\"msg\":\"Ð?p hu thành công\",\"data\":null,\"secreckey\":null}"}
INFO 2019-08-18 10:41:59 – {"DATE_LOGS":"18/08/2019 10:41:58","INFO_LOGS":"SendPost: http://local.api_cms/api/v1/GameAccount/SetJackpotPrize\r\nJSON DATA: {\"publickey\":\"AD09E842DDF1B07BF4288C5A86C791B0\",\"serviceID\":0,\"data\":\"e6a1td/poOw/xhOCGgMhcNHG7PyfuM3bM0zPPI+LtXc=\",\"clientIP\":\"::1\",\"sign\":\"cac9cd47d76362093eea24db1c5faa9c\"}\r\nResponse Data: {\"status\":1,\"msg\":\"Ð?p hu thành công\",\"data\":null,\"secreckey\":null}"}
INFO 2019-08-18 10:42:09 – {"DATE_LOGS":"18/08/2019 10:42:08","INFO_LOGS":"SendPost: http://local.api_cms/api/v1/GameAccount/SetJackpotPrize\r\nJSON DATA: {\"publickey\":\"AD09E842DDF1B07BF4288C5A86C791B0\",\"serviceID\":0,\"data\":\"MmAIcdvKOI0iV6knDMB/SAao0P+9t5eW+ksEzgy/sXw=\",\"clientIP\":\"::1\",\"sign\":\"793fe8e98c7301799aaa07d9ed55487d\"}\r\nResponse Data: {\"status\":1,\"msg\":\"Ð?p hu thành công\",\"data\":null,\"secreckey\":null}"}
INFO 2019-08-18 10:42:19 – {"DATE_LOGS":"18/08/2019 10:42:15","INFO_LOGS":"SendPost: http://local.api_cms/api/v1/GameAccount/SetJackpotPrize\r\nJSON DATA: {\"publickey\":\"AD09E842DDF1B07BF4288C5A86C791B0\",\"serviceID\":0,\"data\":\"/BTBXURWqxxtM+g+2q1AOG1YEQKLMdtYsHEHDWGEqIA=\",\"clientIP\":\"::1\",\"sign\":\"100103deb98c5817ccfcb731d7eb0bbd\"}\r\nResponse Data: {\"status\":1,\"msg\":\"Ð?p hu thành công\",\"data\":null,\"secreckey\":null}"}
INFO 2019-08-18 10:50:15 – {"DATE_LOGS":"18/08/2019 10:50:15","INFO_LOGS":"***** SERVER START *****"}
INFO 2019-08-18 10:50:25 – {"DATE_LOGS":"18/08/2019 10:50:23","INFO_LOGS":"LoginWithToken: 299601ccffd8785b2071702d7173f965,IP ::1"}
INFO 2019-08-18 10:55:15 – {"DATE_LOGS":"18/08/2019 10:55:05","INFO_LOGS":"SendPost: http://local.api_cms/api/v1/GameAccount/SetJackpotPrize\r\nJSON DATA: {\"publickey\":\"AD09E842DDF1B07BF4288C5A86C791B0\",\"serviceID\":0,\"data\":\"oydW09KMdw7bZbb8/2KVCQNPG4Pd6peMEgSn362pgEY=\",\"clientIP\":\"::1\",\"sign\":\"b277c5caa1448db9b63cdadbe4f1bf3f\"}\r\nResponse Data: {\"status\":-9999,\"msg\":\"The EXECUTE permission was denied on the object 'SP_AddJackpotWinner', database 'CardGame.MiniPokerDB', schema 'dbo'.\",\"data\":null,\"secreckey\":null}"}
INFO 2019-08-18 11:06:05 – {"DATE_LOGS":"18/08/2019 11:06:03","INFO_LOGS":"SendPost: http://local.api_cms/api/v1/GameAccount/SetJackpotPrize\r\nJSON DATA: {\"publickey\":\"AD09E842DDF1B07BF4288C5A86C791B0\",\"serviceID\":0,\"data\":\"oydW09KMdw7bZbb8/2KVCQNPG4Pd6peMEgSn362pgEY=\",\"clientIP\":\"::1\",\"sign\":\"b277c5caa1448db9b63cdadbe4f1bf3f\"}\r\nResponse Data: {\"status\":1,\"msg\":\"Ð?p hu thành công\",\"data\":null,\"secreckey\":null}"}
INFO 2019-08-18 11:22:55 – {"DATE_LOGS":"18/08/2019 11:22:51","INFO_LOGS":"LoginWithToken: 299601ccffd8785b2071702d7173f965,IP ::1"}
INFO 2019-08-19 10:32:35 – {"DATE_LOGS":"19/08/2019 10:32:34","INFO_LOGS":"LoginWithToken: 299601ccffd8785b2071702d7173f965,IP ::1"}
INFO 2019-08-19 11:02:36 – {"DATE_LOGS":"19/08/2019 11:02:30","INFO_LOGS":"LoginWithToken: 299601ccffd8785b2071702d7173f965,IP ::1"}
INFO 2019-08-19 11:36:06 – {"DATE_LOGS":"19/08/2019 11:35:59","INFO_LOGS":"LoginWithToken: 299601ccffd8785b2071702d7173f965,IP ::1"}
INFO 2019-08-19 11:36:26 – {"DATE_LOGS":"19/08/2019 11:36:23","INFO_LOGS":"SendPost: http://local.api_cms/api/v1/GameAccount/SetJackpotPrize\r\nJSON DATA: {\"publickey\":\"AD09E842DDF1B07BF4288C5A86C791B0\",\"serviceID\":0,\"data\":\"oydW09KMdw7bZbb8/2KVCQNPG4Pd6peMEgSn362pgEY=\",\"clientIP\":\"::1\",\"sign\":\"b277c5caa1448db9b63cdadbe4f1bf3f\"}\r\nResponse Data: {\"status\":1,\"msg\":\"Ð?p hu thành công\",\"data\":null,\"secreckey\":null}"}
INFO 2019-08-19 11:36:56 – {"DATE_LOGS":"19/08/2019 11:36:47","INFO_LOGS":"SendPost: http://local.api_cms/api/v1/GameAccount/SetJackpotPrize\r\nJSON DATA: {\"publickey\":\"AD09E842DDF1B07BF4288C5A86C791B0\",\"serviceID\":0,\"data\":\"oydW09KMdw7bZbb8/2KVCZR79uSJUsqCKaCcw1xJgFU=\",\"clientIP\":\"::1\",\"sign\":\"bef5aec1bc3719599c18bdba4f82e525\"}\r\nResponse Data: {\"status\":1,\"msg\":\"Ð?p hu thành công\",\"data\":null,\"secreckey\":null}"}
INFO 2019-08-20 01:03:56 – {"DATE_LOGS":"20/08/2019 01:03:54","INFO_LOGS":"LoginWithToken: 299601ccffd8785b2071702d7173f965,IP ::1"}
INFO 2019-08-20 01:04:06 – {"DATE_LOGS":"20/08/2019 01:04:03","INFO_LOGS":"SendPost: http://local.api_cms/api/v1/GameAccount/SetJackpotPrize\r\nJSON DATA: {\"publickey\":\"AD09E842DDF1B07BF4288C5A86C791B0\",\"serviceID\":0,\"data\":\"oydW09KMdw7bZbb8/2KVCZR79uSJUsqCKaCcw1xJgFU=\",\"clientIP\":\"::1\",\"sign\":\"bef5aec1bc3719599c18bdba4f82e525\"}\r\nResponse Data: {\"status\":1,\"msg\":\"Ð?p hu thành công\",\"data\":null,\"secreckey\":null}"}
INFO 2019-08-20 01:04:16 – {"DATE_LOGS":"20/08/2019 01:04:09","INFO_LOGS":"SendPost: http://local.api_cms/api/v1/GameAccount/SetJackpotPrize\r\nJSON DATA: {\"publickey\":\"AD09E842DDF1B07BF4288C5A86C791B0\",\"serviceID\":0,\"data\":\"W9hqaadPhKqhUO23L/22qLKyhIApURNcYQB16LH9y98=\",\"clientIP\":\"::1\",\"sign\":\"4bb183a62fa73736678c7baa1572d23c\"}\r\nResponse Data: {\"status\":1,\"msg\":\"Ð?p hu thành công\",\"data\":null,\"secreckey\":null}"}
INFO 2019-08-20 01:04:16 – {"DATE_LOGS":"20/08/2019 01:04:15","INFO_LOGS":"SendPost: http://local.api_cms/api/v1/GameAccount/SetJackpotPrize\r\nJSON DATA: {\"publickey\":\"AD09E842DDF1B07BF4288C5A86C791B0\",\"serviceID\":0,\"data\":\"e6a1td/poOw/xhOCGgMhcJ2jgasbmUppLsyeLFenlwM=\",\"clientIP\":\"::1\",\"sign\":\"cc18760ce8ce7a14f492d21db6a99207\"}\r\nResponse Data: {\"status\":-9999,\"msg\":\"Procedure or function 'SP_AddJackpotWinner' expects parameter '@_AccountName', which was not supplied.\",\"data\":null,\"secreckey\":null}"}
