INFO 2019-08-10 12:41:49 – {"DATE_LOGS":"10/08/2019 12:41:49","INFO_LOGS":"***** SERVER START *****"}
INFO 2019-08-10 12:41:59 – {"DATE_LOGS":"10/08/2019 12:41:53","INFO_LOGS":"LoginWithToken: f34a1ca41867b634661ca6ccb9ff30c5,IP ::1"}
INFO 2019-08-10 12:53:02 – {"DATE_LOGS":"10/08/2019 12:53:01","INFO_LOGS":"***** SERVER START *****"}
INFO 2019-08-10 12:53:12 – {"DATE_LOGS":"10/08/2019 12:53:05","INFO_LOGS":"LoginWithToken: f34a1ca41867b634661ca6ccb9ff30c5,IP ::1"}
INFO 2019-08-10 12:53:22 – {"DATE_LOGS":"10/08/2019 12:53:16","INFO_LOGS":"SendPost: http://local.api_cms/api/v1/GameAccount/UpdateSchemeNotificationGame\r\nJSON DATA: {\"publickey\":\"AD09E842DDF1B07BF4288C5A86C791B0\",\"serviceID\":0,\"data\":\"tX7d+s8VTYJK/HowCiuzUW3UhkN26DNAGdVkqgQAsrTJaLIk23b9dSjc2F8cu7s5USul4/bRPHkVZuCZinqooF+jrjTXoRSJ5thChwDrw3DGV0WWBeLw2liel4+sYGLpZW+DLDJrK6vj6c/k3t8qlUNUBNnkI1MiH0tEyRfA57jvsQWsCPckMdJKPNh3PAIu\",\"clientIP\":\"::1\",\"sign\":\"0898de6d03899bde6a784c74d75fe687\"}\r\nResponse Data: {\"status\":-9999,\"msg\":\"An SqlParameter with ParameterName '@Id' is not contained by this SqlParameterCollection.\",\"data\":null,\"secreckey\":null}"}
INFO 2019-08-10 12:53:42 – {"DATE_LOGS":"10/08/2019 12:53:35","INFO_LOGS":"SendPost: http://local.api_cms/api/v1/GameAccount/UpdateSchemeNotificationGame\r\nJSON DATA: {\"publickey\":\"AD09E842DDF1B07BF4288C5A86C791B0\",\"serviceID\":0,\"data\":\"tX7d+s8VTYJK/HowCiuzUW3UhkN26DNAGdVkqgQAsrTJaLIk23b9dSjc2F8cu7s5USul4/bRPHkVZuCZinqooF+jrjTXoRSJ5thChwDrw3DGV0WWBeLw2liel4+sYGLpZW+DLDJrK6vj6c/k3t8qlUNUBNnkI1MiH0tEyRfA57jvsQWsCPckMdJKPNh3PAIu\",\"clientIP\":\"::1\",\"sign\":\"0898de6d03899bde6a784c74d75fe687\"}\r\nResponse Data: {\"status\":-9999,\"msg\":\"An SqlParameter with ParameterName '@Id' is not contained by this SqlParameterCollection.\",\"data\":null,\"secreckey\":null}"}
INFO 2019-08-10 12:55:52 – {"DATE_LOGS":"10/08/2019 12:55:46","INFO_LOGS":"SendPost: http://local.api_cms/api/v1/GameAccount/UpdateSchemeNotificationGame\r\nJSON DATA: {\"publickey\":\"AD09E842DDF1B07BF4288C5A86C791B0\",\"serviceID\":0,\"data\":\"tX7d+s8VTYJK/HowCiuzUW3UhkN26DNAGdVkqgQAsrTJaLIk23b9dSjc2F8cu7s5USul4/bRPHkVZuCZinqooF+jrjTXoRSJ5thChwDrw3DGV0WWBeLw2liel4+sYGLpdEUB4j1i7x/Su+/5mb96ZhXi+k0aOYR2TuJIGYeezy8=\",\"clientIP\":\"::1\",\"sign\":\"8c408054e785fc58726e22587e604769\"}\r\nResponse Data: {\"status\":1,\"msg\":\"C?p nh?t thông báo game thành công\",\"data\":null,\"secreckey\":null}"}
INFO 2019-08-10 10:35:51 – {"DATE_LOGS":"10/08/2019 10:35:51","INFO_LOGS":"***** SERVER START *****"}
INFO 2019-08-10 10:36:11 – {"DATE_LOGS":"10/08/2019 10:36:10","INFO_LOGS":"LoginWithToken: f34a1ca41867b634661ca6ccb9ff30c5,IP ::1"}
INFO 2019-08-10 10:37:39 – {"DATE_LOGS":"10/08/2019 10:37:38","INFO_LOGS":"***** SERVER START *****"}
INFO 2019-08-10 10:38:27 – {"DATE_LOGS":"10/08/2019 10:38:17","INFO_LOGS":"LoginWithToken: f34a1ca41867b634661ca6ccb9ff30c5,IP ::1"}
INFO 2019-08-10 10:39:20 – {"DATE_LOGS":"10/08/2019 10:39:19","INFO_LOGS":"***** SERVER START *****"}
INFO 2019-08-10 10:39:30 – {"DATE_LOGS":"10/08/2019 10:39:21","INFO_LOGS":"LoginWithToken: f34a1ca41867b634661ca6ccb9ff30c5,IP ::1"}
INFO 2019-08-10 10:43:40 – {"DATE_LOGS":"10/08/2019 10:43:37","INFO_LOGS":"SendPost: http://local.api_cms/api/v1/GameAccount/DeleteSchemeNotificationGame\r\nJSON DATA: {\"publickey\":\"AD09E842DDF1B07BF4288C5A86C791B0\",\"serviceID\":0,\"data\":\"vqh3whEADHz0cpV6yGR1rw==\",\"clientIP\":\"::1\",\"sign\":\"60680790da7df49ef8908ff3f0960dcc\"}\r\nResponse Data: {\"status\":-9999,\"msg\":\"Arithmetic overflow error for data type tinyint, value = -1.\\r\\nCannot insert the value NULL into column 'Status', table 'GamePortal.dbo.Tbl_SchemeNotification'; column does not allow nulls. UPDATE fails.\\r\\nThe statement has been terminated.\",\"data\":null,\"secreckey\":null}"}
INFO 2019-08-10 10:46:20 – {"DATE_LOGS":"10/08/2019 10:46:15","INFO_LOGS":"SendPost: http://local.api_cms/api/v1/GameAccount/DeleteSchemeNotificationGame\r\nJSON DATA: {\"publickey\":\"AD09E842DDF1B07BF4288C5A86C791B0\",\"serviceID\":0,\"data\":\"vqh3whEADHz0cpV6yGR1rw==\",\"clientIP\":\"::1\",\"sign\":\"60680790da7df49ef8908ff3f0960dcc\"}\r\nResponse Data: {\"status\":1,\"msg\":\"Xóa thông báo game thành công\",\"data\":null,\"secreckey\":null}"}
INFO 2019-08-10 10:49:41 – {"DATE_LOGS":"10/08/2019 10:49:32","INFO_LOGS":"SendPost: http://local.api_cms/api/v1/GameAccount/CreateSchemeNotificationGame\r\nJSON DATA: {\"publickey\":\"AD09E842DDF1B07BF4288C5A86C791B0\",\"serviceID\":0,\"data\":\"R2PwrssfDOSwjGutVT36j+A6eS4IIuF/+SUQ9PAjqOT34X0Wk1e0lkSd3r6xEenWIDo8tCRKGUdDq4sYyOlKxbQ5peB0boYhpYpqrcG/ecj9jXCkBqrQfFxpNmCndMZBO+DGkIqJJEv7GW7Q21jyWB6cTcVXHCcwp6pg8RlpY4s=\",\"clientIP\":\"::1\",\"sign\":\"7203ae2d4b46d798dfe0263e88c2a7bb\"}\r\nResponse Data: {\"status\":1,\"msg\":\"T?o thông báo game thành công\",\"data\":null,\"secreckey\":null}"}
INFO 2019-08-10 11:54:25 – {"DATE_LOGS":"10/08/2019 11:54:17","INFO_LOGS":"LoginWithToken: f34a1ca41867b634661ca6ccb9ff30c5,IP ::1"}
INFO 2019-08-10 12:21:26 – {"DATE_LOGS":"10/08/2019 12:21:25","INFO_LOGS":"***** SERVER START *****"}
INFO 2019-08-10 12:21:46 – {"DATE_LOGS":"10/08/2019 12:21:38","INFO_LOGS":"LoginWithToken: f34a1ca41867b634661ca6ccb9ff30c5,IP ::1"}
INFO 2019-08-10 12:29:06 – {"DATE_LOGS":"10/08/2019 12:29:03","INFO_LOGS":"SendPost: http://local.api_cms/api/v1/GameAccount/UpdateSchemeNotificationGame\r\nJSON DATA: {\"publickey\":\"AD09E842DDF1B07BF4288C5A86C791B0\",\"serviceID\":0,\"data\":\"ZuZ3dg8dgstq8Gtl6hn66h5R8YZIoPQz0GJ5indyPRZegVb0CqPnhXx5YIm9UyCuOd1vP3PVt0NTKNdF95ePrmUQ2MJhUV+QpJKdcv5XogtDLkbr+0PpmEyGHWHWhutdkgD+DAdlOFy37DH2j7kzBLCZCn0lmwC2MUKM0D7tJOGxFqr0tMhIIF4s1YJH+rD5\",\"clientIP\":\"::1\",\"sign\":\"36852e4f9e8f6d98a21b4aa96df5394c\"}\r\nResponse Data: {\"status\":1,\"msg\":\"C?p nh?t thông báo game thành công\",\"data\":null,\"secreckey\":null}"}
INFO 2019-08-10 12:40:36 – {"DATE_LOGS":"10/08/2019 12:40:32","INFO_LOGS":"SendPost: http://local.api_cms/api/v1/GameAccount/CreateSchemeNotificationGame\r\nJSON DATA: {\"publickey\":\"AD09E842DDF1B07BF4288C5A86C791B0\",\"serviceID\":0,\"data\":\"R2PwrssfDOSwjGutVT36j+A6eS4IIuF/+SUQ9PAjqOSqWVp0gNXNeBZUvnTclmvb+3aiw+S6RaM8Zj0U4znauz73Ny1g87J36GO9FJ3LeI2VbQoqZ8pDorp0ymb6eLuNQI/Rp6IYqZbdaOvYDbiUbuqqA9+1nq9x31VFEUNOqZM=\",\"clientIP\":\"::1\",\"sign\":\"0d956a95ad21f6d398e4a8a233bdeabf\"}\r\nResponse Data: {\"status\":1,\"msg\":\"T?o thông báo game thành công\",\"data\":null,\"secreckey\":null}"}
INFO 2019-08-10 12:40:46 – {"DATE_LOGS":"10/08/2019 12:40:42","INFO_LOGS":"SendPost: http://local.api_cms/api/v1/GameAccount/DeleteSchemeNotificationGame\r\nJSON DATA: {\"publickey\":\"AD09E842DDF1B07BF4288C5A86C791B0\",\"serviceID\":0,\"data\":\"vFY2G5yadM5aq3IbgRemYg==\",\"clientIP\":\"::1\",\"sign\":\"5ca24bd0af9b30db9a35f635d6281114\"}\r\nResponse Data: {\"status\":1,\"msg\":\"Xóa thông báo game thành công\",\"data\":null,\"secreckey\":null}"}
INFO 2019-08-10 12:40:46 – {"DATE_LOGS":"10/08/2019 12:40:45","INFO_LOGS":"SendPost: http://local.api_cms/api/v1/GameAccount/DeleteSchemeNotificationGame\r\nJSON DATA: {\"publickey\":\"AD09E842DDF1B07BF4288C5A86C791B0\",\"serviceID\":0,\"data\":\"QUmtQdZ5nauVK8WfwzR6fg==\",\"clientIP\":\"::1\",\"sign\":\"3250e8a9bd44d455b0e3edd6a087e7b4\"}\r\nResponse Data: {\"status\":1,\"msg\":\"Xóa thông báo game thành công\",\"data\":null,\"secreckey\":null}"}
INFO 2019-08-10 01:19:56 – {"DATE_LOGS":"10/08/2019 01:19:50","INFO_LOGS":"LoginWithToken: f34a1ca41867b634661ca6ccb9ff30c5,IP ::1"}
INFO 2019-08-10 01:40:30 – {"DATE_LOGS":"10/08/2019 01:40:29","INFO_LOGS":"***** SERVER START *****"}
INFO 2019-08-10 01:40:50 – {"DATE_LOGS":"10/08/2019 01:40:47","INFO_LOGS":"LoginWithToken: f34a1ca41867b634661ca6ccb9ff30c5,IP ::1"}
INFO 2019-08-10 01:40:50 – {"DATE_LOGS":"10/08/2019 01:40:47","INFO_LOGS":"LoginWithToken: f34a1ca41867b634661ca6ccb9ff30c5,IP ::1"}
INFO 2019-08-10 05:18:59 – {"DATE_LOGS":"10/08/2019 05:18:59","INFO_LOGS":"***** SERVER START *****"}
INFO 2019-08-10 05:19:19 – {"DATE_LOGS":"10/08/2019 05:19:13","INFO_LOGS":"LoginWithToken: f34a1ca41867b634661ca6ccb9ff30c5,IP ::1"}
INFO 2019-08-10 05:19:19 – {"DATE_LOGS":"10/08/2019 05:19:13","INFO_LOGS":"LoginWithToken: f34a1ca41867b634661ca6ccb9ff30c5,IP ::1"}
INFO 2019-08-10 05:21:03 – {"DATE_LOGS":"10/08/2019 05:21:03","INFO_LOGS":"***** SERVER START *****"}
INFO 2019-08-10 05:21:13 – {"DATE_LOGS":"10/08/2019 05:21:12","INFO_LOGS":"LoginWithToken: f34a1ca41867b634661ca6ccb9ff30c5,IP ::1"}
INFO 2019-08-10 06:45:39 – {"DATE_LOGS":"10/08/2019 06:45:38","INFO_LOGS":"***** SERVER START *****"}
INFO 2019-08-10 06:45:49 – {"DATE_LOGS":"10/08/2019 06:45:43","INFO_LOGS":"LoginWithToken: f34a1ca41867b634661ca6ccb9ff30c5,IP ::1"}
INFO 2019-08-10 06:49:19 – {"DATE_LOGS":"10/08/2019 06:49:15","INFO_LOGS":"SendPost: http://local.api_cms/api/v1/GameAccount/UpdateEventGiftCode\r\nJSON DATA: {\"publickey\":\"AD09E842DDF1B07BF4288C5A86C791B0\",\"serviceID\":0,\"data\":\"OF/69J3CDlLP7IP22Z4udg==\",\"clientIP\":\"::1\",\"sign\":\"12eefad9e43ec81c5d908d90564906b4\"}\r\nResponse Data: {\"status\":-9999,\"msg\":\"SqlDateTime overflow. Must be between 1/1/1753 12:00:00 AM and 12/31/9999 11:59:59 PM.\",\"data\":null,\"secreckey\":null}"}
INFO 2019-08-10 06:50:29 – {"DATE_LOGS":"10/08/2019 06:50:28","INFO_LOGS":"***** SERVER START *****"}
INFO 2019-08-10 06:50:39 – {"DATE_LOGS":"10/08/2019 06:50:30","INFO_LOGS":"LoginWithToken: f34a1ca41867b634661ca6ccb9ff30c5,IP ::1"}
INFO 2019-08-10 06:50:49 – {"DATE_LOGS":"10/08/2019 06:50:42","INFO_LOGS":"SendPost: http://local.api_cms/api/v1/GameAccount/DeleteEventGiftCode\r\nJSON DATA: {\"publickey\":\"AD09E842DDF1B07BF4288C5A86C791B0\",\"serviceID\":0,\"data\":\"OF/69J3CDlLP7IP22Z4udg==\",\"clientIP\":\"::1\",\"sign\":\"12eefad9e43ec81c5d908d90564906b4\"}\r\nResponse Data: {\"status\":-9999,\"msg\":\"SqlDateTime overflow. Must be between 1/1/1753 12:00:00 AM and 12/31/9999 11:59:59 PM.\",\"data\":null,\"secreckey\":null}"}
INFO 2019-08-10 06:51:39 – {"DATE_LOGS":"10/08/2019 06:51:29","INFO_LOGS":"SendPost: http://local.api_cms/api/v1/GameAccount/DeleteEventGiftCode\r\nJSON DATA: {\"publickey\":\"AD09E842DDF1B07BF4288C5A86C791B0\",\"serviceID\":0,\"data\":\"OF/69J3CDlLP7IP22Z4udg==\",\"clientIP\":\"::1\",\"sign\":\"12eefad9e43ec81c5d908d90564906b4\"}\r\nResponse Data: {\"status\":-9999,\"msg\":\"SqlDateTime overflow. Must be between 1/1/1753 12:00:00 AM and 12/31/9999 11:59:59 PM.\",\"data\":null,\"secreckey\":null}"}
INFO 2019-08-10 06:53:39 – {"DATE_LOGS":"10/08/2019 06:53:36","INFO_LOGS":"SendPost: http://local.api_cms/api/v1/GameAccount/DeleteEventGiftCode\r\nJSON DATA: {\"publickey\":\"AD09E842DDF1B07BF4288C5A86C791B0\",\"serviceID\":0,\"data\":\"OF/69J3CDlLP7IP22Z4udg==\",\"clientIP\":\"::1\",\"sign\":\"12eefad9e43ec81c5d908d90564906b4\"}\r\nResponse Data: {\"status\":-9999,\"msg\":\"Could not find stored procedure 'DELETE_EVENT_GIFTCODE'.\",\"data\":null,\"secreckey\":null}"}
INFO 2019-08-10 06:58:39 – {"DATE_LOGS":"10/08/2019 06:58:33","INFO_LOGS":"SendPost: http://local.api_cms/api/v1/GameAccount/DeleteEventGiftCode\r\nJSON DATA: {\"publickey\":\"AD09E842DDF1B07BF4288C5A86C791B0\",\"serviceID\":0,\"data\":\"OF/69J3CDlLP7IP22Z4udg==\",\"clientIP\":\"::1\",\"sign\":\"12eefad9e43ec81c5d908d90564906b4\"}\r\nResponse Data: {\"status\":1,\"msg\":\"Xóa giftcode thành công\",\"data\":null,\"secreckey\":null}"}
INFO 2019-08-10 06:58:59 – {"DATE_LOGS":"10/08/2019 06:58:56","INFO_LOGS":"SendPost: http://local.api_cms/api/v1/GameAccount/DeleteEventGiftCode\r\nJSON DATA: {\"publickey\":\"AD09E842DDF1B07BF4288C5A86C791B0\",\"serviceID\":0,\"data\":\"OF/69J3CDlLP7IP22Z4udg==\",\"clientIP\":\"::1\",\"sign\":\"12eefad9e43ec81c5d908d90564906b4\"}\r\nResponse Data: {\"status\":1,\"msg\":\"Xóa giftcode thành công\",\"data\":null,\"secreckey\":null}"}
INFO 2019-08-10 07:08:39 – {"DATE_LOGS":"10/08/2019 07:08:34","INFO_LOGS":"SendPost: http://local.api_cms/api/v1/GameAccount/DeleteEventGiftCode\r\nJSON DATA: {\"publickey\":\"AD09E842DDF1B07BF4288C5A86C791B0\",\"serviceID\":0,\"data\":\"OF/69J3CDlLP7IP22Z4udg==\",\"clientIP\":\"::1\",\"sign\":\"12eefad9e43ec81c5d908d90564906b4\"}\r\nResponse Data: {\"status\":1,\"msg\":\"Xóa giftcode thành công\",\"data\":null,\"secreckey\":null}"}
INFO 2019-08-10 07:09:19 – {"DATE_LOGS":"10/08/2019 07:09:19","INFO_LOGS":"SendPost: http://local.api_cms/api/v1/GameAccount/DeleteEventGiftCode\r\nJSON DATA: {\"publickey\":\"AD09E842DDF1B07BF4288C5A86C791B0\",\"serviceID\":0,\"data\":\"OF/69J3CDlLP7IP22Z4udg==\",\"clientIP\":\"::1\",\"sign\":\"12eefad9e43ec81c5d908d90564906b4\"}\r\nResponse Data: {\"status\":1,\"msg\":\"Xóa giftcode thành công\",\"data\":null,\"secreckey\":null}"}
INFO 2019-08-10 07:41:04 – {"DATE_LOGS":"10/08/2019 07:41:04","INFO_LOGS":"***** SERVER START *****"}
INFO 2019-08-10 07:41:14 – {"DATE_LOGS":"10/08/2019 07:41:12","INFO_LOGS":"LoginWithToken: f34a1ca41867b634661ca6ccb9ff30c5,IP ::1"}
INFO 2019-08-10 08:15:56 – {"DATE_LOGS":"10/08/2019 08:15:56","INFO_LOGS":"***** SERVER START *****"}
INFO 2019-08-10 08:16:06 – {"DATE_LOGS":"10/08/2019 08:15:57","INFO_LOGS":"LoginWithToken: f34a1ca41867b634661ca6ccb9ff30c5,IP ::1"}
INFO 2019-08-10 08:16:06 – {"DATE_LOGS":"10/08/2019 08:15:59","INFO_LOGS":"SendPost: http://local.api_cms/api/v1/GameAccount/CreateEventGiftCode\r\nJSON DATA: {\"publickey\":\"AD09E842DDF1B07BF4288C5A86C791B0\",\"serviceID\":0,\"data\":\"s6/jMnnQCF78X8i9Z+nK4/vQJE4thKXaNfX/FcCheME+3FDhrq+HZ+gVnynk2fG67kWNFR6RIZWSfLQHEQObVhy5xkEdqf8zqT80fcTA3PVeWMA+ssw4CYooR4RlSEuUlgPgzpsxH8TB0cM1lexUCX3QPus4vhaqfpnReZLFcew=\",\"clientIP\":\"::1\",\"sign\":\"ccb852707d043d80d24a407b80585bcb\"}\r\nResponse Data: {\"status\":-9999,\"msg\":\"The EXECUTE permission was denied on the object 'SP_TOOL_CREATE_EVENT_GIFTCODE', database 'GamePortal', schema 'dbo'.\",\"data\":null,\"secreckey\":null}"}
INFO 2019-08-10 08:17:26 – {"DATE_LOGS":"10/08/2019 08:17:22","INFO_LOGS":"SendPost: http://local.api_cms/api/v1/GameAccount/CreateEventGiftCode\r\nJSON DATA: {\"publickey\":\"AD09E842DDF1B07BF4288C5A86C791B0\",\"serviceID\":0,\"data\":\"s6/jMnnQCF78X8i9Z+nK4/vQJE4thKXaNfX/FcCheME+3FDhrq+HZ+gVnynk2fG67kWNFR6RIZWSfLQHEQObVhy5xkEdqf8zqT80fcTA3PVeWMA+ssw4CYooR4RlSEuUlgPgzpsxH8TB0cM1lexUCX3QPus4vhaqfpnReZLFcew=\",\"clientIP\":\"::1\",\"sign\":\"ccb852707d043d80d24a407b80585bcb\"}\r\nResponse Data: {\"status\":1,\"msg\":\"Thêm thành công\",\"data\":null,\"secreckey\":null}"}
INFO 2019-08-10 09:20:56 – {"DATE_LOGS":"10/08/2019 09:20:52","INFO_LOGS":"LoginWithToken: f34a1ca41867b634661ca6ccb9ff30c5,IP ::1"}
INFO 2019-08-10 09:26:26 – {"DATE_LOGS":"10/08/2019 09:26:26","INFO_LOGS":"***** SERVER START *****"}
INFO 2019-08-10 09:26:36 – {"DATE_LOGS":"10/08/2019 09:26:29","INFO_LOGS":"LoginWithToken: f34a1ca41867b634661ca6ccb9ff30c5,IP ::1"}
INFO 2019-08-10 09:33:56 – {"DATE_LOGS":"10/08/2019 09:33:47","INFO_LOGS":"SendPost: http://local.api_cms/api/v1/GameAccount/UpdateEventGiftCode\r\nJSON DATA: {\"publickey\":\"AD09E842DDF1B07BF4288C5A86C791B0\",\"serviceID\":0,\"data\":\"VuS+i4L+eoXA5EY13EtXekecHlE28oJCJp2A8wvBSgQ0CzuoPq+ytUcwXPBrC+hf\",\"clientIP\":\"::1\",\"sign\":\"7cae8dc58a2fd4f800e1fc81149643fb\"}\r\nResponse Data: {\"status\":1,\"msg\":\"Xóa giftcode thành công\",\"data\":null,\"secreckey\":null}"}
INFO 2019-08-10 09:35:28 – {"DATE_LOGS":"10/08/2019 09:35:28","INFO_LOGS":"***** SERVER START *****"}
INFO 2019-08-10 09:35:48 – {"DATE_LOGS":"10/08/2019 09:35:41","INFO_LOGS":"LoginWithToken: f34a1ca41867b634661ca6ccb9ff30c5,IP ::1"}
INFO 2019-08-10 09:35:58 – {"DATE_LOGS":"10/08/2019 09:35:56","INFO_LOGS":"SendPost: http://local.api_cms/api/v1/GameAccount/UpdateEventGiftCode\r\nJSON DATA: {\"publickey\":\"AD09E842DDF1B07BF4288C5A86C791B0\",\"serviceID\":0,\"data\":\"VuS+i4L+eoXA5EY13EtXepQHJbG7yKo1cf+CCi54UdH2ITK7f6O152o2sX48igVm\",\"clientIP\":\"::1\",\"sign\":\"5d8708f95952a1294c845af9538769ea\"}\r\nResponse Data: {\"status\":1,\"msg\":\"Xóa giftcode thành công\",\"data\":null,\"secreckey\":null}"}
INFO 2019-08-10 09:39:08 – {"DATE_LOGS":"10/08/2019 09:39:02","INFO_LOGS":"SendPost: http://local.api_cms/api/v1/GameAccount/UpdateEventGiftCode\r\nJSON DATA: {\"publickey\":\"AD09E842DDF1B07BF4288C5A86C791B0\",\"serviceID\":0,\"data\":\"VuS+i4L+eoXA5EY13EtXeu8tKLxa2SXRFEbIpSPRN/TRZ5EorZlCWlrwH38wKrgm\",\"clientIP\":\"::1\",\"sign\":\"570126646e399ebe757f199e58aa0840\"}\r\nResponse Data: {\"status\":1,\"msg\":\"Xóa giftcode thành công\",\"data\":null,\"secreckey\":null}"}
INFO 2019-08-10 09:40:08 – {"DATE_LOGS":"10/08/2019 09:40:05","INFO_LOGS":"SendPost: http://local.api_cms/api/v1/GameAccount/UpdateEventGiftCode\r\nJSON DATA: {\"publickey\":\"AD09E842DDF1B07BF4288C5A86C791B0\",\"serviceID\":0,\"data\":\"VuS+i4L+eoXA5EY13EtXetqF/A2h8ij2076iDxzExTNLHuUqDQVbUd5k0GBjvBKB\",\"clientIP\":\"::1\",\"sign\":\"88af2a82328626b0ffca2e69b241d3d0\"}\r\nResponse Data: {\"status\":1,\"msg\":\"Xóa giftcode thành công\",\"data\":null,\"secreckey\":null}"}
INFO 2019-08-10 09:42:58 – {"DATE_LOGS":"10/08/2019 09:42:57","INFO_LOGS":"SendPost: http://local.api_cms/api/v1/GameAccount/UpdateEventGiftCode\r\nJSON DATA: {\"publickey\":\"AD09E842DDF1B07BF4288C5A86C791B0\",\"serviceID\":0,\"data\":\"JxIzCdLiAGgf5KHGAgrI+jVYyCiGg5oYCxKM/noI0Xdh/Ccy3ysLN1pZlx2Oltnl\",\"clientIP\":\"::1\",\"sign\":\"8193948aa8ac5a6f3ea011f912b32ff0\"}\r\nResponse Data: {\"status\":1,\"msg\":\"Update giftcode thành công\",\"data\":null,\"secreckey\":null}"}
INFO 2019-08-10 09:43:18 – {"DATE_LOGS":"10/08/2019 09:43:12","INFO_LOGS":"SendPost: http://local.api_cms/api/v1/GameAccount/UpdateEventGiftCode\r\nJSON DATA: {\"publickey\":\"AD09E842DDF1B07BF4288C5A86C791B0\",\"serviceID\":0,\"data\":\"VuS+i4L+eoXA5EY13EtXekecHlE28oJCJp2A8wvBSgQ0CzuoPq+ytUcwXPBrC+hf\",\"clientIP\":\"::1\",\"sign\":\"7cae8dc58a2fd4f800e1fc81149643fb\"}\r\nResponse Data: {\"status\":1,\"msg\":\"Update giftcode thành công\",\"data\":null,\"secreckey\":null}"}
INFO 2019-08-10 09:44:08 – {"DATE_LOGS":"10/08/2019 09:44:07","INFO_LOGS":"SendPost: http://local.api_cms/api/v1/GameAccount/UpdateEventGiftCode\r\nJSON DATA: {\"publickey\":\"AD09E842DDF1B07BF4288C5A86C791B0\",\"serviceID\":0,\"data\":\"JxIzCdLiAGgf5KHGAgrI+t6O3DyACNf7C3ry/xSga/HRkzt4MSutL/0HmbNVYoZT\",\"clientIP\":\"::1\",\"sign\":\"38fcbad44c1d6f99080052c599e6dd14\"}\r\nResponse Data: {\"status\":1,\"msg\":\"Update giftcode thành công\",\"data\":null,\"secreckey\":null}"}
INFO 2019-08-10 09:46:18 – {"DATE_LOGS":"10/08/2019 09:46:09","INFO_LOGS":"SendPost: http://local.api_cms/api/v1/GameAccount/UpdateEventGiftCode\r\nJSON DATA: {\"publickey\":\"AD09E842DDF1B07BF4288C5A86C791B0\",\"serviceID\":0,\"data\":\"VuS+i4L+eoXA5EY13EtXekecHlE28oJCJp2A8wvBSgQ0CzuoPq+ytUcwXPBrC+hf\",\"clientIP\":\"::1\",\"sign\":\"7cae8dc58a2fd4f800e1fc81149643fb\"}\r\nResponse Data: {\"status\":1,\"msg\":\"Update giftcode thành công\",\"data\":null,\"secreckey\":null}"}
INFO 2019-08-10 10:12:20 – {"DATE_LOGS":"10/08/2019 10:12:19","INFO_LOGS":"***** SERVER START *****"}
INFO 2019-08-10 10:12:40 – {"DATE_LOGS":"10/08/2019 10:12:34","INFO_LOGS":"LoginWithToken: f34a1ca41867b634661ca6ccb9ff30c5,IP ::1"}
INFO 2019-08-10 10:44:10 – {"DATE_LOGS":"10/08/2019 10:44:05","INFO_LOGS":"LoginWithToken: f34a1ca41867b634661ca6ccb9ff30c5,IP ::1"}
INFO 2019-08-11 09:17:43 – {"DATE_LOGS":"11/08/2019 09:17:36","INFO_LOGS":"LoginWithToken: f34a1ca41867b634661ca6ccb9ff30c5,IP ::1"}
